14:44:22:808	Application Starting
14:45:30:640	Upload Task starting
14:45:30:645	Data File: C:\Users\tylerc\Documents\Visual Studio 2013\Projects\PM_SimulatorLight\bin\Debug\Data/aircraftdemo_input_v4.csv
14:45:33:741	Upload Task event uploaded for counter1
14:45:36:952	Upload Task event uploaded for counter2
14:45:38:022	Upload Task event uploaded for counter1
14:45:39:092	Upload Task event uploaded for counter2
14:45:40:166	Upload Task event uploaded for counter34
14:45:41:234	Upload Task event uploaded for counter1
14:45:42:311	Upload Task event uploaded for counter2
14:45:43:379	Upload Task event uploaded for counter34
14:45:44:473	Upload Task event uploaded for counter95
14:45:45:540	Upload Task event uploaded for counter1
14:45:46:612	Upload Task event uploaded for counter2
14:45:47:679	Upload Task event uploaded for counter4
14:45:48:747	Upload Task event uploaded for counter34
14:45:49:812	Upload Task event uploaded for counter51
14:45:50:874	Upload Task event uploaded for counter55
14:45:51:967	Upload Task event uploaded for counter95
14:45:53:042	Upload Task event uploaded for counter1
14:45:54:114	Upload Task event uploaded for counter2
14:45:55:178	Upload Task event uploaded for counter4
14:45:56:253	Upload Task event uploaded for counter34
14:45:57:323	Upload Task event uploaded for counter45
14:45:58:392	Upload Task event uploaded for counter51
14:45:59:456	Upload Task event uploaded for counter55
14:46:00:521	Upload Task event uploaded for counter93
14:46:01:585	Upload Task event uploaded for counter94
14:46:02:651	Upload Task event uploaded for counter95
14:46:03:721	Upload Task event uploaded for counter1
14:46:04:813	Upload Task event uploaded for counter2
14:46:05:878	Upload Task event uploaded for counter4
14:46:07:752	Upload Task event uploaded for counter34
14:46:08:826	Upload Task event uploaded for counter45
14:46:10:221	Upload Task event uploaded for counter51
14:46:11:277	Upload Task event uploaded for counter55
14:46:12:334	Upload Task event uploaded for counter93
14:46:13:399	Upload Task event uploaded for counter94
14:46:14:479	Upload Task event uploaded for counter95
14:46:15:549	Upload Task event uploaded for counter1
14:46:16:615	Upload Task event uploaded for counter2
14:46:17:679	Upload Task event uploaded for counter4
14:46:18:744	Upload Task event uploaded for counter34
14:46:19:812	Upload Task event uploaded for counter45
14:46:20:879	Upload Task event uploaded for counter51
14:46:21:946	Upload Task event uploaded for counter55
14:46:23:012	Upload Task event uploaded for counter93
14:46:24:078	Upload Task event uploaded for counter94
14:46:25:157	Upload Task event uploaded for counter95
14:46:26:228	Upload Task event uploaded for counter1
14:46:27:294	Upload Task event uploaded for counter2
14:46:28:366	Upload Task event uploaded for counter4
14:46:29:433	Upload Task event uploaded for counter23
14:46:30:502	Upload Task event uploaded for counter34
14:46:31:573	Upload Task event uploaded for counter41
14:46:32:642	Upload Task event uploaded for counter45
14:46:33:744	Upload Task event uploaded for counter51
14:46:34:825	Upload Task event uploaded for counter55
14:46:35:890	Upload Task event uploaded for counter62
14:46:36:958	Upload Task event uploaded for counter93
14:46:38:047	Upload Task event uploaded for counter94
14:46:39:111	Upload Task event uploaded for counter95
14:46:40:178	Upload Task event uploaded for counter1
14:46:41:252	Upload Task event uploaded for counter2
14:46:42:322	Upload Task event uploaded for counter4
14:46:43:400	Upload Task event uploaded for counter23
14:46:44:485	Upload Task event uploaded for counter34
14:46:45:558	Upload Task event uploaded for counter41
14:46:46:626	Upload Task event uploaded for counter45
14:46:47:690	Upload Task event uploaded for counter51
14:46:48:760	Upload Task event uploaded for counter55
14:46:49:831	Upload Task event uploaded for counter62
14:46:50:900	Upload Task event uploaded for counter79
14:46:51:964	Upload Task event uploaded for counter93
14:46:53:030	Upload Task event uploaded for counter94
14:46:54:096	Upload Task event uploaded for counter95
14:46:55:162	Upload Task event uploaded for counter1
14:46:56:227	Upload Task event uploaded for counter2
14:46:57:294	Upload Task event uploaded for counter4
14:46:58:360	Upload Task event uploaded for counter23
14:46:59:435	Upload Task event uploaded for counter34
14:47:00:505	Upload Task event uploaded for counter41
14:47:01:573	Upload Task event uploaded for counter45
14:47:02:640	Upload Task event uploaded for counter51
14:47:03:720	Upload Task event uploaded for counter55
14:47:04:783	Upload Task event uploaded for counter62
14:47:05:851	Upload Task event uploaded for counter79
14:47:06:915	Upload Task event uploaded for counter84
14:47:07:994	Upload Task event uploaded for counter93
14:47:09:069	Upload Task event uploaded for counter94
14:47:10:196	Upload Task event uploaded for counter95
14:47:11:266	Upload Task event uploaded for counter1
14:47:12:336	Upload Task event uploaded for counter2
14:47:13:400	Upload Task event uploaded for counter4
14:47:14:473	Upload Task event uploaded for counter23
14:47:15:539	Upload Task event uploaded for counter34
14:47:16:611	Upload Task event uploaded for counter41
14:47:17:682	Upload Task event uploaded for counter45
14:47:18:748	Upload Task event uploaded for counter51
14:47:19:819	Upload Task event uploaded for counter55
14:47:20:884	Upload Task event uploaded for counter62
14:47:21:941	Upload Task event uploaded for counter79
14:47:22:997	Upload Task event uploaded for counter84
14:47:24:071	Upload Task event uploaded for counter93
14:47:25:138	Upload Task event uploaded for counter94
14:47:26:211	Upload Task event uploaded for counter95
14:47:27:279	Upload Task event uploaded for counter1
14:47:28:345	Upload Task event uploaded for counter2
14:47:29:415	Upload Task event uploaded for counter4
14:47:30:487	Upload Task event uploaded for counter23
14:47:31:571	Upload Task event uploaded for counter34
14:47:32:640	Upload Task event uploaded for counter41
14:47:33:704	Upload Task event uploaded for counter45
14:47:34:771	Upload Task event uploaded for counter47
14:47:35:839	Upload Task event uploaded for counter51
14:47:36:911	Upload Task event uploaded for counter55
14:47:38:001	Upload Task event uploaded for counter59
14:47:39:065	Upload Task event uploaded for counter62
14:47:40:131	Upload Task event uploaded for counter79
14:47:41:196	Upload Task event uploaded for counter84
14:47:42:282	Upload Task event uploaded for counter93
14:47:43:364	Upload Task event uploaded for counter94
14:47:44:431	Upload Task event uploaded for counter95
14:47:45:498	Upload Task event uploaded for counter1
14:47:46:573	Upload Task event uploaded for counter2
14:47:47:646	Upload Task event uploaded for counter4
14:47:48:716	Upload Task event uploaded for counter23
14:47:49:781	Upload Task event uploaded for counter34
14:47:50:844	Upload Task event uploaded for counter41
14:47:51:912	Upload Task event uploaded for counter45
14:47:53:009	Upload Task event uploaded for counter47
14:47:54:104	Upload Task event uploaded for counter51
14:47:55:177	Upload Task event uploaded for counter55
14:47:56:242	Upload Task event uploaded for counter56
14:47:57:317	Upload Task event uploaded for counter59
14:47:58:376	Upload Task event uploaded for counter62
14:47:59:466	Upload Task event uploaded for counter79
14:48:00:533	Upload Task event uploaded for counter84
14:48:01:598	Upload Task event uploaded for counter93
14:48:02:665	Upload Task event uploaded for counter94
14:48:03:738	Upload Task event uploaded for counter95
14:48:04:809	Upload Task event uploaded for counter1
14:48:05:876	Upload Task event uploaded for counter2
14:48:06:946	Upload Task event uploaded for counter23
14:48:08:022	Upload Task event uploaded for counter34
14:48:09:104	Upload Task event uploaded for counter41
14:48:10:170	Upload Task event uploaded for counter45
14:48:11:234	Upload Task event uploaded for counter47
14:48:12:304	Upload Task event uploaded for counter51
14:48:13:385	Upload Task event uploaded for counter55
14:48:14:453	Upload Task event uploaded for counter56
14:48:15:520	Upload Task event uploaded for counter59
14:48:16:590	Upload Task event uploaded for counter62
14:48:17:653	Upload Task event uploaded for counter79
14:48:18:722	Upload Task event uploaded for counter84
14:48:19:797	Upload Task event uploaded for counter93
14:48:20:867	Upload Task event uploaded for counter94
14:48:21:944	Upload Task event uploaded for counter95
14:48:23:012	Upload Task event uploaded for counter1
14:48:24:082	Upload Task event uploaded for counter2
14:48:25:159	Upload Task event uploaded for counter4
14:48:26:237	Upload Task event uploaded for counter23
14:48:27:303	Upload Task event uploaded for counter34
14:48:28:378	Upload Task event uploaded for counter41
14:48:29:467	Upload Task event uploaded for counter45
14:48:30:531	Upload Task event uploaded for counter47
14:48:31:588	Upload Task event uploaded for counter51
14:48:32:643	Upload Task event uploaded for counter55
14:48:33:714	Upload Task event uploaded for counter56
14:48:34:790	Upload Task event uploaded for counter59
14:48:36:170	Upload Task event uploaded for counter62
14:48:37:236	Upload Task event uploaded for counter79
14:48:38:310	Upload Task event uploaded for counter84
14:48:39:376	Upload Task event uploaded for counter93
14:48:40:452	Upload Task event uploaded for counter94
14:48:41:534	Upload Task event uploaded for counter95
14:48:42:602	Upload Task event uploaded for counter1
14:48:43:668	Upload Task event uploaded for counter2
14:48:44:736	Upload Task event uploaded for counter4
14:48:45:804	Upload Task event uploaded for counter15
14:48:46:872	Upload Task event uploaded for counter23
14:48:47:938	Upload Task event uploaded for counter34
14:48:49:005	Upload Task event uploaded for counter41
14:48:50:073	Upload Task event uploaded for counter45
14:48:51:142	Upload Task event uploaded for counter47
14:48:52:212	Upload Task event uploaded for counter51
14:48:53:278	Upload Task event uploaded for counter55
14:48:54:343	Upload Task event uploaded for counter56
14:48:55:413	Upload Task event uploaded for counter58
14:48:56:484	Upload Task event uploaded for counter59
14:48:57:550	Upload Task event uploaded for counter62
14:48:58:618	Upload Task event uploaded for counter84
14:48:59:685	Upload Task event uploaded for counter92
14:49:00:749	Upload Task event uploaded for counter93
14:49:01:814	Upload Task event uploaded for counter94
14:49:02:889	Upload Task event uploaded for counter95
14:49:03:954	Upload Task event uploaded for counter1
14:49:05:017	Upload Task event uploaded for counter2
14:49:06:089	Upload Task event uploaded for counter4
14:49:07:165	Upload Task event uploaded for counter15
14:49:08:229	Upload Task event uploaded for counter23
14:49:09:285	Upload Task event uploaded for counter34
14:49:10:370	Upload Task event uploaded for counter41
14:49:11:453	Upload Task event uploaded for counter45
14:49:12:545	Upload Task event uploaded for counter47
14:49:13:612	Upload Task event uploaded for counter51
14:49:14:709	Upload Task event uploaded for counter54
14:49:15:772	Upload Task event uploaded for counter55
14:49:16:846	Upload Task event uploaded for counter56
14:49:17:913	Upload Task event uploaded for counter58
14:49:18:986	Upload Task event uploaded for counter59
14:49:20:077	Upload Task event uploaded for counter62
14:49:21:165	Upload Task event uploaded for counter84
14:49:22:229	Upload Task event uploaded for counter92
14:49:23:314	Upload Task event uploaded for counter93
14:49:24:380	Upload Task event uploaded for counter94
14:49:25:449	Upload Task event uploaded for counter95
14:49:26:530	Upload Task event uploaded for counter1
14:49:27:600	Upload Task event uploaded for counter2
14:49:28:670	Upload Task event uploaded for counter4
14:49:29:738	Upload Task event uploaded for counter15
14:49:30:803	Upload Task event uploaded for counter23
14:49:31:874	Upload Task event uploaded for counter27
14:49:32:940	Upload Task event uploaded for counter34
14:49:34:065	Upload Task event uploaded for counter41
14:49:35:136	Upload Task event uploaded for counter45
14:49:36:204	Upload Task event uploaded for counter47
14:49:37:268	Upload Task event uploaded for counter51
14:49:38:338	Upload Task event uploaded for counter54
14:49:39:412	Upload Task event uploaded for counter55
14:49:40:478	Upload Task event uploaded for counter56
14:49:41:542	Upload Task event uploaded for counter58
14:49:42:611	Upload Task event uploaded for counter59
14:49:43:680	Upload Task event uploaded for counter62
14:49:44:745	Upload Task event uploaded for counter84
14:49:45:813	Upload Task event uploaded for counter92
14:49:46:880	Upload Task event uploaded for counter93
14:49:47:945	Upload Task event uploaded for counter94
14:49:49:019	Upload Task event uploaded for counter95
14:49:50:097	Upload Task event uploaded for counter1
14:49:51:210	Upload Task event uploaded for counter2
14:49:52:274	Upload Task event uploaded for counter4
14:49:53:340	Upload Task event uploaded for counter15
14:49:54:405	Upload Task event uploaded for counter23
14:49:55:473	Upload Task event uploaded for counter27
14:49:56:538	Upload Task event uploaded for counter28
14:49:57:622	Upload Task event uploaded for counter34
14:49:58:687	Upload Task event uploaded for counter41
14:49:59:759	Upload Task event uploaded for counter45
14:50:00:831	Upload Task event uploaded for counter47
14:50:01:934	Upload Task event uploaded for counter51
14:50:03:008	Upload Task event uploaded for counter54
14:50:04:088	Upload Task event uploaded for counter55
14:50:05:157	Upload Task event uploaded for counter56
14:50:06:232	Upload Task event uploaded for counter58
14:50:07:298	Upload Task event uploaded for counter59
14:50:08:368	Upload Task event uploaded for counter62
14:50:09:433	Upload Task event uploaded for counter84
14:50:10:499	Upload Task event uploaded for counter92
14:50:11:563	Upload Task event uploaded for counter93
14:50:12:628	Upload Task event uploaded for counter94
14:50:13:715	Upload Task event uploaded for counter95
14:50:14:784	Upload Task event uploaded for counter1
14:50:15:849	Upload Task event uploaded for counter2
14:50:16:904	Upload Task event uploaded for counter4
14:50:18:006	Upload Task event uploaded for counter15
14:50:19:073	Upload Task event uploaded for counter23
14:50:20:145	Upload Task event uploaded for counter27
14:50:21:272	Upload Task event uploaded for counter28
14:50:22:337	Upload Task event uploaded for counter34
14:50:23:579	Upload Task event uploaded for counter41
14:50:24:649	Upload Task event uploaded for counter45
14:50:25:719	Upload Task event uploaded for counter47
14:50:26:787	Upload Task event uploaded for counter51
14:50:27:860	Upload Task event uploaded for counter54
14:50:28:923	Upload Task event uploaded for counter55
14:50:30:018	Upload Task event uploaded for counter56
14:50:31:092	Upload Task event uploaded for counter58
14:50:32:158	Upload Task event uploaded for counter59
14:50:33:232	Upload Task event uploaded for counter62
14:50:34:301	Upload Task event uploaded for counter84
14:50:35:376	Upload Task event uploaded for counter92
14:50:36:457	Upload Task event uploaded for counter93
14:50:37:524	Upload Task event uploaded for counter94
14:50:38:594	Upload Task event uploaded for counter95
14:50:39:665	Upload Task event uploaded for counter1
14:50:40:775	Upload Task event uploaded for counter2
14:50:41:850	Upload Task event uploaded for counter4
14:50:42:914	Upload Task event uploaded for counter15
14:50:43:985	Upload Task event uploaded for counter23
14:50:45:075	Upload Task event uploaded for counter27
14:50:46:144	Upload Task event uploaded for counter28
14:50:47:210	Upload Task event uploaded for counter34
14:50:48:283	Upload Task event uploaded for counter36
14:50:49:349	Upload Task event uploaded for counter41
14:50:50:408	Upload Task event uploaded for counter44
14:50:51:494	Upload Task event uploaded for counter45
14:50:52:559	Upload Task event uploaded for counter47
14:50:53:615	Upload Task event uploaded for counter51
14:50:54:679	Upload Task event uploaded for counter54
14:50:55:748	Upload Task event uploaded for counter55
14:50:56:814	Upload Task event uploaded for counter56
14:50:57:881	Upload Task event uploaded for counter58
14:50:58:961	Upload Task event uploaded for counter59
14:51:00:025	Upload Task event uploaded for counter62
14:51:01:095	Upload Task event uploaded for counter79
14:51:02:173	Upload Task event uploaded for counter80
14:51:03:253	Upload Task event uploaded for counter84
14:51:04:319	Upload Task event uploaded for counter92
14:51:05:382	Upload Task event uploaded for counter93
14:51:06:451	Upload Task event uploaded for counter94
14:51:07:522	Upload Task event uploaded for counter95
14:51:08:595	Upload Task event uploaded for counter1
14:51:09:671	Upload Task event uploaded for counter2
14:51:10:748	Upload Task event uploaded for counter4
14:51:11:818	Upload Task event uploaded for counter15
14:51:12:902	Upload Task event uploaded for counter23
14:51:13:972	Upload Task event uploaded for counter27
14:51:15:049	Upload Task event uploaded for counter28
14:51:16:131	Upload Task event uploaded for counter34
14:51:17:197	Upload Task event uploaded for counter36
14:51:18:273	Upload Task event uploaded for counter41
14:51:19:346	Upload Task event uploaded for counter44
14:51:20:428	Upload Task event uploaded for counter45
14:51:21:497	Upload Task event uploaded for counter47
14:51:22:563	Upload Task event uploaded for counter51
14:51:23:640	Upload Task event uploaded for counter54
14:51:24:705	Upload Task event uploaded for counter55
14:51:25:773	Upload Task event uploaded for counter56
14:51:26:841	Upload Task event uploaded for counter58
14:51:27:918	Upload Task event uploaded for counter59
14:51:28:978	Upload Task event uploaded for counter62
14:51:30:045	Upload Task event uploaded for counter79
14:51:31:121	Upload Task event uploaded for counter80
14:51:32:198	Upload Task event uploaded for counter84
14:51:33:268	Upload Task event uploaded for counter92
14:51:34:345	Upload Task event uploaded for counter93
14:51:35:417	Upload Task event uploaded for counter94
14:51:36:505	Upload Task event uploaded for counter95
14:51:37:573	Upload Task event uploaded for counter1
14:51:38:690	Upload Task event uploaded for counter2
14:51:39:767	Upload Task event uploaded for counter4
14:51:40:866	Upload Task event uploaded for counter15
14:51:41:935	Upload Task event uploaded for counter19
14:51:43:016	Upload Task event uploaded for counter23
14:51:44:085	Upload Task event uploaded for counter27
14:51:45:156	Upload Task event uploaded for counter28
14:51:46:225	Upload Task event uploaded for counter34
14:51:47:303	Upload Task event uploaded for counter36
14:51:48:377	Upload Task event uploaded for counter41
14:51:49:447	Upload Task event uploaded for counter44
14:51:50:519	Upload Task event uploaded for counter45
14:51:51:593	Upload Task event uploaded for counter47
14:51:52:665	Upload Task event uploaded for counter51
14:51:53:730	Upload Task event uploaded for counter54
14:51:54:796	Upload Task event uploaded for counter55
14:51:55:949	Upload Task event uploaded for counter56
14:51:57:023	Upload Task event uploaded for counter58
14:51:58:084	Upload Task event uploaded for counter59
14:51:59:156	Upload Task event uploaded for counter62
14:52:00:222	Upload Task event uploaded for counter68
14:52:01:292	Upload Task event uploaded for counter79
14:52:02:368	Upload Task event uploaded for counter80
14:52:03:425	Upload Task event uploaded for counter84
14:52:04:490	Upload Task event uploaded for counter92
14:52:05:560	Upload Task event uploaded for counter93
14:52:06:627	Upload Task event uploaded for counter94
14:52:07:763	Upload Task event uploaded for counter95
14:52:08:831	Upload Task event uploaded for counter1
14:52:09:897	Upload Task event uploaded for counter2
14:52:10:972	Upload Task event uploaded for counter4
14:52:12:041	Upload Task event uploaded for counter15
14:52:13:108	Upload Task event uploaded for counter19
14:52:14:177	Upload Task event uploaded for counter23
14:52:15:246	Upload Task event uploaded for counter27
14:52:16:314	Upload Task event uploaded for counter28
14:52:17:394	Upload Task event uploaded for counter34
14:52:18:464	Upload Task event uploaded for counter36
14:52:19:541	Upload Task event uploaded for counter41
14:52:20:612	Upload Task event uploaded for counter44
14:52:21:683	Upload Task event uploaded for counter45
14:52:22:748	Upload Task event uploaded for counter47
14:52:23:861	Upload Task event uploaded for counter51
14:52:24:926	Upload Task event uploaded for counter54
14:52:26:003	Upload Task event uploaded for counter55
14:52:27:071	Upload Task event uploaded for counter56
14:52:28:140	Upload Task event uploaded for counter58
14:52:29:210	Upload Task event uploaded for counter59
14:52:30:284	Upload Task event uploaded for counter62
14:52:31:356	Upload Task event uploaded for counter68
14:52:32:416	Upload Task event uploaded for counter79
14:52:33:513	Upload Task event uploaded for counter80
14:52:34:595	Upload Task event uploaded for counter84
14:52:35:654	Upload Task event uploaded for counter92
14:52:36:720	Upload Task event uploaded for counter93
14:52:37:788	Upload Task event uploaded for counter94
14:52:38:856	Upload Task event uploaded for counter95
14:52:39:921	Upload Task event uploaded for counter1
14:52:41:004	Upload Task event uploaded for counter2
14:52:42:080	Upload Task event uploaded for counter4
14:52:43:159	Upload Task event uploaded for counter15
14:52:44:229	Upload Task event uploaded for counter19
14:52:45:312	Upload Task event uploaded for counter23
14:52:46:389	Upload Task event uploaded for counter27
14:52:47:582	Upload Task event uploaded for counter28
14:52:48:646	Upload Task event uploaded for counter34
14:52:49:723	Upload Task event uploaded for counter36
14:52:50:790	Upload Task event uploaded for counter41
14:52:51:871	Upload Task event uploaded for counter44
14:52:52:935	Upload Task event uploaded for counter45
14:52:54:001	Upload Task event uploaded for counter47
14:52:55:065	Upload Task event uploaded for counter51
14:52:56:130	Upload Task event uploaded for counter54
14:52:57:206	Upload Task event uploaded for counter55
14:52:58:291	Upload Task event uploaded for counter56
14:52:59:358	Upload Task event uploaded for counter58
14:53:00:443	Upload Task event uploaded for counter59
14:53:01:521	Upload Task event uploaded for counter62
14:53:02:601	Upload Task event uploaded for counter68
14:53:03:669	Upload Task event uploaded for counter79
14:53:04:740	Upload Task event uploaded for counter80
14:53:05:805	Upload Task event uploaded for counter84
14:53:06:930	Upload Task event uploaded for counter92
14:53:07:997	Upload Task event uploaded for counter93
14:53:09:072	Upload Task event uploaded for counter94
14:53:10:135	Upload Task event uploaded for counter95
14:53:11:200	Upload Task event uploaded for counter100
14:53:12:255	Upload Task event uploaded for counter1
14:53:13:320	Upload Task event uploaded for counter2
14:53:14:391	Upload Task event uploaded for counter4
14:53:15:458	Upload Task event uploaded for counter15
14:53:16:521	Upload Task event uploaded for counter19
14:53:17:588	Upload Task event uploaded for counter23
14:53:18:661	Upload Task event uploaded for counter27
14:53:19:728	Upload Task event uploaded for counter28
14:53:20:795	Upload Task event uploaded for counter34
14:53:21:862	Upload Task event uploaded for counter36
14:53:22:936	Upload Task event uploaded for counter38
14:53:24:003	Upload Task event uploaded for counter41
14:53:25:068	Upload Task event uploaded for counter44
14:53:26:139	Upload Task event uploaded for counter45
14:53:27:205	Upload Task event uploaded for counter47
14:53:28:275	Upload Task event uploaded for counter51
14:53:29:339	Upload Task event uploaded for counter55
14:53:30:406	Upload Task event uploaded for counter56
14:53:31:478	Upload Task event uploaded for counter58
14:53:32:552	Upload Task event uploaded for counter59
14:53:33:618	Upload Task event uploaded for counter68
14:53:34:689	Upload Task event uploaded for counter79
14:53:35:754	Upload Task event uploaded for counter80
14:53:36:829	Upload Task event uploaded for counter84
14:53:37:915	Upload Task event uploaded for counter92
14:53:38:974	Upload Task event uploaded for counter93
14:53:40:045	Upload Task event uploaded for counter94
14:53:41:123	Upload Task event uploaded for counter95
14:53:42:198	Upload Task event uploaded for counter100
14:53:43:273	Upload Task event uploaded for counter1
14:53:44:347	Upload Task event uploaded for counter2
14:53:45:413	Upload Task event uploaded for counter4
14:53:46:470	Upload Task event uploaded for counter15
14:53:47:535	Upload Task event uploaded for counter19
14:53:48:616	Upload Task event uploaded for counter23
14:53:49:687	Upload Task event uploaded for counter27
14:53:50:771	Upload Task event uploaded for counter28
14:53:51:840	Upload Task event uploaded for counter34
14:53:52:983	Upload Task event uploaded for counter38
14:53:54:056	Upload Task event uploaded for counter41
14:53:55:161	Upload Task event uploaded for counter44
14:53:56:226	Upload Task event uploaded for counter45
14:53:57:299	Upload Task event uploaded for counter47
14:53:58:364	Upload Task event uploaded for counter51
14:53:59:439	Upload Task event uploaded for counter56
14:54:00:505	Upload Task event uploaded for counter58
14:54:01:568	Upload Task event uploaded for counter59
14:54:02:647	Upload Task event uploaded for counter60
14:54:03:715	Upload Task event uploaded for counter68
14:54:04:787	Upload Task event uploaded for counter79
14:54:05:853	Upload Task event uploaded for counter80
14:54:06:932	Upload Task event uploaded for counter84
14:54:08:009	Upload Task event uploaded for counter92
14:54:09:081	Upload Task event uploaded for counter93
14:54:10:155	Upload Task event uploaded for counter94
14:54:11:225	Upload Task event uploaded for counter95
14:54:12:328	Upload Task event uploaded for counter100
14:54:13:395	Upload Task event uploaded for counter1
14:54:14:459	Upload Task event uploaded for counter2
14:54:15:544	Upload Task event uploaded for counter4
14:54:16:620	Upload Task event uploaded for counter15
14:54:17:678	Upload Task event uploaded for counter19
14:54:18:750	Upload Task event uploaded for counter23
14:54:19:836	Upload Task event uploaded for counter27
14:54:20:905	Upload Task event uploaded for counter28
14:54:21:969	Upload Task event uploaded for counter34
14:54:23:033	Upload Task event uploaded for counter38
14:54:24:111	Upload Task event uploaded for counter41
14:54:25:175	Upload Task event uploaded for counter44
14:54:26:260	Upload Task event uploaded for counter45
14:54:27:324	Upload Task event uploaded for counter47
14:54:28:408	Upload Task event uploaded for counter51
14:54:29:473	Upload Task event uploaded for counter56
14:54:30:543	Upload Task event uploaded for counter58
14:54:31:611	Upload Task event uploaded for counter59
14:54:32:678	Upload Task event uploaded for counter60
14:54:33:741	Upload Task event uploaded for counter68
14:54:34:810	Upload Task event uploaded for counter79
14:54:35:883	Upload Task event uploaded for counter80
14:54:36:950	Upload Task event uploaded for counter84
14:54:38:015	Upload Task event uploaded for counter92
14:54:39:082	Upload Task event uploaded for counter93
14:54:40:147	Upload Task event uploaded for counter94
14:54:41:214	Upload Task event uploaded for counter95
14:54:42:281	Upload Task event uploaded for counter100
14:54:43:356	Upload Task event uploaded for counter1
14:54:44:421	Upload Task event uploaded for counter2
14:54:45:526	Upload Task event uploaded for counter4
14:54:46:590	Upload Task event uploaded for counter15
14:54:47:660	Upload Task event uploaded for counter19
14:54:48:727	Upload Task event uploaded for counter23
14:54:49:793	Upload Task event uploaded for counter27
14:54:50:862	Upload Task event uploaded for counter28
14:54:51:919	Upload Task event uploaded for counter34
14:54:52:992	Upload Task event uploaded for counter37
14:54:54:074	Upload Task event uploaded for counter38
14:54:55:140	Upload Task event uploaded for counter41
14:54:56:208	Upload Task event uploaded for counter44
14:54:57:276	Upload Task event uploaded for counter45
14:54:58:354	Upload Task event uploaded for counter47
14:54:59:422	Upload Task event uploaded for counter51
14:55:00:526	Upload Task event uploaded for counter55
14:55:01:613	Upload Task event uploaded for counter56
14:55:02:683	Upload Task event uploaded for counter58
14:55:03:751	Upload Task event uploaded for counter59
14:55:04:822	Upload Task event uploaded for counter60
14:55:05:897	Upload Task event uploaded for counter68
14:55:06:969	Upload Task event uploaded for counter79
14:55:08:044	Upload Task event uploaded for counter80
14:55:09:111	Upload Task event uploaded for counter84
14:55:10:183	Upload Task event uploaded for counter92
14:55:11:249	Upload Task event uploaded for counter93
14:55:12:315	Upload Task event uploaded for counter100
14:55:13:382	Upload Task event uploaded for counter1
14:55:14:449	Upload Task event uploaded for counter2
14:55:15:531	Upload Task event uploaded for counter4
14:55:16:631	Upload Task event uploaded for counter15
14:55:17:707	Upload Task event uploaded for counter19
14:55:18:772	Upload Task event uploaded for counter25
14:55:19:838	Upload Task event uploaded for counter27
14:55:20:927	Upload Task event uploaded for counter28
14:55:21:999	Upload Task event uploaded for counter34
14:55:23:065	Upload Task event uploaded for counter37
14:55:24:139	Upload Task event uploaded for counter38
14:55:25:207	Upload Task event uploaded for counter41
14:55:26:291	Upload Task event uploaded for counter44
14:55:27:358	Upload Task event uploaded for counter45
14:55:28:433	Upload Task event uploaded for counter47
14:55:29:505	Upload Task event uploaded for counter51
14:55:30:581	Upload Task event uploaded for counter55
14:55:31:646	Upload Task event uploaded for counter56
14:55:32:717	Upload Task event uploaded for counter58
14:55:33:789	Upload Task event uploaded for counter59
14:55:34:859	Upload Task event uploaded for counter60
14:55:35:998	Upload Task event uploaded for counter68
14:55:37:075	Upload Task event uploaded for counter79
14:55:38:140	Upload Task event uploaded for counter80
14:55:39:205	Upload Task event uploaded for counter84
14:55:40:282	Upload Task event uploaded for counter92
14:55:41:358	Upload Task event uploaded for counter93
14:55:42:435	Upload Task event uploaded for counter100
14:55:43:512	Upload Task event uploaded for counter1
14:55:44:578	Upload Task event uploaded for counter2
14:55:45:647	Upload Task event uploaded for counter4
14:55:46:715	Upload Task event uploaded for counter15
14:55:47:801	Upload Task event uploaded for counter19
14:55:48:878	Upload Task event uploaded for counter24
14:55:49:955	Upload Task event uploaded for counter25
14:55:51:044	Upload Task event uploaded for counter27
14:55:52:115	Upload Task event uploaded for counter28
14:55:53:224	Upload Task event uploaded for counter34
14:55:54:295	Upload Task event uploaded for counter37
14:55:55:370	Upload Task event uploaded for counter38
14:55:56:441	Upload Task event uploaded for counter44
14:55:57:507	Upload Task event uploaded for counter45
14:55:58:579	Upload Task event uploaded for counter47
14:55:59:656	Upload Task event uploaded for counter51
14:56:00:713	Upload Task event uploaded for counter55
14:56:01:773	Upload Task event uploaded for counter56
14:56:02:854	Upload Task event uploaded for counter57
14:56:03:919	Upload Task event uploaded for counter58
14:56:05:047	Upload Task event uploaded for counter59
14:56:06:112	Upload Task event uploaded for counter60
14:56:07:179	Upload Task event uploaded for counter68
14:56:08:245	Upload Task event uploaded for counter79
14:56:09:311	Upload Task event uploaded for counter80
14:56:10:380	Upload Task event uploaded for counter83
14:56:11:445	Upload Task event uploaded for counter84
14:56:12:512	Upload Task event uploaded for counter92
14:56:13:588	Upload Task event uploaded for counter93
14:56:14:658	Upload Task event uploaded for counter100
14:56:15:729	Upload Task event uploaded for counter1
14:56:16:793	Upload Task event uploaded for counter2
14:56:17:859	Upload Task event uploaded for counter3
14:56:18:930	Upload Task event uploaded for counter4
14:56:20:004	Upload Task event uploaded for counter15
14:56:21:114	Upload Task event uploaded for counter19
14:56:22:186	Upload Task event uploaded for counter24
14:56:23:250	Upload Task event uploaded for counter25
14:56:24:333	Upload Task event uploaded for counter27
14:56:25:399	Upload Task event uploaded for counter28
14:56:26:582	Upload Task event uploaded for counter34
14:56:27:648	Upload Task event uploaded for counter36
14:56:28:713	Upload Task event uploaded for counter37
14:56:29:791	Upload Task event uploaded for counter38
14:56:30:857	Upload Task event uploaded for counter44
14:56:31:927	Upload Task event uploaded for counter45
14:56:33:002	Upload Task event uploaded for counter47
14:56:34:057	Upload Task event uploaded for counter51
14:56:35:123	Upload Task event uploaded for counter55
14:56:36:187	Upload Task event uploaded for counter56
14:56:37:266	Upload Task event uploaded for counter57
14:56:38:331	Upload Task event uploaded for counter58
14:56:39:397	Upload Task event uploaded for counter59
14:56:40:485	Upload Task event uploaded for counter60
14:56:41:553	Upload Task event uploaded for counter68
14:56:42:615	Upload Task event uploaded for counter79
14:56:43:690	Upload Task event uploaded for counter80
14:56:44:769	Upload Task event uploaded for counter83
14:56:45:844	Upload Task event uploaded for counter84
14:56:46:921	Upload Task event uploaded for counter92
14:56:48:017	Upload Task event uploaded for counter93
14:56:49:081	Upload Task event uploaded for counter100
14:56:50:151	Upload Task event uploaded for counter2
14:56:51:232	Upload Task event uploaded for counter3
14:56:52:301	Upload Task event uploaded for counter4
14:56:53:366	Upload Task event uploaded for counter15
14:56:54:437	Upload Task event uploaded for counter19
14:56:55:503	Upload Task event uploaded for counter24
14:56:56:574	Upload Task event uploaded for counter25
14:56:57:641	Upload Task event uploaded for counter27
14:56:58:708	Upload Task event uploaded for counter28
14:56:59:784	Upload Task event uploaded for counter30
14:57:00:857	Upload Task event uploaded for counter34
14:57:01:924	Upload Task event uploaded for counter36
14:57:02:991	Upload Task event uploaded for counter37
14:57:04:060	Upload Task event uploaded for counter38
14:57:05:137	Upload Task event uploaded for counter44
14:57:06:201	Upload Task event uploaded for counter45
14:57:07:267	Upload Task event uploaded for counter47
14:57:08:322	Upload Task event uploaded for counter55
14:57:09:381	Upload Task event uploaded for counter56
14:57:10:450	Upload Task event uploaded for counter57
14:57:11:528	Upload Task event uploaded for counter58
14:57:12:594	Upload Task event uploaded for counter59
14:57:13:670	Upload Task event uploaded for counter60
14:57:14:752	Upload Task event uploaded for counter62
14:57:15:817	Upload Task event uploaded for counter68
14:57:16:889	Upload Task event uploaded for counter79
14:57:17:954	Upload Task event uploaded for counter80
14:57:19:026	Upload Task event uploaded for counter82
14:57:20:098	Upload Task event uploaded for counter83
14:57:21:178	Upload Task event uploaded for counter84
14:57:22:244	Upload Task event uploaded for counter92
14:57:23:324	Upload Task event uploaded for counter93
14:57:24:421	Upload Task event uploaded for counter100
14:57:25:488	Upload Task event uploaded for counter2
14:57:26:560	Upload Task event uploaded for counter3
14:57:27:635	Upload Task event uploaded for counter4
14:57:28:703	Upload Task event uploaded for counter5
14:57:29:780	Upload Task event uploaded for counter15
14:57:30:845	Upload Task event uploaded for counter19
14:57:31:918	Upload Task event uploaded for counter24
14:57:32:987	Upload Task event uploaded for counter25
14:57:34:050	Upload Task event uploaded for counter28
14:57:35:116	Upload Task event uploaded for counter30
14:57:36:184	Upload Task event uploaded for counter34
14:57:37:254	Upload Task event uploaded for counter36
14:57:38:319	Upload Task event uploaded for counter37
14:57:39:385	Upload Task event uploaded for counter38
14:57:40:451	Upload Task event uploaded for counter41
14:57:41:526	Upload Task event uploaded for counter44
14:57:42:590	Upload Task event uploaded for counter45
14:57:43:645	Upload Task event uploaded for counter47
14:57:44:710	Upload Task event uploaded for counter54
14:57:45:792	Upload Task event uploaded for counter55
14:57:46:860	Upload Task event uploaded for counter56
14:57:47:929	Upload Task event uploaded for counter57
14:57:48:996	Upload Task event uploaded for counter59
14:57:50:082	Upload Task event uploaded for counter60
14:57:51:148	Upload Task event uploaded for counter62
14:57:52:219	Upload Task event uploaded for counter68
14:57:53:286	Upload Task event uploaded for counter79
14:57:54:351	Upload Task event uploaded for counter80
14:57:55:415	Upload Task event uploaded for counter82
14:57:56:482	Upload Task event uploaded for counter83
14:57:57:550	Upload Task event uploaded for counter84
14:57:58:617	Upload Task event uploaded for counter92
14:57:59:682	Upload Task event uploaded for counter93
14:58:00:755	Upload Task event uploaded for counter95
14:58:01:828	Upload Task event uploaded for counter100
14:58:02:903	Upload Task event uploaded for counter3
14:58:03:995	Upload Task event uploaded for counter4
14:58:05:061	Upload Task event uploaded for counter5
14:58:06:127	Upload Task event uploaded for counter15
14:58:07:215	Upload Task event uploaded for counter19
14:58:08:284	Upload Task event uploaded for counter24
14:58:09:376	Upload Task event uploaded for counter25
14:58:10:445	Upload Task event uploaded for counter28
14:58:11:525	Upload Task event uploaded for counter30
14:58:12:590	Upload Task event uploaded for counter34
14:58:13:660	Upload Task event uploaded for counter36
14:58:14:725	Upload Task event uploaded for counter37
14:58:15:785	Upload Task event uploaded for counter38
14:58:16:854	Upload Task event uploaded for counter41
14:58:17:921	Upload Task event uploaded for counter44
14:58:18:998	Upload Task event uploaded for counter45
14:58:20:084	Upload Task event uploaded for counter47
14:58:21:154	Upload Task event uploaded for counter51
14:58:22:223	Upload Task event uploaded for counter54
14:58:23:292	Upload Task event uploaded for counter55
14:58:24:378	Upload Task event uploaded for counter56
14:58:25:442	Upload Task event uploaded for counter57
14:58:26:511	Upload Task event uploaded for counter60
14:58:27:598	Upload Task event uploaded for counter62
14:58:28:666	Upload Task event uploaded for counter68
14:58:29:734	Upload Task event uploaded for counter79
14:58:30:807	Upload Task event uploaded for counter80
14:58:31:878	Upload Task event uploaded for counter82
14:58:32:944	Upload Task event uploaded for counter83
14:58:34:009	Upload Task event uploaded for counter84
14:58:35:079	Upload Task event uploaded for counter92
14:58:36:145	Upload Task event uploaded for counter93
14:58:37:214	Upload Task event uploaded for counter95
14:58:38:287	Upload Task event uploaded for counter100
14:58:39:359	Upload Task event uploaded for counter3
14:58:40:426	Upload Task event uploaded for counter4
14:58:41:491	Upload Task event uploaded for counter5
14:58:42:556	Upload Task event uploaded for counter15
14:58:43:683	Upload Task event uploaded for counter19
14:58:44:748	Upload Task event uploaded for counter23
14:58:45:815	Upload Task event uploaded for counter24
14:58:46:880	Upload Task event uploaded for counter25
14:58:47:951	Upload Task event uploaded for counter28
14:58:49:023	Upload Task event uploaded for counter30
14:58:50:090	Upload Task event uploaded for counter34
14:58:51:153	Upload Task event uploaded for counter36
14:58:52:226	Upload Task event uploaded for counter37
14:58:53:283	Upload Task event uploaded for counter38
14:58:54:361	Upload Task event uploaded for counter41
14:58:55:433	Upload Task event uploaded for counter44
14:58:56:500	Upload Task event uploaded for counter45
14:58:57:564	Upload Task event uploaded for counter47
14:58:58:666	Upload Task event uploaded for counter51
14:58:59:730	Upload Task event uploaded for counter54
14:59:00:799	Upload Task event uploaded for counter55
14:59:01:865	Upload Task event uploaded for counter56
14:59:02:933	Upload Task event uploaded for counter57
14:59:04:010	Upload Task event uploaded for counter60
14:59:05:080	Upload Task event uploaded for counter62
14:59:06:146	Upload Task event uploaded for counter68
14:59:07:212	Upload Task event uploaded for counter79
14:59:08:294	Upload Task event uploaded for counter80
14:59:09:363	Upload Task event uploaded for counter82
14:59:10:452	Upload Task event uploaded for counter83
14:59:11:520	Upload Task event uploaded for counter84
14:59:12:588	Upload Task event uploaded for counter92
14:59:13:656	Upload Task event uploaded for counter93
14:59:14:727	Upload Task event uploaded for counter94
14:59:15:798	Upload Task event uploaded for counter95
14:59:16:862	Upload Task event uploaded for counter100
14:59:17:931	Upload Task event uploaded for counter1
14:59:18:995	Upload Task event uploaded for counter2
14:59:20:062	Upload Task event uploaded for counter3
14:59:21:139	Upload Task event uploaded for counter4
14:59:22:204	Upload Task event uploaded for counter5
14:59:23:274	Upload Task event uploaded for counter15
14:59:24:332	Upload Task event uploaded for counter19
14:59:25:388	Upload Task event uploaded for counter23
14:59:26:456	Upload Task event uploaded for counter24
14:59:27:532	Upload Task event uploaded for counter25
14:59:28:598	Upload Task event uploaded for counter28
14:59:29:660	Upload Task event uploaded for counter30
14:59:30:732	Upload Task event uploaded for counter34
14:59:31:804	Upload Task event uploaded for counter36
14:59:32:874	Upload Task event uploaded for counter37
14:59:33:939	Upload Task event uploaded for counter38
14:59:35:015	Upload Task event uploaded for counter41
14:59:36:088	Upload Task event uploaded for counter44
14:59:37:155	Upload Task event uploaded for counter45
14:59:38:218	Upload Task event uploaded for counter47
14:59:39:284	Upload Task event uploaded for counter51
14:59:40:357	Upload Task event uploaded for counter54
14:59:41:434	Upload Task event uploaded for counter55
14:59:42:501	Upload Task event uploaded for counter56
14:59:43:575	Upload Task event uploaded for counter57
14:59:44:677	Upload Task event uploaded for counter59
14:59:45:748	Upload Task event uploaded for counter60
14:59:46:820	Upload Task event uploaded for counter62
14:59:47:885	Upload Task event uploaded for counter68
14:59:48:961	Upload Task event uploaded for counter79
14:59:50:025	Upload Task event uploaded for counter80
14:59:51:097	Upload Task event uploaded for counter82
14:59:52:171	Upload Task event uploaded for counter83
14:59:53:245	Upload Task event uploaded for counter84
14:59:54:312	Upload Task event uploaded for counter92
14:59:55:376	Upload Task event uploaded for counter93
14:59:56:447	Upload Task event uploaded for counter94
14:59:57:532	Upload Task event uploaded for counter95
14:59:58:589	Upload Task event uploaded for counter100
14:59:59:693	Upload Task event uploaded for counter1
15:00:00:765	Upload Task event uploaded for counter2
15:00:01:828	Upload Task event uploaded for counter3
15:00:02:894	Upload Task event uploaded for counter4
15:00:03:966	Upload Task event uploaded for counter5
15:00:05:040	Upload Task event uploaded for counter6
15:00:06:105	Upload Task event uploaded for counter15
15:00:07:175	Upload Task event uploaded for counter19
15:00:08:239	Upload Task event uploaded for counter23
15:00:09:313	Upload Task event uploaded for counter24
15:00:10:378	Upload Task event uploaded for counter25
15:00:11:459	Upload Task event uploaded for counter28
15:00:12:522	Upload Task event uploaded for counter30
15:00:13:591	Upload Task event uploaded for counter34
15:00:14:670	Upload Task event uploaded for counter36
15:00:15:739	Upload Task event uploaded for counter38
15:00:16:815	Upload Task event uploaded for counter41
15:00:17:881	Upload Task event uploaded for counter44
15:00:18:951	Upload Task event uploaded for counter45
15:00:20:083	Upload Task event uploaded for counter47
15:00:21:203	Upload Task event uploaded for counter51
15:00:22:270	Upload Task event uploaded for counter54
15:00:23:338	Upload Task event uploaded for counter55
15:00:24:405	Upload Task event uploaded for counter56
15:00:25:485	Upload Task event uploaded for counter57
15:00:26:558	Upload Task event uploaded for counter59
15:00:27:639	Upload Task event uploaded for counter60
15:00:28:705	Upload Task event uploaded for counter62
15:00:29:770	Upload Task event uploaded for counter68
15:00:30:831	Upload Task event uploaded for counter79
15:00:31:910	Upload Task event uploaded for counter80
15:00:32:976	Upload Task event uploaded for counter82
15:00:34:051	Upload Task event uploaded for counter83
15:00:35:117	Upload Task event uploaded for counter84
15:00:36:182	Upload Task event uploaded for counter92
15:00:37:258	Upload Task event uploaded for counter93
15:00:38:338	Upload Task event uploaded for counter94
15:00:39:405	Upload Task event uploaded for counter95
15:00:40:474	Upload Task event uploaded for counter100
15:00:41:551	Upload Task event uploaded for counter1
15:00:42:628	Upload Task event uploaded for counter2
15:00:43:703	Upload Task event uploaded for counter3
15:00:44:771	Upload Task event uploaded for counter5
15:00:45:836	Upload Task event uploaded for counter6
15:00:46:902	Upload Task event uploaded for counter15
15:00:47:974	Upload Task event uploaded for counter19
15:00:49:044	Upload Task event uploaded for counter23
15:00:50:119	Upload Task event uploaded for counter24
15:00:51:187	Upload Task event uploaded for counter25
15:00:52:264	Upload Task event uploaded for counter28
15:00:53:327	Upload Task event uploaded for counter30
15:00:54:393	Upload Task event uploaded for counter34
15:00:55:466	Upload Task event uploaded for counter36
15:00:56:532	Upload Task event uploaded for counter38
15:00:57:595	Upload Task event uploaded for counter41
15:00:58:660	Upload Task event uploaded for counter44
15:00:59:724	Upload Task event uploaded for counter45
15:01:00:794	Upload Task event uploaded for counter47
15:01:01:864	Upload Task event uploaded for counter49
15:01:02:934	Upload Task event uploaded for counter51
15:01:04:000	Upload Task event uploaded for counter54
15:01:05:137	Upload Task event uploaded for counter56
15:01:06:215	Upload Task event uploaded for counter57
15:01:07:295	Upload Task event uploaded for counter59
15:01:08:351	Upload Task event uploaded for counter60
15:01:09:415	Upload Task event uploaded for counter62
15:01:10:492	Upload Task event uploaded for counter65
15:01:11:563	Upload Task event uploaded for counter66
15:01:12:628	Upload Task event uploaded for counter68
15:01:13:699	Upload Task event uploaded for counter79
15:01:14:768	Upload Task event uploaded for counter80
15:01:15:836	Upload Task event uploaded for counter82
15:01:16:903	Upload Task event uploaded for counter83
15:01:17:971	Upload Task event uploaded for counter84
15:01:19:037	Upload Task event uploaded for counter92
15:01:20:105	Upload Task event uploaded for counter94
15:01:21:206	Upload Task event uploaded for counter95
15:01:22:283	Upload Task event uploaded for counter100
15:01:23:355	Upload Task event uploaded for counter1
15:01:24:427	Upload Task event uploaded for counter2
15:01:25:499	Upload Task event uploaded for counter3
15:01:26:577	Upload Task event uploaded for counter5
15:01:27:642	Upload Task event uploaded for counter6
15:01:28:714	Upload Task event uploaded for counter12
15:01:29:779	Upload Task event uploaded for counter15
15:01:30:844	Upload Task event uploaded for counter19
15:01:31:912	Upload Task event uploaded for counter23
15:01:32:988	Upload Task event uploaded for counter24
15:01:34:065	Upload Task event uploaded for counter25
15:01:35:135	Upload Task event uploaded for counter28
15:01:36:210	Upload Task event uploaded for counter30
15:01:37:297	Upload Task event uploaded for counter36
15:01:38:365	Upload Task event uploaded for counter38
15:01:39:429	Upload Task event uploaded for counter41
15:01:40:494	Upload Task event uploaded for counter47
15:01:41:561	Upload Task event uploaded for counter49
15:01:42:616	Upload Task event uploaded for counter51
15:01:43:684	Upload Task event uploaded for counter54
15:01:44:750	Upload Task event uploaded for counter55
15:01:45:817	Upload Task event uploaded for counter56
15:01:46:882	Upload Task event uploaded for counter57
15:01:47:962	Upload Task event uploaded for counter59
15:01:49:032	Upload Task event uploaded for counter60
15:01:50:099	Upload Task event uploaded for counter65
15:01:51:167	Upload Task event uploaded for counter66
15:01:52:233	Upload Task event uploaded for counter79
15:01:53:296	Upload Task event uploaded for counter80
15:01:54:374	Upload Task event uploaded for counter82
15:01:55:437	Upload Task event uploaded for counter83
15:01:56:529	Upload Task event uploaded for counter84
15:01:57:594	Upload Task event uploaded for counter85
15:01:58:673	Upload Task event uploaded for counter95
15:01:59:737	Upload Task event uploaded for counter100
15:02:00:824	Upload Task event uploaded for counter1
15:02:01:900	Upload Task event uploaded for counter2
15:02:02:971	Upload Task event uploaded for counter3
15:02:04:044	Upload Task event uploaded for counter5
15:02:05:125	Upload Task event uploaded for counter6
15:02:06:188	Upload Task event uploaded for counter12
15:02:07:259	Upload Task event uploaded for counter15
15:02:08:338	Upload Task event uploaded for counter19
15:02:09:426	Upload Task event uploaded for counter24
15:02:10:498	Upload Task event uploaded for counter25
15:02:11:624	Upload Task event uploaded for counter27
15:02:12:685	Upload Task event uploaded for counter30
15:02:13:742	Upload Task event uploaded for counter36
15:02:14:809	Upload Task event uploaded for counter38
15:02:15:874	Upload Task event uploaded for counter41
15:02:16:942	Upload Task event uploaded for counter47
15:02:18:011	Upload Task event uploaded for counter49
15:02:19:108	Upload Task event uploaded for counter51
15:02:20:181	Upload Task event uploaded for counter54
15:02:21:252	Upload Task event uploaded for counter55
15:02:22:317	Upload Task event uploaded for counter56
15:02:23:387	Upload Task event uploaded for counter57
15:02:24:468	Upload Task event uploaded for counter59
15:02:25:534	Upload Task event uploaded for counter62
15:02:26:619	Upload Task event uploaded for counter65
15:02:27:692	Upload Task event uploaded for counter66
15:02:28:759	Upload Task event uploaded for counter79
15:02:29:830	Upload Task event uploaded for counter80
15:02:30:895	Upload Task event uploaded for counter82
15:02:31:963	Upload Task event uploaded for counter83
15:02:33:032	Upload Task event uploaded for counter84
15:02:34:107	Upload Task event uploaded for counter85
15:02:35:172	Upload Task event uploaded for counter95
15:02:36:241	Upload Task event uploaded for counter100
15:02:37:314	Upload Task event uploaded for counter1
15:02:38:390	Upload Task event uploaded for counter2
15:02:39:473	Upload Task event uploaded for counter3
15:02:40:546	Upload Task event uploaded for counter5
15:02:41:625	Upload Task event uploaded for counter6
15:02:42:699	Upload Task event uploaded for counter12
15:02:43:764	Upload Task event uploaded for counter15
15:02:44:825	Upload Task event uploaded for counter19
15:02:45:892	Upload Task event uploaded for counter24
15:02:46:991	Upload Task event uploaded for counter25
15:02:48:048	Upload Task event uploaded for counter27
15:02:49:111	Upload Task event uploaded for counter30
15:02:50:177	Upload Task event uploaded for counter36
15:02:51:239	Upload Task event uploaded for counter38
15:02:52:307	Upload Task event uploaded for counter41
15:02:53:371	Upload Task event uploaded for counter47
15:02:54:438	Upload Task event uploaded for counter49
15:02:55:503	Upload Task event uploaded for counter51
15:02:56:573	Upload Task event uploaded for counter54
15:02:57:642	Upload Task event uploaded for counter55
15:02:58:717	Upload Task event uploaded for counter57
15:02:59:782	Upload Task event uploaded for counter58
15:03:00:962	Upload Task event uploaded for counter59
15:03:02:029	Upload Task event uploaded for counter62
15:03:03:102	Upload Task event uploaded for counter65
15:03:04:165	Upload Task event uploaded for counter66
15:03:05:234	Upload Task event uploaded for counter79
15:03:06:297	Upload Task event uploaded for counter80
15:03:07:372	Upload Task event uploaded for counter82
15:03:08:443	Upload Task event uploaded for counter83
15:03:09:508	Upload Task event uploaded for counter84
15:03:10:574	Upload Task event uploaded for counter85
15:03:11:650	Upload Task event uploaded for counter95
15:03:12:722	Upload Task event uploaded for counter98
15:03:13:790	Upload Task event uploaded for counter100
15:03:14:855	Upload Task event uploaded for counter1
15:03:15:926	Upload Task event uploaded for counter2
15:03:17:287	Upload Task event uploaded for counter3
15:03:18:360	Upload Task event uploaded for counter5
15:03:19:426	Upload Task event uploaded for counter6
15:03:20:548	Upload Task event uploaded for counter12
15:03:21:620	Upload Task event uploaded for counter15
15:03:22:677	Upload Task event uploaded for counter19
15:03:23:743	Upload Task event uploaded for counter24
15:03:24:816	Upload Task event uploaded for counter25
15:03:25:881	Upload Task event uploaded for counter27
15:03:26:946	Upload Task event uploaded for counter30
15:03:28:020	Upload Task event uploaded for counter36
15:03:29:102	Upload Task event uploaded for counter38
15:03:30:165	Upload Task event uploaded for counter41
15:03:31:234	Upload Task event uploaded for counter47
15:03:32:311	Upload Task event uploaded for counter49
15:03:33:377	Upload Task event uploaded for counter51
15:03:34:452	Upload Task event uploaded for counter54
15:03:35:527	Upload Task event uploaded for counter55
15:03:36:599	Upload Task event uploaded for counter58
15:03:37:665	Upload Task event uploaded for counter59
15:03:38:736	Upload Task event uploaded for counter62
15:03:39:810	Upload Task event uploaded for counter65
15:03:40:880	Upload Task event uploaded for counter66
15:03:41:946	Upload Task event uploaded for counter78
15:03:43:016	Upload Task event uploaded for counter79
15:03:44:095	Upload Task event uploaded for counter80
15:03:45:161	Upload Task event uploaded for counter82
15:03:46:235	Upload Task event uploaded for counter83
15:03:47:301	Upload Task event uploaded for counter84
15:03:48:373	Upload Task event uploaded for counter85
15:03:49:428	Upload Task event uploaded for counter95
15:03:50:494	Upload Task event uploaded for counter98
15:03:51:567	Upload Task event uploaded for counter100
15:03:52:627	Upload Task event uploaded for counter1
15:03:53:690	Upload Task event uploaded for counter2
15:03:54:765	Upload Task event uploaded for counter3
15:03:55:844	Upload Task event uploaded for counter5
15:03:56:914	Upload Task event uploaded for counter6
15:03:57:981	Upload Task event uploaded for counter12
15:03:59:047	Upload Task event uploaded for counter15
15:04:00:111	Upload Task event uploaded for counter19
15:04:01:181	Upload Task event uploaded for counter24
15:04:02:246	Upload Task event uploaded for counter25
15:04:03:314	Upload Task event uploaded for counter27
15:04:04:391	Upload Task event uploaded for counter30
15:04:05:456	Upload Task event uploaded for counter34
15:04:06:526	Upload Task event uploaded for counter37
15:04:07:599	Upload Task event uploaded for counter38
15:04:08:667	Upload Task event uploaded for counter41
15:04:09:740	Upload Task event uploaded for counter49
15:04:10:808	Upload Task event uploaded for counter51
15:04:11:879	Upload Task event uploaded for counter54
15:04:12:945	Upload Task event uploaded for counter55
15:04:14:011	Upload Task event uploaded for counter58
15:04:15:081	Upload Task event uploaded for counter59
15:04:16:157	Upload Task event uploaded for counter62
15:04:17:226	Upload Task event uploaded for counter65
15:04:18:298	Upload Task event uploaded for counter66
15:04:19:365	Upload Task event uploaded for counter78
15:04:20:431	Upload Task event uploaded for counter79
15:04:21:502	Upload Task event uploaded for counter80
15:04:22:560	Upload Task event uploaded for counter82
15:04:23:630	Upload Task event uploaded for counter83
15:04:24:710	Upload Task event uploaded for counter84
15:04:25:778	Upload Task event uploaded for counter85
15:04:26:845	Upload Task event uploaded for counter94
15:04:27:915	Upload Task event uploaded for counter95
15:04:28:986	Upload Task event uploaded for counter98
15:04:30:060	Upload Task event uploaded for counter100
15:04:31:126	Upload Task event uploaded for counter1
15:04:32:200	Upload Task event uploaded for counter2
15:04:33:266	Upload Task event uploaded for counter3
15:04:34:343	Upload Task event uploaded for counter5
15:04:35:408	Upload Task event uploaded for counter6
15:04:36:492	Upload Task event uploaded for counter10
15:04:37:562	Upload Task event uploaded for counter12
15:04:38:627	Upload Task event uploaded for counter15
15:04:39:703	Upload Task event uploaded for counter19
15:04:40:774	Upload Task event uploaded for counter24
15:04:41:850	Upload Task event uploaded for counter25
15:04:42:925	Upload Task event uploaded for counter27
15:04:43:991	Upload Task event uploaded for counter30
15:04:45:061	Upload Task event uploaded for counter34
15:04:46:128	Upload Task event uploaded for counter37
15:04:47:193	Upload Task event uploaded for counter38
15:04:48:265	Upload Task event uploaded for counter41
15:04:49:339	Upload Task event uploaded for counter49
15:04:50:406	Upload Task event uploaded for counter51
15:04:51:496	Upload Task event uploaded for counter54
15:04:52:566	Upload Task event uploaded for counter55
15:04:53:622	Upload Task event uploaded for counter56
15:04:54:690	Upload Task event uploaded for counter57
15:04:55:762	Upload Task event uploaded for counter58
15:04:56:859	Upload Task event uploaded for counter59
15:04:57:922	Upload Task event uploaded for counter60
15:04:58:991	Upload Task event uploaded for counter62
15:05:00:059	Upload Task event uploaded for counter65
15:05:01:127	Upload Task event uploaded for counter66
15:05:02:200	Upload Task event uploaded for counter78
15:05:03:272	Upload Task event uploaded for counter79
15:05:04:347	Upload Task event uploaded for counter80
15:05:05:423	Upload Task event uploaded for counter81
15:05:06:490	Upload Task event uploaded for counter82
15:05:07:555	Upload Task event uploaded for counter83
15:05:08:636	Upload Task event uploaded for counter85
15:05:09:715	Upload Task event uploaded for counter86
15:05:10:785	Upload Task event uploaded for counter94
15:05:11:851	Upload Task event uploaded for counter95
15:05:12:919	Upload Task event uploaded for counter98
15:05:14:001	Upload Task event uploaded for counter100
15:05:15:067	Upload Task event uploaded for counter1
15:05:16:137	Upload Task event uploaded for counter2
15:05:17:202	Upload Task event uploaded for counter3
15:05:18:270	Upload Task event uploaded for counter4
15:05:19:337	Upload Task event uploaded for counter5
15:05:20:402	Upload Task event uploaded for counter6
15:05:21:497	Upload Task event uploaded for counter10
15:05:22:569	Upload Task event uploaded for counter12
15:05:23:637	Upload Task event uploaded for counter15
15:05:24:703	Upload Task event uploaded for counter19
15:05:25:759	Upload Task event uploaded for counter24
15:05:26:815	Upload Task event uploaded for counter25
15:05:27:879	Upload Task event uploaded for counter27
15:05:28:984	Upload Task event uploaded for counter30
15:05:30:050	Upload Task event uploaded for counter34
15:05:31:116	Upload Task event uploaded for counter37
15:05:32:193	Upload Task event uploaded for counter38
15:05:33:260	Upload Task event uploaded for counter41
15:05:34:337	Upload Task event uploaded for counter45
15:05:35:443	Upload Task event uploaded for counter49
15:05:36:508	Upload Task event uploaded for counter51
15:05:37:618	Upload Task event uploaded for counter54
15:05:38:690	Upload Task event uploaded for counter55
15:05:39:780	Upload Task event uploaded for counter56
15:05:40:846	Upload Task event uploaded for counter57
15:05:41:922	Upload Task event uploaded for counter59
15:05:42:996	Upload Task event uploaded for counter60
15:05:44:093	Upload Task event uploaded for counter62
15:05:45:157	Upload Task event uploaded for counter65
15:05:46:227	Upload Task event uploaded for counter66
15:05:47:292	Upload Task event uploaded for counter68
15:05:48:378	Upload Task event uploaded for counter78
15:05:49:450	Upload Task event uploaded for counter79
15:05:50:520	Upload Task event uploaded for counter80
15:05:51:598	Upload Task event uploaded for counter81
15:05:52:664	Upload Task event uploaded for counter82
15:05:53:741	Upload Task event uploaded for counter83
15:05:54:823	Upload Task event uploaded for counter85
15:05:55:882	Upload Task event uploaded for counter86
15:05:56:958	Upload Task event uploaded for counter94
15:05:58:024	Upload Task event uploaded for counter95
15:05:59:091	Upload Task event uploaded for counter98
15:06:00:158	Upload Task event uploaded for counter100
15:06:01:290	Upload Task event uploaded for counter1
15:06:02:357	Upload Task event uploaded for counter2
15:06:03:426	Upload Task event uploaded for counter3
15:06:04:509	Upload Task event uploaded for counter4
15:06:05:580	Upload Task event uploaded for counter6
15:06:06:650	Upload Task event uploaded for counter10
15:06:07:715	Upload Task event uploaded for counter12
15:06:08:795	Upload Task event uploaded for counter15
15:06:09:871	Upload Task event uploaded for counter19
15:06:10:938	Upload Task event uploaded for counter24
15:06:12:016	Upload Task event uploaded for counter25
15:06:13:089	Upload Task event uploaded for counter27
15:06:14:171	Upload Task event uploaded for counter34
15:06:15:253	Upload Task event uploaded for counter37
15:06:16:326	Upload Task event uploaded for counter38
15:06:17:393	Upload Task event uploaded for counter41
15:06:18:473	Upload Task event uploaded for counter45
15:06:19:544	Upload Task event uploaded for counter49
15:06:20:611	Upload Task event uploaded for counter51
15:06:21:695	Upload Task event uploaded for counter54
15:06:22:763	Upload Task event uploaded for counter55
15:06:23:837	Upload Task event uploaded for counter56
15:06:24:945	Upload Task event uploaded for counter57
15:06:26:022	Upload Task event uploaded for counter59
15:06:27:095	Upload Task event uploaded for counter60
15:06:28:155	Upload Task event uploaded for counter62
15:06:29:443	Upload Task event uploaded for counter65
15:06:30:509	Upload Task event uploaded for counter68
15:06:31:569	Upload Task event uploaded for counter78
15:06:32:634	Upload Task event uploaded for counter79
15:06:33:799	Upload Task event uploaded for counter80
15:06:34:862	Upload Task event uploaded for counter81
15:06:35:929	Upload Task event uploaded for counter82
15:06:36:997	Upload Task event uploaded for counter83
15:06:38:063	Upload Task event uploaded for counter85
15:06:39:126	Upload Task event uploaded for counter86
15:06:40:201	Upload Task event uploaded for counter93
15:06:41:266	Upload Task event uploaded for counter94
15:06:42:335	Upload Task event uploaded for counter95
15:06:43:398	Upload Task event uploaded for counter98
15:06:44:465	Upload Task event uploaded for counter100
15:06:45:532	Upload Task event uploaded for counter1
15:06:46:598	Upload Task event uploaded for counter2
15:06:47:666	Upload Task event uploaded for counter3
15:06:48:973	Upload Task event uploaded for counter4
15:06:50:050	Upload Task event uploaded for counter6
15:06:51:119	Upload Task event uploaded for counter10
15:06:52:193	Upload Task event uploaded for counter12
15:06:53:261	Upload Task event uploaded for counter15
15:06:54:328	Upload Task event uploaded for counter19
15:06:55:405	Upload Task event uploaded for counter23
15:06:56:471	Upload Task event uploaded for counter24
15:06:57:547	Upload Task event uploaded for counter25
15:06:58:611	Upload Task event uploaded for counter27
15:06:59:686	Upload Task event uploaded for counter30
15:07:00:757	Upload Task event uploaded for counter34
15:07:01:833	Upload Task event uploaded for counter37
15:07:02:895	Upload Task event uploaded for counter38
15:07:03:952	Upload Task event uploaded for counter41
15:07:05:022	Upload Task event uploaded for counter44
15:07:06:101	Upload Task event uploaded for counter45
15:07:07:167	Upload Task event uploaded for counter47
15:07:08:239	Upload Task event uploaded for counter49
15:07:09:312	Upload Task event uploaded for counter51
15:07:10:379	Upload Task event uploaded for counter54
15:07:11:455	Upload Task event uploaded for counter55
15:07:12:523	Upload Task event uploaded for counter56
15:07:13:588	Upload Task event uploaded for counter57
15:07:14:653	Upload Task event uploaded for counter59
15:07:15:727	Upload Task event uploaded for counter60
15:07:16:811	Upload Task event uploaded for counter62
15:07:17:888	Upload Task event uploaded for counter65
15:07:18:954	Upload Task event uploaded for counter68
15:07:20:020	Upload Task event uploaded for counter78
15:07:21:117	Upload Task event uploaded for counter79
15:07:22:187	Upload Task event uploaded for counter80
15:07:23:257	Upload Task event uploaded for counter81
15:07:24:322	Upload Task event uploaded for counter84
15:07:25:439	Upload Task event uploaded for counter85
15:07:26:514	Upload Task event uploaded for counter86
15:07:27:579	Upload Task event uploaded for counter92
15:07:28:645	Upload Task event uploaded for counter93
15:07:29:712	Upload Task event uploaded for counter94
15:07:30:776	Upload Task event uploaded for counter95
15:07:31:847	Upload Task event uploaded for counter98
15:07:32:951	Upload Task event uploaded for counter100
15:07:34:017	Upload Task event uploaded for counter1
15:07:35:073	Upload Task event uploaded for counter2
15:07:36:139	Upload Task event uploaded for counter3
15:07:37:213	Upload Task event uploaded for counter4
15:07:38:288	Upload Task event uploaded for counter6
15:07:39:357	Upload Task event uploaded for counter10
15:07:40:423	Upload Task event uploaded for counter12
15:07:41:491	Upload Task event uploaded for counter15
15:07:42:556	Upload Task event uploaded for counter19
15:07:43:635	Upload Task event uploaded for counter23
15:07:44:718	Upload Task event uploaded for counter24
15:07:45:786	Upload Task event uploaded for counter25
15:07:46:858	Upload Task event uploaded for counter27
15:07:47:926	Upload Task event uploaded for counter28
15:07:48:998	Upload Task event uploaded for counter30
15:07:50:063	Upload Task event uploaded for counter34
15:07:51:131	Upload Task event uploaded for counter37
15:07:52:197	Upload Task event uploaded for counter38
15:07:53:263	Upload Task event uploaded for counter41
15:07:54:368	Upload Task event uploaded for counter44
15:07:55:476	Upload Task event uploaded for counter45
15:07:56:545	Upload Task event uploaded for counter47
15:07:57:611	Upload Task event uploaded for counter49
15:07:58:677	Upload Task event uploaded for counter51
15:07:59:742	Upload Task event uploaded for counter54
15:08:00:824	Upload Task event uploaded for counter55
15:08:01:888	Upload Task event uploaded for counter56
15:08:02:957	Upload Task event uploaded for counter57
15:08:04:022	Upload Task event uploaded for counter59
15:08:05:084	Upload Task event uploaded for counter60
15:08:06:155	Upload Task event uploaded for counter62
15:08:07:223	Upload Task event uploaded for counter64
15:08:08:291	Upload Task event uploaded for counter65
15:08:09:381	Upload Task event uploaded for counter68
15:08:10:441	Upload Task event uploaded for counter78
15:08:11:526	Upload Task event uploaded for counter79
15:08:12:591	Upload Task event uploaded for counter80
15:08:13:666	Upload Task event uploaded for counter81
15:08:14:740	Upload Task event uploaded for counter84
15:08:15:805	Upload Task event uploaded for counter85
15:08:17:160	Upload Task event uploaded for counter86
15:08:18:228	Upload Task event uploaded for counter92
15:08:19:299	Upload Task event uploaded for counter93
15:08:20:368	Upload Task event uploaded for counter94
15:08:21:467	Upload Task event uploaded for counter95
15:08:22:542	Upload Task event uploaded for counter96
15:08:23:608	Upload Task event uploaded for counter98
15:08:24:694	Upload Task event uploaded for counter100
15:08:25:760	Upload Task event uploaded for counter1
15:08:26:839	Upload Task event uploaded for counter2
15:08:27:904	Upload Task event uploaded for counter3
15:08:28:969	Upload Task event uploaded for counter4
15:08:30:035	Upload Task event uploaded for counter10
15:08:31:101	Upload Task event uploaded for counter12
15:08:32:167	Upload Task event uploaded for counter15
15:08:33:247	Upload Task event uploaded for counter16
15:08:34:322	Upload Task event uploaded for counter19
15:08:35:391	Upload Task event uploaded for counter23
15:08:36:461	Upload Task event uploaded for counter24
15:08:37:520	Upload Task event uploaded for counter27
15:08:38:585	Upload Task event uploaded for counter28
15:08:39:650	Upload Task event uploaded for counter30
15:08:40:721	Upload Task event uploaded for counter34
15:08:41:783	Upload Task event uploaded for counter37
15:08:42:851	Upload Task event uploaded for counter38
15:08:43:941	Upload Task event uploaded for counter41
15:08:45:008	Upload Task event uploaded for counter44
15:08:46:074	Upload Task event uploaded for counter45
15:08:47:140	Upload Task event uploaded for counter47
15:08:48:207	Upload Task event uploaded for counter49
15:08:49:275	Upload Task event uploaded for counter51
15:08:50:337	Upload Task event uploaded for counter54
15:08:51:413	Upload Task event uploaded for counter55
15:08:52:480	Upload Task event uploaded for counter56
15:08:53:554	Upload Task event uploaded for counter57
15:08:54:625	Upload Task event uploaded for counter59
15:08:55:701	Upload Task event uploaded for counter60
15:08:56:768	Upload Task event uploaded for counter62
15:08:57:838	Upload Task event uploaded for counter64
15:08:58:913	Upload Task event uploaded for counter65
15:08:59:979	Upload Task event uploaded for counter68
15:09:01:044	Upload Task event uploaded for counter78
15:09:02:112	Upload Task event uploaded for counter79
15:09:03:178	Upload Task event uploaded for counter80
15:09:04:244	Upload Task event uploaded for counter81
15:09:05:313	Upload Task event uploaded for counter84
15:09:06:386	Upload Task event uploaded for counter85
15:09:07:459	Upload Task event uploaded for counter86
15:09:08:526	Upload Task event uploaded for counter87
15:09:09:597	Upload Task event uploaded for counter92
15:09:10:666	Upload Task event uploaded for counter93
15:09:11:738	Upload Task event uploaded for counter94
15:09:12:803	Upload Task event uploaded for counter95
15:09:13:934	Upload Task event uploaded for counter96
15:09:15:011	Upload Task event uploaded for counter98
15:09:16:077	Upload Task event uploaded for counter100
15:09:17:135	Upload Task event uploaded for counter1
15:09:18:212	Upload Task event uploaded for counter2
15:09:19:310	Upload Task event uploaded for counter3
15:09:20:380	Upload Task event uploaded for counter4
15:09:21:462	Upload Task event uploaded for counter6
15:09:22:533	Upload Task event uploaded for counter10
15:09:23:609	Upload Task event uploaded for counter12
15:09:24:691	Upload Task event uploaded for counter15
15:09:25:757	Upload Task event uploaded for counter16
15:09:26:822	Upload Task event uploaded for counter19
15:09:27:910	Upload Task event uploaded for counter23
15:09:28:982	Upload Task event uploaded for counter24
15:09:30:048	Upload Task event uploaded for counter27
15:09:31:133	Upload Task event uploaded for counter28
15:09:32:201	Upload Task event uploaded for counter30
15:09:33:267	Upload Task event uploaded for counter34
15:09:34:332	Upload Task event uploaded for counter37
15:09:35:404	Upload Task event uploaded for counter38
15:09:36:470	Upload Task event uploaded for counter41
15:09:37:536	Upload Task event uploaded for counter44
15:09:38:755	Upload Task event uploaded for counter45
15:09:39:832	Upload Task event uploaded for counter47
15:09:40:910	Upload Task event uploaded for counter49
15:09:41:969	Upload Task event uploaded for counter51
15:09:43:042	Upload Task event uploaded for counter54
15:09:44:115	Upload Task event uploaded for counter56
15:09:45:193	Upload Task event uploaded for counter57
15:09:46:263	Upload Task event uploaded for counter58
15:09:47:332	Upload Task event uploaded for counter59
15:09:48:409	Upload Task event uploaded for counter60
15:09:49:486	Upload Task event uploaded for counter62
15:09:50:558	Upload Task event uploaded for counter64
15:09:51:624	Upload Task event uploaded for counter65
15:09:52:698	Upload Task event uploaded for counter68
15:09:53:768	Upload Task event uploaded for counter78
15:09:54:837	Upload Task event uploaded for counter79
15:09:55:903	Upload Task event uploaded for counter80
15:09:56:972	Upload Task event uploaded for counter81
15:09:58:038	Upload Task event uploaded for counter82
15:09:59:106	Upload Task event uploaded for counter83
15:10:00:177	Upload Task event uploaded for counter84
15:10:01:242	Upload Task event uploaded for counter85
15:10:02:314	Upload Task event uploaded for counter86
15:10:03:389	Upload Task event uploaded for counter87
15:10:04:453	Upload Task event uploaded for counter92
15:10:05:537	Upload Task event uploaded for counter93
15:10:06:603	Upload Task event uploaded for counter94
15:10:07:668	Upload Task event uploaded for counter95
15:10:08:734	Upload Task event uploaded for counter96
15:10:09:803	Upload Task event uploaded for counter98
15:10:10:882	Upload Task event uploaded for counter100
15:10:11:960	Upload Task event uploaded for counter1
15:10:13:031	Upload Task event uploaded for counter2
15:10:14:126	Upload Task cancellation request
15:10:14:131	Upload Task completed
