14:48:09:309	Application Starting
14:48:25:877	Upload Task starting
14:48:25:894	Data File: C:\Users\ratella\Source\Repos\SimulatorLight\bin\Debug\Data/aircraftdemo_input_v4.csv
14:48:27:116	Upload Task event uploaded for counter1
14:48:32:901	Upload Task event uploaded for counter2
14:48:34:057	Upload Task event uploaded for counter1
14:48:35:182	Upload Task event uploaded for counter2
14:48:36:307	Upload Task event uploaded for counter34
14:48:37:470	Upload Task event uploaded for counter1
14:48:38:606	Upload Task event uploaded for counter2
14:48:39:743	Upload Task event uploaded for counter34
14:48:40:879	Upload Task event uploaded for counter95
14:48:42:010	Upload Task event uploaded for counter1
14:48:43:145	Upload Task event uploaded for counter2
14:48:44:277	Upload Task event uploaded for counter4
14:48:45:423	Upload Task event uploaded for counter34
14:48:46:618	Upload Task event uploaded for counter51
14:48:47:778	Upload Task event uploaded for counter55
14:48:48:908	Upload Task event uploaded for counter95
14:48:50:044	Upload Task event uploaded for counter1
14:48:51:181	Upload Task event uploaded for counter2
14:48:52:336	Upload Task event uploaded for counter4
14:48:53:457	Upload Task event uploaded for counter34
14:48:54:581	Upload Task event uploaded for counter45
14:48:55:711	Upload Task event uploaded for counter51
14:48:56:855	Upload Task event uploaded for counter55
14:48:57:986	Upload Task event uploaded for counter93
14:48:59:121	Upload Task event uploaded for counter94
14:49:00:247	Upload Task event uploaded for counter95
14:49:01:376	Upload Task event uploaded for counter1
14:49:02:506	Upload Task event uploaded for counter2
14:49:03:646	Upload Task event uploaded for counter4
14:49:04:777	Upload Task event uploaded for counter34
14:49:05:913	Upload Task event uploaded for counter45
14:49:07:042	Upload Task event uploaded for counter51
14:49:08:175	Upload Task event uploaded for counter55
14:49:09:312	Upload Task event uploaded for counter93
14:49:10:482	Upload Task event uploaded for counter94
14:49:11:622	Upload Task event uploaded for counter95
14:49:12:764	Upload Task event uploaded for counter1
14:49:13:894	Upload Task event uploaded for counter2
14:49:15:036	Upload Task event uploaded for counter4
14:49:16:181	Upload Task event uploaded for counter34
14:49:17:318	Upload Task event uploaded for counter45
14:49:18:446	Upload Task event uploaded for counter51
14:49:19:603	Upload Task event uploaded for counter55
14:49:20:760	Upload Task event uploaded for counter93
14:49:21:889	Upload Task event uploaded for counter94
14:49:23:024	Upload Task event uploaded for counter95
14:49:24:179	Upload Task event uploaded for counter1
14:49:25:315	Upload Task event uploaded for counter2
14:49:26:460	Upload Task event uploaded for counter4
14:49:27:590	Upload Task event uploaded for counter23
14:49:28:753	Upload Task event uploaded for counter34
14:49:29:880	Upload Task event uploaded for counter41
14:49:31:017	Upload Task event uploaded for counter45
14:49:32:155	Upload Task event uploaded for counter51
14:49:33:302	Upload Task event uploaded for counter55
14:49:34:434	Upload Task event uploaded for counter62
14:49:35:562	Upload Task event uploaded for counter93
14:49:36:682	Upload Task event uploaded for counter94
14:49:37:830	Upload Task event uploaded for counter95
14:49:38:981	Upload Task event uploaded for counter1
14:49:40:130	Upload Task event uploaded for counter2
14:49:41:266	Upload Task event uploaded for counter4
14:49:42:387	Upload Task event uploaded for counter23
14:49:43:508	Upload Task event uploaded for counter34
14:49:44:643	Upload Task event uploaded for counter41
14:49:45:809	Upload Task event uploaded for counter45
14:49:46:951	Upload Task event uploaded for counter51
14:49:48:106	Upload Task event uploaded for counter55
14:49:49:239	Upload Task event uploaded for counter62
14:49:50:384	Upload Task event uploaded for counter79
14:49:51:535	Upload Task event uploaded for counter93
14:49:52:658	Upload Task event uploaded for counter94
14:49:53:814	Upload Task event uploaded for counter95
14:49:54:975	Upload Task event uploaded for counter1
14:49:56:114	Upload Task event uploaded for counter2
14:49:57:262	Upload Task event uploaded for counter4
14:49:58:412	Upload Task event uploaded for counter23
14:49:59:570	Upload Task event uploaded for counter34
14:50:00:710	Upload Task event uploaded for counter41
14:50:01:851	Upload Task event uploaded for counter45
14:50:02:980	Upload Task event uploaded for counter51
14:50:04:117	Upload Task event uploaded for counter55
14:50:05:270	Upload Task event uploaded for counter62
14:50:06:402	Upload Task event uploaded for counter79
14:50:07:537	Upload Task event uploaded for counter84
14:50:08:665	Upload Task event uploaded for counter93
14:50:09:818	Upload Task event uploaded for counter94
14:50:10:966	Upload Task event uploaded for counter95
14:50:12:100	Upload Task event uploaded for counter1
14:50:13:232	Upload Task event uploaded for counter2
14:50:14:378	Upload Task event uploaded for counter4
14:50:15:514	Upload Task event uploaded for counter23
14:50:16:637	Upload Task event uploaded for counter34
14:50:17:775	Upload Task event uploaded for counter41
14:50:18:909	Upload Task event uploaded for counter45
14:50:20:040	Upload Task event uploaded for counter51
14:50:21:174	Upload Task event uploaded for counter55
14:50:22:306	Upload Task event uploaded for counter62
14:50:23:437	Upload Task event uploaded for counter79
14:50:24:558	Upload Task event uploaded for counter84
14:50:25:702	Upload Task event uploaded for counter93
14:50:26:837	Upload Task event uploaded for counter94
14:50:27:968	Upload Task event uploaded for counter95
14:50:29:116	Upload Task event uploaded for counter1
14:50:30:255	Upload Task event uploaded for counter2
14:50:31:400	Upload Task event uploaded for counter4
14:50:32:536	Upload Task event uploaded for counter23
14:50:33:661	Upload Task event uploaded for counter34
14:50:34:819	Upload Task event uploaded for counter41
14:50:35:967	Upload Task event uploaded for counter45
14:50:37:103	Upload Task event uploaded for counter47
14:50:38:235	Upload Task event uploaded for counter51
14:50:39:417	Upload Task event uploaded for counter55
14:50:40:554	Upload Task event uploaded for counter59
14:50:41:707	Upload Task event uploaded for counter62
14:50:42:869	Upload Task event uploaded for counter79
14:50:44:002	Upload Task event uploaded for counter84
14:50:45:140	Upload Task event uploaded for counter93
14:50:46:285	Upload Task event uploaded for counter94
14:50:47:424	Upload Task event uploaded for counter95
14:50:48:546	Upload Task event uploaded for counter1
14:50:49:665	Upload Task event uploaded for counter2
14:50:50:813	Upload Task event uploaded for counter4
14:50:51:952	Upload Task event uploaded for counter23
14:50:53:093	Upload Task event uploaded for counter34
14:50:54:233	Upload Task event uploaded for counter41
14:50:55:373	Upload Task event uploaded for counter45
14:50:56:545	Upload Task event uploaded for counter47
14:50:57:668	Upload Task event uploaded for counter51
14:50:58:799	Upload Task event uploaded for counter55
14:50:59:957	Upload Task event uploaded for counter56
14:51:01:086	Upload Task event uploaded for counter59
14:51:02:230	Upload Task event uploaded for counter62
14:51:03:358	Upload Task event uploaded for counter79
14:51:04:503	Upload Task event uploaded for counter84
14:51:05:653	Upload Task event uploaded for counter93
14:51:06:792	Upload Task event uploaded for counter94
14:51:07:924	Upload Task event uploaded for counter95
14:51:09:063	Upload Task event uploaded for counter1
14:51:10:202	Upload Task event uploaded for counter2
14:51:11:342	Upload Task event uploaded for counter23
14:51:12:475	Upload Task event uploaded for counter34
14:51:13:631	Upload Task event uploaded for counter41
14:51:14:804	Upload Task event uploaded for counter45
14:51:16:012	Upload Task event uploaded for counter47
14:51:17:141	Upload Task event uploaded for counter51
14:51:18:275	Upload Task event uploaded for counter55
14:51:19:409	Upload Task event uploaded for counter56
14:51:20:558	Upload Task event uploaded for counter59
14:51:21:719	Upload Task event uploaded for counter62
14:51:22:851	Upload Task event uploaded for counter79
14:51:23:979	Upload Task event uploaded for counter84
14:51:25:125	Upload Task event uploaded for counter93
14:51:26:276	Upload Task event uploaded for counter94
14:51:27:412	Upload Task event uploaded for counter95
14:51:28:592	Upload Task event uploaded for counter1
14:51:29:750	Upload Task event uploaded for counter2
14:51:30:892	Upload Task event uploaded for counter4
14:51:32:044	Upload Task event uploaded for counter23
14:51:33:185	Upload Task event uploaded for counter34
14:51:34:380	Upload Task cancellation request
14:51:34:422	Upload Task completed
