14:05:45:045	Application Starting
14:05:49:265	Upload Task starting
14:05:49:277	Data File: C:\Users\ratella\Source\Repos\SimulatorLight\bin\Debug\Data/aircraftdemo_input_v4.csv
14:05:50:580	Upload Task event uploaded for counter1
14:05:56:378	Upload Task event uploaded for counter2
14:05:57:516	Upload Task event uploaded for counter1
14:05:58:698	Upload Task event uploaded for counter2
14:05:59:847	Upload Task event uploaded for counter34
14:06:01:028	Upload Task event uploaded for counter1
14:06:02:204	Upload Task event uploaded for counter2
14:06:03:366	Upload Task event uploaded for counter34
14:06:04:516	Upload Task event uploaded for counter95
14:06:05:650	Upload Task event uploaded for counter1
14:06:06:782	Upload Task event uploaded for counter2
14:06:07:919	Upload Task event uploaded for counter4
14:06:09:105	Upload Task event uploaded for counter34
14:06:10:236	Upload Task event uploaded for counter51
14:06:11:357	Upload Task event uploaded for counter55
14:06:12:503	Upload Task event uploaded for counter95
14:06:13:631	Upload Task event uploaded for counter1
14:06:14:776	Upload Task event uploaded for counter2
14:06:15:910	Upload Task event uploaded for counter4
14:06:17:042	Upload Task event uploaded for counter34
14:06:18:183	Upload Task event uploaded for counter45
14:06:19:305	Upload Task event uploaded for counter51
14:06:20:431	Upload Task event uploaded for counter55
14:06:21:561	Upload Task event uploaded for counter93
14:06:22:693	Upload Task event uploaded for counter94
14:06:23:824	Upload Task event uploaded for counter95
14:06:24:959	Upload Task event uploaded for counter1
14:06:26:099	Upload Task event uploaded for counter2
14:06:27:229	Upload Task event uploaded for counter4
14:06:28:348	Upload Task event uploaded for counter34
14:06:29:485	Upload Task event uploaded for counter45
14:06:30:612	Upload Task event uploaded for counter51
14:06:31:750	Upload Task event uploaded for counter55
14:06:32:893	Upload Task event uploaded for counter93
14:06:34:027	Upload Task event uploaded for counter94
14:06:35:162	Upload Task event uploaded for counter95
14:06:36:283	Upload Task event uploaded for counter1
14:06:37:413	Upload Task event uploaded for counter2
14:06:38:543	Upload Task event uploaded for counter4
14:06:39:701	Upload Task event uploaded for counter34
14:06:40:832	Upload Task event uploaded for counter45
14:06:41:960	Upload Task event uploaded for counter51
14:06:43:087	Upload Task event uploaded for counter55
14:06:44:208	Upload Task event uploaded for counter93
14:06:45:353	Upload Task event uploaded for counter94
14:06:46:480	Upload Task event uploaded for counter95
14:06:47:610	Upload Task event uploaded for counter1
14:06:48:739	Upload Task event uploaded for counter2
14:06:49:894	Upload Task event uploaded for counter4
14:06:51:027	Upload Task event uploaded for counter23
14:06:52:158	Upload Task event uploaded for counter34
14:06:53:276	Upload Task event uploaded for counter41
14:06:54:420	Upload Task event uploaded for counter45
14:06:55:599	Upload Task event uploaded for counter51
14:06:56:738	Upload Task event uploaded for counter55
14:06:57:868	Upload Task event uploaded for counter62
14:06:59:005	Upload Task event uploaded for counter93
14:07:00:223	Upload Task event uploaded for counter94
14:07:01:352	Upload Task event uploaded for counter95
14:07:02:495	Upload Task event uploaded for counter1
14:07:03:624	Upload Task event uploaded for counter2
14:07:04:779	Upload Task event uploaded for counter4
14:07:05:981	Upload Task event uploaded for counter23
14:07:07:123	Upload Task event uploaded for counter34
14:07:08:243	Upload Task event uploaded for counter41
14:07:09:369	Upload Task event uploaded for counter45
14:07:10:521	Upload Task event uploaded for counter51
14:07:11:724	Upload Task event uploaded for counter55
14:07:12:856	Upload Task event uploaded for counter62
14:07:13:984	Upload Task event uploaded for counter79
14:07:15:119	Upload Task event uploaded for counter93
14:07:16:266	Upload Task event uploaded for counter94
14:07:17:392	Upload Task event uploaded for counter95
14:07:18:534	Upload Task event uploaded for counter1
14:07:19:661	Upload Task event uploaded for counter2
14:07:20:788	Upload Task event uploaded for counter4
14:07:21:964	Upload Task event uploaded for counter23
14:07:23:099	Upload Task event uploaded for counter34
14:07:24:225	Upload Task event uploaded for counter41
14:07:25:391	Upload Task event uploaded for counter45
14:07:26:519	Upload Task event uploaded for counter51
14:07:27:651	Upload Task event uploaded for counter55
14:07:28:789	Upload Task event uploaded for counter62
14:07:29:921	Upload Task event uploaded for counter79
14:07:31:039	Upload Task event uploaded for counter84
14:07:32:169	Upload Task event uploaded for counter93
14:07:33:303	Upload Task event uploaded for counter94
14:07:34:435	Upload Task event uploaded for counter95
14:07:35:621	Upload Task event uploaded for counter1
14:07:36:751	Upload Task event uploaded for counter2
14:07:37:876	Upload Task event uploaded for counter4
14:07:38:993	Upload Task event uploaded for counter23
14:07:40:124	Upload Task event uploaded for counter34
14:07:41:261	Upload Task event uploaded for counter41
14:07:42:402	Upload Task event uploaded for counter45
14:07:43:552	Upload Task event uploaded for counter51
14:07:44:689	Upload Task event uploaded for counter55
14:07:45:825	Upload Task event uploaded for counter62
14:07:46:963	Upload Task event uploaded for counter79
14:07:48:092	Upload Task event uploaded for counter84
14:07:49:238	Upload Task event uploaded for counter93
14:07:50:377	Upload Task event uploaded for counter94
14:07:51:509	Upload Task event uploaded for counter95
14:07:52:649	Upload Task event uploaded for counter1
14:07:53:802	Upload Task event uploaded for counter2
14:07:54:925	Upload Task event uploaded for counter4
14:07:56:060	Upload Task event uploaded for counter23
14:07:57:186	Upload Task event uploaded for counter34
14:07:58:320	Upload Task event uploaded for counter41
14:07:59:482	Upload Task event uploaded for counter45
14:08:00:622	Upload Task event uploaded for counter47
14:08:01:748	Upload Task event uploaded for counter51
14:08:02:887	Upload Task event uploaded for counter55
14:08:04:023	Upload Task event uploaded for counter59
14:08:05:162	Upload Task event uploaded for counter62
14:08:06:300	Upload Task event uploaded for counter79
14:08:07:447	Upload Task event uploaded for counter84
14:08:08:578	Upload Task event uploaded for counter93
14:08:09:695	Upload Task event uploaded for counter94
14:08:10:844	Upload Task event uploaded for counter95
14:08:12:017	Upload Task event uploaded for counter1
14:08:13:162	Upload Task event uploaded for counter2
14:08:14:288	Upload Task event uploaded for counter4
14:08:15:463	Upload Task event uploaded for counter23
14:08:16:598	Upload Task event uploaded for counter34
14:08:17:726	Upload Task event uploaded for counter41
14:08:18:855	Upload Task event uploaded for counter45
14:08:19:989	Upload Task event uploaded for counter47
14:08:21:136	Upload Task event uploaded for counter51
14:08:22:283	Upload Task event uploaded for counter55
14:08:23:443	Upload Task event uploaded for counter56
14:08:24:582	Upload Task event uploaded for counter59
14:08:25:730	Upload Task event uploaded for counter62
14:08:26:868	Upload Task event uploaded for counter79
14:08:28:011	Upload Task event uploaded for counter84
14:08:29:154	Upload Task event uploaded for counter93
14:08:30:307	Upload Task event uploaded for counter94
14:08:31:435	Upload Task event uploaded for counter95
14:08:32:568	Upload Task event uploaded for counter1
14:08:33:692	Upload Task event uploaded for counter2
14:08:34:842	Upload Task event uploaded for counter23
14:08:35:982	Upload Task event uploaded for counter34
14:08:37:127	Upload Task event uploaded for counter41
14:08:38:263	Upload Task event uploaded for counter45
14:08:39:400	Upload Task event uploaded for counter47
14:08:40:532	Upload Task event uploaded for counter51
14:08:41:668	Upload Task event uploaded for counter55
14:08:42:801	Upload Task event uploaded for counter56
14:08:43:934	Upload Task event uploaded for counter59
14:08:45:077	Upload Task event uploaded for counter62
14:08:46:211	Upload Task event uploaded for counter79
14:08:47:465	Upload Task event uploaded for counter84
14:08:48:735	Upload Task event uploaded for counter93
14:08:49:938	Upload Task event uploaded for counter94
14:08:51:076	Upload Task event uploaded for counter95
14:08:52:224	Upload Task event uploaded for counter1
14:08:53:381	Upload Task event uploaded for counter2
14:08:54:506	Upload Task event uploaded for counter4
14:08:55:669	Upload Task event uploaded for counter23
14:08:56:810	Upload Task event uploaded for counter34
14:08:57:984	Upload Task event uploaded for counter41
14:08:59:169	Upload Task event uploaded for counter45
14:09:00:322	Upload Task event uploaded for counter47
14:09:01:461	Upload Task event uploaded for counter51
14:09:02:617	Upload Task event uploaded for counter55
14:09:03:746	Upload Task event uploaded for counter56
14:09:04:879	Upload Task event uploaded for counter59
14:09:06:058	Upload Task event uploaded for counter62
14:09:07:196	Upload Task event uploaded for counter79
14:09:08:399	Upload Task event uploaded for counter84
14:09:09:568	Upload Task event uploaded for counter93
14:09:10:701	Upload Task event uploaded for counter94
14:09:11:852	Upload Task event uploaded for counter95
14:09:12:993	Upload Task event uploaded for counter1
14:09:14:128	Upload Task event uploaded for counter2
14:09:15:256	Upload Task event uploaded for counter4
14:09:16:419	Upload Task event uploaded for counter15
14:09:17:553	Upload Task event uploaded for counter23
14:09:18:680	Upload Task event uploaded for counter34
14:09:19:821	Upload Task event uploaded for counter41
14:09:21:063	Upload Task event uploaded for counter45
14:09:22:196	Upload Task event uploaded for counter47
14:09:23:350	Upload Task event uploaded for counter51
14:09:24:488	Upload Task event uploaded for counter55
14:09:25:616	Upload Task event uploaded for counter56
14:09:26:734	Upload Task event uploaded for counter58
14:09:27:868	Upload Task event uploaded for counter59
14:09:29:082	Upload Task event uploaded for counter62
14:09:30:322	Upload Task event uploaded for counter84
14:09:31:598	Upload Task event uploaded for counter92
14:09:32:971	Upload Task event uploaded for counter93
14:09:34:300	Upload Task event uploaded for counter94
14:09:35:517	Upload Task event uploaded for counter95
14:09:36:746	Upload Task event uploaded for counter1
14:09:38:032	Upload Task event uploaded for counter2
14:09:39:237	Upload Task event uploaded for counter4
14:09:40:574	Upload Task event uploaded for counter15
14:09:41:877	Upload Task event uploaded for counter23
14:09:43:299	Upload Task event uploaded for counter34
14:09:44:431	Upload Task event uploaded for counter41
14:09:45:583	Upload Task event uploaded for counter45
14:09:46:715	Upload Task event uploaded for counter47
14:09:47:870	Upload Task event uploaded for counter51
14:09:49:015	Upload Task event uploaded for counter54
14:09:50:151	Upload Task event uploaded for counter55
14:09:51:289	Upload Task event uploaded for counter56
14:09:52:418	Upload Task event uploaded for counter58
14:09:53:558	Upload Task event uploaded for counter59
14:09:54:717	Upload Task event uploaded for counter62
14:09:55:854	Upload Task event uploaded for counter84
14:09:56:972	Upload Task event uploaded for counter92
14:09:58:123	Upload Task event uploaded for counter93
14:09:59:282	Upload Task event uploaded for counter94
14:10:00:418	Upload Task event uploaded for counter95
14:10:01:556	Upload Task event uploaded for counter1
14:10:02:686	Upload Task event uploaded for counter2
14:10:03:808	Upload Task event uploaded for counter4
14:10:04:927	Upload Task event uploaded for counter15
14:10:06:059	Upload Task event uploaded for counter23
14:10:07:214	Upload Task event uploaded for counter27
14:10:08:479	Upload Task event uploaded for counter34
14:10:09:800	Upload Task event uploaded for counter41
14:10:11:004	Upload Task event uploaded for counter45
14:10:12:187	Upload Task event uploaded for counter47
14:10:13:331	Upload Task event uploaded for counter51
14:10:14:487	Upload Task event uploaded for counter54
14:10:15:647	Upload Task event uploaded for counter55
14:10:16:788	Upload Task event uploaded for counter56
14:10:17:932	Upload Task event uploaded for counter58
14:10:19:069	Upload Task event uploaded for counter59
14:10:20:221	Upload Task event uploaded for counter62
14:10:21:350	Upload Task cancellation request
14:10:21:429	Upload Task completed
