15:43:22:571	Application Starting
15:43:26:442	Upload Task starting
15:43:26:459	Data File: C:\Users\ratella\Source\Repos\SimulatorLight\bin\Debug\Data/aircraftdemo_input_v4.csv
15:43:27:812	Upload Task event uploaded for counter1
15:43:32:460	Upload Task event uploaded for counter2
15:43:33:586	Upload Task event uploaded for counter1
15:43:34:706	Upload Task event uploaded for counter2
15:43:35:827	Upload Task event uploaded for counter34
15:43:36:964	Upload Task event uploaded for counter1
15:43:38:210	Upload Task event uploaded for counter2
15:43:39:363	Upload Task event uploaded for counter34
15:43:40:493	Upload Task event uploaded for counter95
15:43:41:633	Upload Task event uploaded for counter1
15:43:42:754	Upload Task event uploaded for counter2
15:43:43:876	Upload Task event uploaded for counter4
15:43:45:003	Upload Task event uploaded for counter34
15:43:46:132	Upload Task event uploaded for counter51
15:43:47:260	Upload Task event uploaded for counter55
15:43:48:397	Upload Task event uploaded for counter95
15:43:49:517	Upload Task event uploaded for counter1
15:43:50:643	Upload Task event uploaded for counter2
15:43:51:769	Upload Task event uploaded for counter4
15:43:52:899	Upload Task event uploaded for counter34
15:43:54:084	Upload Task event uploaded for counter45
15:43:55:224	Upload Task event uploaded for counter51
15:43:56:354	Upload Task event uploaded for counter55
15:43:57:472	Upload Task event uploaded for counter93
15:43:58:592	Upload Task event uploaded for counter94
15:43:59:719	Upload Task event uploaded for counter95
15:44:00:850	Upload Task event uploaded for counter1
15:44:01:977	Upload Task event uploaded for counter2
15:44:03:104	Upload Task event uploaded for counter4
15:44:04:234	Upload Task event uploaded for counter34
15:44:05:356	Upload Task event uploaded for counter45
15:44:06:481	Upload Task event uploaded for counter51
15:44:07:613	Upload Task event uploaded for counter55
15:44:08:750	Upload Task event uploaded for counter93
15:44:09:880	Upload Task event uploaded for counter94
15:44:11:010	Upload Task event uploaded for counter95
15:44:12:131	Upload Task event uploaded for counter1
15:44:13:251	Upload Task event uploaded for counter2
15:44:14:380	Upload Task event uploaded for counter4
15:44:15:537	Upload Task event uploaded for counter34
15:44:16:670	Upload Task event uploaded for counter45
15:44:17:807	Upload Task event uploaded for counter51
15:44:18:950	Upload Task event uploaded for counter55
15:44:20:069	Upload Task event uploaded for counter93
15:44:21:190	Upload Task event uploaded for counter94
15:44:22:379	Upload Task event uploaded for counter95
15:44:23:519	Upload Task event uploaded for counter1
15:44:24:657	Upload Task event uploaded for counter2
15:44:25:784	Upload Task event uploaded for counter4
15:44:26:913	Upload Task event uploaded for counter23
15:44:28:032	Upload Task event uploaded for counter34
15:44:29:149	Upload Task event uploaded for counter41
15:44:30:279	Upload Task event uploaded for counter45
15:44:31:432	Upload Task event uploaded for counter51
15:44:32:577	Upload Task event uploaded for counter55
15:44:33:714	Upload Task event uploaded for counter62
15:44:34:832	Upload Task event uploaded for counter93
15:44:35:955	Upload Task event uploaded for counter94
15:44:37:088	Upload Task event uploaded for counter95
15:44:38:222	Upload Task event uploaded for counter1
15:44:39:366	Upload Task event uploaded for counter2
15:44:40:499	Upload Task event uploaded for counter4
15:44:41:626	Upload Task event uploaded for counter23
15:44:42:744	Upload Task event uploaded for counter34
15:44:43:872	Upload Task event uploaded for counter41
15:44:45:021	Upload Task event uploaded for counter45
15:44:46:161	Upload Task event uploaded for counter51
15:44:47:292	Upload Task event uploaded for counter55
15:44:48:445	Upload Task event uploaded for counter62
15:44:49:570	Upload Task event uploaded for counter79
15:44:50:690	Upload Task event uploaded for counter93
15:44:51:812	Upload Task event uploaded for counter94
15:44:52:946	Upload Task event uploaded for counter95
15:44:54:087	Upload Task event uploaded for counter1
15:44:55:216	Upload Task event uploaded for counter2
15:44:56:368	Upload Task event uploaded for counter4
15:44:57:536	Upload Task event uploaded for counter23
15:44:58:687	Upload Task event uploaded for counter34
15:44:59:815	Upload Task event uploaded for counter41
15:45:00:943	Upload Task event uploaded for counter45
15:45:02:077	Upload Task event uploaded for counter51
15:45:03:206	Upload Task event uploaded for counter55
15:45:04:336	Upload Task event uploaded for counter62
15:45:05:455	Upload Task event uploaded for counter79
15:45:06:603	Upload Task event uploaded for counter84
15:45:07:730	Upload Task event uploaded for counter93
15:45:08:866	Upload Task event uploaded for counter94
15:45:09:998	Upload Task event uploaded for counter95
15:45:11:126	Upload Task event uploaded for counter1
15:45:12:242	Upload Task event uploaded for counter2
15:45:13:365	Upload Task event uploaded for counter4
15:45:14:490	Upload Task event uploaded for counter23
15:45:15:629	Upload Task event uploaded for counter34
15:45:16:769	Upload Task event uploaded for counter41
15:45:17:897	Upload Task event uploaded for counter45
15:45:19:063	Upload Task event uploaded for counter51
15:45:20:182	Upload Task event uploaded for counter55
15:45:21:317	Upload Task event uploaded for counter62
15:45:22:445	Upload Task event uploaded for counter79
15:45:23:574	Upload Task event uploaded for counter84
15:45:24:702	Upload Task event uploaded for counter93
15:45:25:834	Upload Task event uploaded for counter94
15:45:26:953	Upload Task event uploaded for counter95
15:45:28:071	Upload Task event uploaded for counter1
15:45:29:201	Upload Task event uploaded for counter2
15:45:30:337	Upload Task event uploaded for counter4
15:45:31:468	Upload Task event uploaded for counter23
15:45:32:607	Upload Task event uploaded for counter34
15:45:33:734	Upload Task event uploaded for counter41
15:45:34:864	Upload Task event uploaded for counter45
15:45:35:985	Upload Task event uploaded for counter47
15:45:37:114	Upload Task event uploaded for counter51
15:45:38:363	Upload Task event uploaded for counter55
15:45:39:503	Upload Task event uploaded for counter59
15:45:40:643	Upload Task event uploaded for counter62
15:45:41:785	Upload Task event uploaded for counter79
15:45:42:903	Upload Task event uploaded for counter84
15:45:44:032	Upload Task event uploaded for counter93
15:45:45:162	Upload Task event uploaded for counter94
15:45:46:288	Upload Task event uploaded for counter95
15:45:47:431	Upload Task event uploaded for counter1
15:45:48:569	Upload Task event uploaded for counter2
15:45:49:698	Upload Task event uploaded for counter4
15:45:50:825	Upload Task event uploaded for counter23
15:45:51:945	Upload Task event uploaded for counter34
15:45:53:073	Upload Task event uploaded for counter41
15:45:54:204	Upload Task event uploaded for counter45
15:45:55:336	Upload Task event uploaded for counter47
15:45:56:470	Upload Task event uploaded for counter51
15:45:57:743	Upload Task event uploaded for counter55
15:45:59:028	Upload Task event uploaded for counter56
15:46:00:508	Upload Task event uploaded for counter59
15:46:01:954	Upload Task event uploaded for counter62
15:46:03:160	Upload Task event uploaded for counter79
15:46:04:389	Upload Task event uploaded for counter84
15:46:05:673	Upload Task event uploaded for counter93
15:46:06:879	Upload Task event uploaded for counter94
15:46:08:194	Upload Task event uploaded for counter95
15:46:09:546	Upload Task event uploaded for counter1
15:46:10:678	Upload Task event uploaded for counter2
15:46:11:808	Upload Task event uploaded for counter23
15:46:12:940	Upload Task event uploaded for counter34
15:46:14:085	Upload Task event uploaded for counter41
15:46:15:204	Upload Task event uploaded for counter45
15:46:16:338	Upload Task event uploaded for counter47
15:46:17:474	Upload Task event uploaded for counter51
15:46:18:607	Upload Task event uploaded for counter55
15:46:19:740	Upload Task event uploaded for counter56
15:46:20:874	Upload Task event uploaded for counter59
15:46:22:001	Upload Task event uploaded for counter62
15:46:23:137	Upload Task event uploaded for counter79
15:46:24:327	Upload Task event uploaded for counter84
15:46:25:478	Upload Task event uploaded for counter93
15:46:26:677	Upload Task event uploaded for counter94
15:46:27:890	Upload Task event uploaded for counter95
15:46:29:024	Upload Task event uploaded for counter1
15:46:30:152	Upload Task event uploaded for counter2
15:46:31:277	Upload Task event uploaded for counter4
15:46:32:533	Upload Task event uploaded for counter23
15:46:33:693	Upload Task event uploaded for counter34
15:46:34:825	Upload Task event uploaded for counter41
15:46:35:963	Upload Task event uploaded for counter45
15:46:37:088	Upload Task event uploaded for counter47
15:46:38:207	Upload Task event uploaded for counter51
15:46:39:336	Upload Task event uploaded for counter55
15:46:40:486	Upload Task event uploaded for counter56
15:46:41:628	Upload Task event uploaded for counter59
15:46:42:768	Upload Task event uploaded for counter62
15:46:43:902	Upload Task event uploaded for counter79
15:46:45:025	Upload Task event uploaded for counter84
15:46:46:146	Upload Task event uploaded for counter93
15:46:47:273	Upload Task event uploaded for counter94
15:46:48:414	Upload Task event uploaded for counter95
15:46:49:564	Upload Task event uploaded for counter1
15:46:50:694	Upload Task event uploaded for counter2
15:46:51:829	Upload Task event uploaded for counter4
15:46:52:950	Upload Task event uploaded for counter15
15:46:54:090	Upload Task event uploaded for counter23
15:46:55:222	Upload Task event uploaded for counter34
15:46:56:352	Upload Task event uploaded for counter41
15:46:57:489	Upload Task event uploaded for counter45
15:46:58:619	Upload Task event uploaded for counter47
15:46:59:742	Upload Task event uploaded for counter51
15:47:00:867	Upload Task event uploaded for counter55
15:47:01:999	Upload Task event uploaded for counter56
15:47:03:157	Upload Task event uploaded for counter58
15:47:04:291	Upload Task event uploaded for counter59
15:47:05:423	Upload Task event uploaded for counter62
15:47:06:557	Upload Task event uploaded for counter84
15:47:07:680	Upload Task event uploaded for counter92
15:47:08:818	Upload Task event uploaded for counter93
15:47:09:950	Upload Task event uploaded for counter94
15:47:11:081	Upload Task event uploaded for counter95
15:47:12:220	Upload Task event uploaded for counter1
15:47:13:379	Upload Task event uploaded for counter2
15:47:14:512	Upload Task event uploaded for counter4
15:47:15:632	Upload Task event uploaded for counter15
15:47:16:771	Upload Task event uploaded for counter23
15:47:17:902	Upload Task event uploaded for counter34
15:47:19:055	Upload Task event uploaded for counter41
15:47:20:193	Upload Task event uploaded for counter45
15:47:21:322	Upload Task event uploaded for counter47
15:47:22:444	Upload Task event uploaded for counter51
15:47:23:566	Upload Task event uploaded for counter54
15:47:24:719	Upload Task event uploaded for counter55
15:47:25:852	Upload Task event uploaded for counter56
15:47:26:984	Upload Task event uploaded for counter58
15:47:28:114	Upload Task event uploaded for counter59
15:47:29:249	Upload Task event uploaded for counter62
15:47:30:364	Upload Task event uploaded for counter84
15:47:31:485	Upload Task event uploaded for counter92
15:47:32:636	Upload Task event uploaded for counter93
15:47:33:779	Upload Task event uploaded for counter94
15:47:34:917	Upload Task event uploaded for counter95
15:47:36:058	Upload Task event uploaded for counter1
15:47:37:191	Upload Task event uploaded for counter2
15:47:38:342	Upload Task event uploaded for counter4
15:47:39:470	Upload Task event uploaded for counter15
15:47:40:607	Upload Task event uploaded for counter23
15:47:41:743	Upload Task event uploaded for counter27
15:47:42:875	Upload Task event uploaded for counter34
15:47:43:999	Upload Task event uploaded for counter41
15:47:45:120	Upload Task event uploaded for counter45
15:47:46:248	Upload Task event uploaded for counter47
15:47:47:379	Upload Task event uploaded for counter51
15:47:48:542	Upload Task event uploaded for counter54
15:47:49:891	Upload Task event uploaded for counter55
15:47:51:024	Upload Task event uploaded for counter56
15:47:52:163	Upload Task event uploaded for counter58
15:47:53:288	Upload Task event uploaded for counter59
15:47:54:411	Upload Task event uploaded for counter62
15:47:55:560	Upload Task event uploaded for counter84
15:47:56:739	Upload Task event uploaded for counter92
15:47:57:891	Upload Task event uploaded for counter93
15:47:59:023	Upload Task event uploaded for counter94
15:48:00:156	Upload Task event uploaded for counter95
15:48:01:279	Upload Task event uploaded for counter1
15:48:02:416	Upload Task event uploaded for counter2
15:48:03:547	Upload Task event uploaded for counter4
15:48:04:690	Upload Task event uploaded for counter15
15:48:05:820	Upload Task event uploaded for counter23
15:48:06:944	Upload Task event uploaded for counter27
15:48:08:066	Upload Task event uploaded for counter28
15:48:09:203	Upload Task event uploaded for counter34
15:48:10:335	Upload Task event uploaded for counter41
15:48:11:493	Upload Task event uploaded for counter45
15:48:12:622	Upload Task event uploaded for counter47
15:48:13:780	Upload Task event uploaded for counter51
15:48:14:898	Upload Task event uploaded for counter54
15:48:16:018	Upload Task event uploaded for counter55
15:48:17:343	Upload Task event uploaded for counter56
15:48:18:471	Upload Task event uploaded for counter58
15:48:19:608	Upload Task event uploaded for counter59
15:48:20:753	Upload Task event uploaded for counter62
15:48:21:884	Upload Task event uploaded for counter84
15:48:23:005	Upload Task event uploaded for counter92
15:48:24:131	Upload Task event uploaded for counter93
15:48:25:260	Upload Task event uploaded for counter94
15:48:26:401	Upload Task event uploaded for counter95
15:48:27:552	Upload Task event uploaded for counter1
15:48:28:688	Upload Task event uploaded for counter2
15:48:29:810	Upload Task event uploaded for counter4
15:48:30:933	Upload Task event uploaded for counter15
15:48:32:069	Upload Task event uploaded for counter23
15:48:33:197	Upload Task event uploaded for counter27
15:48:34:334	Upload Task event uploaded for counter28
15:48:35:461	Upload Task event uploaded for counter34
15:48:36:592	Upload Task event uploaded for counter41
15:48:37:796	Upload Task event uploaded for counter45
15:48:38:927	Upload Task event uploaded for counter47
15:48:40:055	Upload Task event uploaded for counter51
15:48:41:212	Upload Task event uploaded for counter54
15:48:42:346	Upload Task event uploaded for counter55
15:48:43:478	Upload Task event uploaded for counter56
15:48:44:622	Upload Task event uploaded for counter58
15:48:45:749	Upload Task event uploaded for counter59
15:48:46:881	Upload Task event uploaded for counter62
15:48:48:014	Upload Task event uploaded for counter84
15:48:49:154	Upload Task event uploaded for counter92
15:48:50:284	Upload Task event uploaded for counter93
15:48:51:423	Upload Task event uploaded for counter94
15:48:52:553	Upload Task event uploaded for counter95
15:48:53:683	Upload Task event uploaded for counter1
15:48:54:841	Upload Task event uploaded for counter2
15:48:55:985	Upload Task event uploaded for counter4
15:48:57:128	Upload Task event uploaded for counter15
15:48:58:268	Upload Task event uploaded for counter23
15:48:59:386	Upload Task event uploaded for counter27
15:49:00:564	Upload Task event uploaded for counter28
15:49:01:707	Upload Task event uploaded for counter34
15:49:02:838	Upload Task event uploaded for counter36
15:49:03:986	Upload Task event uploaded for counter41
15:49:05:123	Upload Task event uploaded for counter44
15:49:06:259	Upload Task event uploaded for counter45
15:49:07:388	Upload Task event uploaded for counter47
15:49:08:516	Upload Task event uploaded for counter51
15:49:09:648	Upload Task event uploaded for counter54
15:49:10:787	Upload Task event uploaded for counter55
15:49:11:966	Upload Task event uploaded for counter56
15:49:13:095	Upload Task event uploaded for counter58
15:49:14:237	Upload Task event uploaded for counter59
15:49:15:391	Upload Task event uploaded for counter62
15:49:16:536	Upload Task event uploaded for counter79
15:49:17:701	Upload Task event uploaded for counter80
15:49:18:866	Upload Task event uploaded for counter84
15:49:20:023	Upload Task event uploaded for counter92
15:49:21:184	Upload Task event uploaded for counter93
15:49:22:338	Upload Task event uploaded for counter94
15:49:23:465	Upload Task event uploaded for counter95
15:49:24:608	Upload Task event uploaded for counter1
15:49:25:747	Upload Task event uploaded for counter2
15:49:26:957	Upload Task event uploaded for counter4
15:49:28:096	Upload Task event uploaded for counter15
15:49:29:239	Upload Task event uploaded for counter23
15:49:30:363	Upload Task event uploaded for counter27
15:49:31:501	Upload Task event uploaded for counter28
15:49:32:629	Upload Task event uploaded for counter34
15:49:33:772	Upload Task event uploaded for counter36
15:49:34:908	Upload Task event uploaded for counter41
15:49:36:040	Upload Task event uploaded for counter44
15:49:37:180	Upload Task event uploaded for counter45
15:49:38:301	Upload Task event uploaded for counter47
15:49:39:424	Upload Task event uploaded for counter51
15:49:40:555	Upload Task event uploaded for counter54
15:49:41:693	Upload Task event uploaded for counter55
15:49:42:824	Upload Task event uploaded for counter56
15:49:43:957	Upload Task event uploaded for counter58
15:49:45:389	Upload Task event uploaded for counter59
15:49:46:514	Upload Task event uploaded for counter62
15:49:47:645	Upload Task event uploaded for counter79
15:49:48:776	Upload Task event uploaded for counter80
15:49:49:924	Upload Task event uploaded for counter84
15:49:51:383	Upload Task event uploaded for counter92
15:49:52:505	Upload Task event uploaded for counter93
15:49:53:626	Upload Task event uploaded for counter94
15:49:54:756	Upload Task event uploaded for counter95
15:49:55:893	Upload Task event uploaded for counter1
15:49:57:022	Upload Task event uploaded for counter2
15:49:58:154	Upload Task event uploaded for counter4
15:49:59:282	Upload Task event uploaded for counter15
15:50:00:439	Upload Task event uploaded for counter19
15:50:01:572	Upload Task event uploaded for counter23
15:50:02:693	Upload Task event uploaded for counter27
15:50:03:849	Upload Task event uploaded for counter28
15:50:04:982	Upload Task event uploaded for counter34
15:50:06:122	Upload Task event uploaded for counter36
15:50:07:258	Upload Task event uploaded for counter41
15:50:08:376	Upload Task event uploaded for counter44
15:50:09:503	Upload Task event uploaded for counter45
15:50:10:632	Upload Task event uploaded for counter47
15:50:11:771	Upload Task event uploaded for counter51
15:50:12:901	Upload Task event uploaded for counter54
15:50:14:027	Upload Task event uploaded for counter55
15:50:15:150	Upload Task event uploaded for counter56
15:50:16:273	Upload Task event uploaded for counter58
15:50:17:412	Upload Task event uploaded for counter59
15:50:18:556	Upload Task event uploaded for counter62
15:50:19:692	Upload Task event uploaded for counter68
15:50:20:851	Upload Task event uploaded for counter79
15:50:21:982	Upload Task event uploaded for counter80
15:50:23:129	Upload Task event uploaded for counter84
15:50:24:292	Upload Task event uploaded for counter92
15:50:25:424	Upload Task event uploaded for counter93
15:50:26:864	Upload Task event uploaded for counter94
15:50:28:016	Upload Task event uploaded for counter95
15:50:29:163	Upload Task event uploaded for counter1
15:50:30:307	Upload Task event uploaded for counter2
15:50:31:439	Upload Task event uploaded for counter4
15:50:32:565	Upload Task event uploaded for counter15
15:50:33:761	Upload Task event uploaded for counter19
15:50:34:893	Upload Task event uploaded for counter23
15:50:36:027	Upload Task event uploaded for counter27
15:50:37:158	Upload Task event uploaded for counter28
15:50:38:363	Upload Task event uploaded for counter34
15:50:39:496	Upload Task event uploaded for counter36
15:50:40:727	Upload Task event uploaded for counter41
15:50:41:906	Upload Task event uploaded for counter44
15:50:43:048	Upload Task event uploaded for counter45
15:50:44:341	Upload Task event uploaded for counter47
15:50:45:480	Upload Task event uploaded for counter51
15:50:46:630	Upload Task event uploaded for counter54
15:50:47:762	Upload Task event uploaded for counter55
15:50:48:891	Upload Task event uploaded for counter56
15:50:50:029	Upload Task event uploaded for counter58
15:50:51:161	Upload Task event uploaded for counter59
15:50:52:292	Upload Task event uploaded for counter62
15:50:53:433	Upload Task event uploaded for counter68
15:50:54:559	Upload Task event uploaded for counter79
15:50:55:678	Upload Task event uploaded for counter80
15:50:56:808	Upload Task event uploaded for counter84
15:50:57:940	Upload Task event uploaded for counter92
15:50:59:077	Upload Task event uploaded for counter93
15:51:00:207	Upload Task event uploaded for counter94
15:51:01:325	Upload Task event uploaded for counter95
15:51:02:453	Upload Task event uploaded for counter1
15:51:03:598	Upload Task event uploaded for counter2
15:51:04:733	Upload Task event uploaded for counter4
15:51:05:867	Upload Task event uploaded for counter15
15:51:07:001	Upload Task event uploaded for counter19
15:51:08:120	Upload Task event uploaded for counter23
15:51:09:242	Upload Task event uploaded for counter27
15:51:10:375	Upload Task event uploaded for counter28
15:51:11:630	Upload Task event uploaded for counter34
15:51:12:764	Upload Task event uploaded for counter36
15:51:13:897	Upload Task event uploaded for counter41
15:51:15:032	Upload Task event uploaded for counter44
15:51:16:166	Upload Task event uploaded for counter45
15:51:17:286	Upload Task event uploaded for counter47
15:51:18:409	Upload Task event uploaded for counter51
15:51:19:600	Upload Task event uploaded for counter54
15:51:20:732	Upload Task event uploaded for counter55
15:51:21:859	Upload Task event uploaded for counter56
15:51:23:012	Upload Task event uploaded for counter58
15:51:24:134	Upload Task event uploaded for counter59
15:51:25:258	Upload Task event uploaded for counter62
15:51:26:408	Upload Task event uploaded for counter68
15:51:27:538	Upload Task event uploaded for counter79
15:51:28:666	Upload Task event uploaded for counter80
15:51:29:798	Upload Task event uploaded for counter84
15:51:30:923	Upload Task event uploaded for counter92
15:51:32:043	Upload Task event uploaded for counter93
15:51:33:174	Upload Task event uploaded for counter94
15:51:34:304	Upload Task event uploaded for counter95
15:51:35:438	Upload Task event uploaded for counter100
15:51:36:572	Upload Task event uploaded for counter1
15:51:37:694	Upload Task event uploaded for counter2
15:51:38:827	Upload Task event uploaded for counter4
15:51:39:960	Upload Task event uploaded for counter15
15:51:41:082	Upload Task event uploaded for counter19
15:51:42:223	Upload Task event uploaded for counter23
15:51:43:363	Upload Task event uploaded for counter27
15:51:44:494	Upload Task event uploaded for counter28
15:51:45:621	Upload Task event uploaded for counter34
15:51:46:742	Upload Task event uploaded for counter36
15:51:47:862	Upload Task event uploaded for counter38
15:51:49:005	Upload Task event uploaded for counter41
15:51:50:138	Upload Task event uploaded for counter44
15:51:51:271	Upload Task event uploaded for counter45
15:51:52:399	Upload Task event uploaded for counter47
15:51:53:523	Upload Task event uploaded for counter51
15:51:54:655	Upload Task event uploaded for counter55
15:51:55:784	Upload Task event uploaded for counter56
15:51:56:918	Upload Task event uploaded for counter58
15:51:58:164	Upload Task event uploaded for counter59
15:51:59:455	Upload Task event uploaded for counter68
15:52:00:791	Upload Task event uploaded for counter79
15:52:02:120	Upload Task event uploaded for counter80
15:52:03:451	Upload Task event uploaded for counter84
15:52:04:615	Upload Task event uploaded for counter92
15:52:05:892	Upload Task event uploaded for counter93
15:52:07:179	Upload Task event uploaded for counter94
15:52:08:444	Upload Task event uploaded for counter95
15:52:09:771	Upload Task event uploaded for counter100
15:52:10:967	Upload Task event uploaded for counter1
15:52:12:091	Upload Task event uploaded for counter2
15:52:13:266	Upload Task event uploaded for counter4
15:52:14:416	Upload Task event uploaded for counter15
15:52:15:543	Upload Task event uploaded for counter19
15:52:16:674	Upload Task event uploaded for counter23
15:52:17:797	Upload Task event uploaded for counter27
15:52:18:927	Upload Task event uploaded for counter28
15:52:20:059	Upload Task event uploaded for counter34
15:52:21:196	Upload Task event uploaded for counter38
15:52:22:345	Upload Task event uploaded for counter41
15:52:23:477	Upload Task event uploaded for counter44
15:52:24:598	Upload Task event uploaded for counter45
15:52:25:720	Upload Task event uploaded for counter47
15:52:26:850	Upload Task event uploaded for counter51
15:52:27:994	Upload Task event uploaded for counter56
15:52:29:138	Upload Task event uploaded for counter58
15:52:30:266	Upload Task event uploaded for counter59
15:52:31:397	Upload Task event uploaded for counter60
15:52:32:519	Upload Task event uploaded for counter68
15:52:33:649	Upload Task event uploaded for counter79
15:52:34:776	Upload Task event uploaded for counter80
15:52:35:965	Upload Task event uploaded for counter84
15:52:37:097	Upload Task event uploaded for counter92
15:52:38:225	Upload Task event uploaded for counter93
15:52:39:359	Upload Task event uploaded for counter94
15:52:40:480	Upload Task event uploaded for counter95
15:52:41:601	Upload Task event uploaded for counter100
15:52:42:734	Upload Task event uploaded for counter1
15:52:43:865	Upload Task event uploaded for counter2
15:52:45:008	Upload Task event uploaded for counter4
15:52:46:141	Upload Task event uploaded for counter15
15:52:47:259	Upload Task event uploaded for counter19
15:52:48:381	Upload Task event uploaded for counter23
15:52:49:520	Upload Task event uploaded for counter27
15:52:50:658	Upload Task event uploaded for counter28
15:52:51:788	Upload Task event uploaded for counter34
15:52:52:929	Upload Task event uploaded for counter38
15:52:54:071	Upload Task event uploaded for counter41
15:52:55:200	Upload Task event uploaded for counter44
15:52:56:322	Upload Task event uploaded for counter45
15:52:57:451	Upload Task event uploaded for counter47
15:52:58:586	Upload Task event uploaded for counter51
15:52:59:714	Upload Task event uploaded for counter56
15:53:00:850	Upload Task event uploaded for counter58
15:53:01:981	Upload Task event uploaded for counter59
15:53:03:101	Upload Task event uploaded for counter60
15:53:04:233	Upload Task event uploaded for counter68
15:53:05:366	Upload Task event uploaded for counter79
15:53:06:497	Upload Task event uploaded for counter80
15:53:07:628	Upload Task event uploaded for counter84
15:53:08:760	Upload Task event uploaded for counter92
15:53:09:882	Upload Task event uploaded for counter93
15:53:11:006	Upload Task event uploaded for counter94
15:53:12:151	Upload Task event uploaded for counter95
15:53:13:282	Upload Task event uploaded for counter100
15:53:14:411	Upload Task event uploaded for counter1
15:53:15:541	Upload Task event uploaded for counter2
15:53:16:672	Upload Task event uploaded for counter4
15:53:17:799	Upload Task event uploaded for counter15
15:53:18:949	Upload Task event uploaded for counter19
15:53:20:108	Upload Task event uploaded for counter23
15:53:21:250	Upload Task event uploaded for counter27
15:53:22:382	Upload Task event uploaded for counter28
15:53:23:532	Upload Task event uploaded for counter34
15:53:24:679	Upload Task event uploaded for counter37
15:53:25:805	Upload Task event uploaded for counter38
15:53:26:952	Upload Task event uploaded for counter41
15:53:28:087	Upload Task event uploaded for counter44
15:53:29:219	Upload Task event uploaded for counter45
15:53:30:348	Upload Task event uploaded for counter47
15:53:31:480	Upload Task event uploaded for counter51
15:53:32:607	Upload Task event uploaded for counter55
15:53:33:730	Upload Task event uploaded for counter56
15:53:34:862	Upload Task event uploaded for counter58
15:53:35:991	Upload Task event uploaded for counter59
15:53:37:121	Upload Task event uploaded for counter60
15:53:38:287	Upload Task event uploaded for counter68
15:53:39:405	Upload Task event uploaded for counter79
15:53:40:532	Upload Task event uploaded for counter80
15:53:41:660	Upload Task event uploaded for counter84
15:53:42:791	Upload Task event uploaded for counter92
15:53:43:923	Upload Task event uploaded for counter93
15:53:45:054	Upload Task event uploaded for counter100
15:53:46:187	Upload Task event uploaded for counter1
15:53:47:311	Upload Task event uploaded for counter2
15:53:48:430	Upload Task event uploaded for counter4
15:53:49:561	Upload Task event uploaded for counter15
15:53:50:701	Upload Task event uploaded for counter19
15:53:51:833	Upload Task event uploaded for counter25
15:53:52:965	Upload Task event uploaded for counter27
15:53:54:103	Upload Task event uploaded for counter28
15:53:55:228	Upload Task event uploaded for counter34
15:53:56:374	Upload Task event uploaded for counter37
15:53:57:510	Upload Task event uploaded for counter38
15:53:58:650	Upload Task event uploaded for counter41
15:53:59:799	Upload Task event uploaded for counter44
15:54:00:934	Upload Task event uploaded for counter45
15:54:02:054	Upload Task event uploaded for counter47
15:54:03:199	Upload Task event uploaded for counter51
15:54:04:331	Upload Task event uploaded for counter55
15:54:05:462	Upload Task event uploaded for counter56
15:54:06:592	Upload Task event uploaded for counter58
15:54:07:727	Upload Task event uploaded for counter59
15:54:08:881	Upload Task event uploaded for counter60
15:54:10:009	Upload Task event uploaded for counter68
15:54:11:137	Upload Task event uploaded for counter79
15:54:12:269	Upload Task event uploaded for counter80
15:54:13:396	Upload Task event uploaded for counter84
15:54:14:526	Upload Task event uploaded for counter92
15:54:15:658	Upload Task event uploaded for counter93
15:54:16:783	Upload Task event uploaded for counter100
15:54:18:171	Upload Task event uploaded for counter1
15:54:19:316	Upload Task event uploaded for counter2
15:54:20:593	Upload Task event uploaded for counter4
15:54:21:731	Upload Task event uploaded for counter15
15:54:22:861	Upload Task event uploaded for counter19
15:54:23:991	Upload Task event uploaded for counter24
15:54:25:121	Upload Task event uploaded for counter25
15:54:26:247	Upload Task event uploaded for counter27
15:54:27:409	Upload Task event uploaded for counter28
15:54:28:544	Upload Task event uploaded for counter34
15:54:29:677	Upload Task event uploaded for counter37
15:54:30:808	Upload Task event uploaded for counter38
15:54:31:943	Upload Task event uploaded for counter44
15:54:33:069	Upload Task event uploaded for counter45
15:54:34:198	Upload Task event uploaded for counter47
15:54:35:332	Upload Task event uploaded for counter51
15:54:36:461	Upload Task event uploaded for counter55
15:54:37:652	Upload Task event uploaded for counter56
15:54:38:785	Upload Task event uploaded for counter57
15:54:40:164	Upload Task event uploaded for counter58
15:54:41:290	Upload Task event uploaded for counter59
15:54:42:433	Upload Task event uploaded for counter60
15:54:43:567	Upload Task event uploaded for counter68
15:54:44:704	Upload Task event uploaded for counter79
15:54:45:836	Upload Task event uploaded for counter80
15:54:46:967	Upload Task event uploaded for counter83
15:54:48:085	Upload Task event uploaded for counter84
15:54:49:219	Upload Task event uploaded for counter92
15:54:50:349	Upload Task event uploaded for counter93
15:54:51:488	Upload Task event uploaded for counter100
15:54:52:615	Upload Task event uploaded for counter1
15:54:53:750	Upload Task event uploaded for counter2
15:54:54:871	Upload Task event uploaded for counter3
15:54:55:993	Upload Task event uploaded for counter4
15:54:57:127	Upload Task event uploaded for counter15
15:54:58:260	Upload Task event uploaded for counter19
15:54:59:397	Upload Task event uploaded for counter24
15:55:00:540	Upload Task event uploaded for counter25
15:55:01:672	Upload Task event uploaded for counter27
15:55:02:793	Upload Task event uploaded for counter28
15:55:03:917	Upload Task event uploaded for counter34
15:55:05:059	Upload Task event uploaded for counter36
15:55:06:192	Upload Task event uploaded for counter37
15:55:07:322	Upload Task event uploaded for counter38
15:55:08:453	Upload Task event uploaded for counter44
15:55:09:589	Upload Task event uploaded for counter45
15:55:10:707	Upload Task event uploaded for counter47
15:55:11:837	Upload Task event uploaded for counter51
15:55:12:968	Upload Task event uploaded for counter55
15:55:14:103	Upload Task event uploaded for counter56
15:55:15:237	Upload Task event uploaded for counter57
15:55:16:369	Upload Task event uploaded for counter58
15:55:17:513	Upload Task event uploaded for counter59
15:55:18:664	Upload Task event uploaded for counter60
15:55:19:816	Upload Task event uploaded for counter68
15:55:20:947	Upload Task event uploaded for counter79
15:55:22:097	Upload Task event uploaded for counter80
15:55:23:234	Upload Task event uploaded for counter83
15:55:24:364	Upload Task event uploaded for counter84
15:55:25:482	Upload Task event uploaded for counter92
15:55:26:603	Upload Task event uploaded for counter93
15:55:27:735	Upload Task event uploaded for counter100
15:55:28:876	Upload Task event uploaded for counter2
15:55:30:009	Upload Task event uploaded for counter3
15:55:31:141	Upload Task event uploaded for counter4
15:55:32:261	Upload Task event uploaded for counter15
15:55:33:385	Upload Task event uploaded for counter19
15:55:34:525	Upload Task event uploaded for counter24
15:55:35:656	Upload Task event uploaded for counter25
15:55:36:790	Upload Task event uploaded for counter27
15:55:37:935	Upload Task event uploaded for counter28
15:55:39:072	Upload Task event uploaded for counter30
15:55:40:192	Upload Task event uploaded for counter34
15:55:41:337	Upload Task event uploaded for counter36
15:55:42:471	Upload Task event uploaded for counter37
15:55:43:605	Upload Task event uploaded for counter38
15:55:44:748	Upload Task event uploaded for counter44
15:55:45:885	Upload Task event uploaded for counter45
15:55:47:020	Upload Task event uploaded for counter47
15:55:48:143	Upload Task event uploaded for counter55
15:55:49:276	Upload Task event uploaded for counter56
15:55:50:407	Upload Task event uploaded for counter57
15:55:51:547	Upload Task event uploaded for counter58
15:55:52:723	Upload Task event uploaded for counter59
15:55:53:870	Upload Task event uploaded for counter60
15:55:54:997	Upload Task event uploaded for counter62
15:55:56:125	Upload Task event uploaded for counter68
15:55:57:259	Upload Task event uploaded for counter79
15:55:58:395	Upload Task event uploaded for counter80
15:55:59:522	Upload Task event uploaded for counter82
15:56:00:695	Upload Task event uploaded for counter83
15:56:01:820	Upload Task event uploaded for counter84
15:56:02:942	Upload Task event uploaded for counter92
15:56:04:072	Upload Task event uploaded for counter93
15:56:05:205	Upload Task event uploaded for counter100
15:56:06:345	Upload Task event uploaded for counter2
15:56:07:490	Upload Task event uploaded for counter3
15:56:08:625	Upload Task event uploaded for counter4
15:56:09:755	Upload Task event uploaded for counter5
15:56:10:876	Upload Task event uploaded for counter15
15:56:12:015	Upload Task event uploaded for counter19
15:56:13:149	Upload Task event uploaded for counter24
15:56:14:299	Upload Task event uploaded for counter25
15:56:15:431	Upload Task event uploaded for counter28
15:56:16:560	Upload Task event uploaded for counter30
15:56:17:684	Upload Task event uploaded for counter34
15:56:18:803	Upload Task event uploaded for counter36
15:56:19:944	Upload Task event uploaded for counter37
15:56:21:075	Upload Task event uploaded for counter38
15:56:22:210	Upload Task event uploaded for counter41
15:56:23:348	Upload Task event uploaded for counter44
15:56:24:473	Upload Task event uploaded for counter45
15:56:25:593	Upload Task event uploaded for counter47
15:56:26:733	Upload Task event uploaded for counter54
15:56:27:867	Upload Task event uploaded for counter55
15:56:29:002	Upload Task event uploaded for counter56
15:56:30:133	Upload Task event uploaded for counter57
15:56:31:254	Upload Task event uploaded for counter59
15:56:32:378	Upload Task event uploaded for counter60
15:56:33:505	Upload Task event uploaded for counter62
15:56:34:642	Upload Task event uploaded for counter68
15:56:35:775	Upload Task event uploaded for counter79
15:56:36:907	Upload Task event uploaded for counter80
15:56:38:206	Upload Task event uploaded for counter82
15:56:39:326	Upload Task event uploaded for counter83
15:56:40:467	Upload Task event uploaded for counter84
15:56:41:597	Upload Task event uploaded for counter92
15:56:42:734	Upload Task event uploaded for counter93
15:56:43:880	Upload Task event uploaded for counter95
15:56:45:009	Upload Task event uploaded for counter100
15:56:46:138	Upload Task event uploaded for counter3
15:56:47:276	Upload Task event uploaded for counter4
15:56:48:402	Upload Task event uploaded for counter5
15:56:49:534	Upload Task event uploaded for counter15
15:56:50:664	Upload Task event uploaded for counter19
15:56:51:795	Upload Task event uploaded for counter24
15:56:52:928	Upload Task event uploaded for counter25
15:56:54:053	Upload Task event uploaded for counter28
15:56:55:176	Upload Task event uploaded for counter30
15:56:56:304	Upload Task event uploaded for counter34
15:56:57:435	Upload Task event uploaded for counter36
15:56:58:573	Upload Task event uploaded for counter37
15:56:59:714	Upload Task event uploaded for counter38
15:57:00:845	Upload Task event uploaded for counter41
15:57:01:967	Upload Task event uploaded for counter44
15:57:03:092	Upload Task event uploaded for counter45
15:57:04:225	Upload Task event uploaded for counter47
15:57:05:357	Upload Task event uploaded for counter51
15:57:06:485	Upload Task event uploaded for counter54
15:57:07:627	Upload Task event uploaded for counter55
15:57:08:767	Upload Task event uploaded for counter56
15:57:09:886	Upload Task event uploaded for counter57
15:57:11:014	Upload Task event uploaded for counter60
15:57:12:153	Upload Task event uploaded for counter62
15:57:13:281	Upload Task event uploaded for counter68
15:57:14:415	Upload Task event uploaded for counter79
15:57:15:554	Upload Task event uploaded for counter80
15:57:16:682	Upload Task event uploaded for counter82
15:57:17:803	Upload Task event uploaded for counter83
15:57:18:945	Upload Task event uploaded for counter84
15:57:20:083	Upload Task event uploaded for counter92
15:57:21:216	Upload Task event uploaded for counter93
15:57:22:367	Upload Task event uploaded for counter95
15:57:23:490	Upload Task event uploaded for counter100
15:57:24:612	Upload Task event uploaded for counter3
15:57:25:746	Upload Task event uploaded for counter4
15:57:26:885	Upload Task event uploaded for counter5
15:57:28:020	Upload Task event uploaded for counter15
15:57:29:158	Upload Task event uploaded for counter19
15:57:30:292	Upload Task event uploaded for counter23
15:57:31:418	Upload Task event uploaded for counter24
15:57:32:545	Upload Task event uploaded for counter25
15:57:33:683	Upload Task event uploaded for counter28
15:57:34:826	Upload Task event uploaded for counter30
15:57:35:966	Upload Task event uploaded for counter34
15:57:37:100	Upload Task event uploaded for counter36
15:57:38:222	Upload Task event uploaded for counter37
15:57:39:352	Upload Task event uploaded for counter38
15:57:40:485	Upload Task event uploaded for counter41
15:57:41:619	Upload Task event uploaded for counter44
15:57:42:748	Upload Task event uploaded for counter45
15:57:43:889	Upload Task event uploaded for counter47
15:57:45:021	Upload Task event uploaded for counter51
15:57:46:149	Upload Task event uploaded for counter54
15:57:47:271	Upload Task event uploaded for counter55
15:57:48:400	Upload Task event uploaded for counter56
15:57:49:531	Upload Task event uploaded for counter57
15:57:50:666	Upload Task event uploaded for counter60
15:57:51:795	Upload Task event uploaded for counter62
15:57:52:941	Upload Task event uploaded for counter68
15:57:54:062	Upload Task event uploaded for counter79
15:57:55:184	Upload Task event uploaded for counter80
15:57:56:331	Upload Task event uploaded for counter82
15:57:57:464	Upload Task event uploaded for counter83
15:57:58:645	Upload Task event uploaded for counter84
15:57:59:919	Upload Task event uploaded for counter92
15:58:01:206	Upload Task event uploaded for counter93
15:58:02:914	Upload Task event uploaded for counter94
15:58:04:241	Upload Task event uploaded for counter95
15:58:05:448	Upload Task event uploaded for counter100
15:58:06:678	Upload Task event uploaded for counter1
15:58:07:958	Upload Task event uploaded for counter2
15:58:09:352	Upload Task event uploaded for counter3
15:58:10:664	Upload Task event uploaded for counter4
15:58:11:867	Upload Task event uploaded for counter5
15:58:12:997	Upload Task event uploaded for counter15
15:58:14:130	Upload Task event uploaded for counter19
15:58:15:260	Upload Task event uploaded for counter23
15:58:16:392	Upload Task event uploaded for counter24
15:58:17:519	Upload Task event uploaded for counter25
15:58:18:637	Upload Task event uploaded for counter28
15:58:19:770	Upload Task event uploaded for counter30
15:58:20:906	Upload Task event uploaded for counter34
15:58:22:069	Upload Task event uploaded for counter36
15:58:23:200	Upload Task event uploaded for counter37
15:58:24:330	Upload Task event uploaded for counter38
15:58:25:482	Upload Task event uploaded for counter41
15:58:26:606	Upload Task event uploaded for counter44
15:58:27:732	Upload Task event uploaded for counter45
15:58:28:876	Upload Task event uploaded for counter47
15:58:30:011	Upload Task event uploaded for counter51
15:58:31:146	Upload Task event uploaded for counter54
15:58:32:295	Upload Task event uploaded for counter55
15:58:33:429	Upload Task event uploaded for counter56
15:58:34:557	Upload Task event uploaded for counter57
15:58:35:690	Upload Task event uploaded for counter59
15:58:36:841	Upload Task event uploaded for counter60
15:58:38:889	Upload Task event uploaded for counter62
15:58:40:019	Upload Task event uploaded for counter68
15:58:41:140	Upload Task event uploaded for counter79
15:58:42:261	Upload Task event uploaded for counter80
15:58:43:398	Upload Task event uploaded for counter82
15:58:44:529	Upload Task event uploaded for counter83
15:58:45:671	Upload Task event uploaded for counter84
15:58:46:805	Upload Task event uploaded for counter92
15:58:47:927	Upload Task event uploaded for counter93
15:58:49:047	Upload Task event uploaded for counter94
15:58:50:180	Upload Task event uploaded for counter95
15:58:51:312	Upload Task event uploaded for counter100
15:58:52:444	Upload Task event uploaded for counter1
15:58:53:579	Upload Task event uploaded for counter2
15:58:54:712	Upload Task event uploaded for counter3
15:58:55:840	Upload Task event uploaded for counter4
15:58:56:974	Upload Task event uploaded for counter5
15:58:58:101	Upload Task event uploaded for counter6
15:58:59:261	Upload Task event uploaded for counter15
15:59:00:395	Upload Task event uploaded for counter19
15:59:01:529	Upload Task event uploaded for counter23
15:59:02:675	Upload Task event uploaded for counter24
15:59:03:823	Upload Task event uploaded for counter25
15:59:04:948	Upload Task event uploaded for counter28
15:59:06:081	Upload Task event uploaded for counter30
15:59:07:212	Upload Task event uploaded for counter34
15:59:08:345	Upload Task event uploaded for counter36
15:59:09:481	Upload Task event uploaded for counter38
15:59:10:601	Upload Task event uploaded for counter41
15:59:11:721	Upload Task event uploaded for counter44
15:59:12:866	Upload Task event uploaded for counter45
15:59:13:995	Upload Task event uploaded for counter47
15:59:15:138	Upload Task event uploaded for counter51
15:59:16:315	Upload Task event uploaded for counter54
15:59:17:446	Upload Task event uploaded for counter55
15:59:18:584	Upload Task event uploaded for counter56
15:59:19:719	Upload Task event uploaded for counter57
15:59:20:858	Upload Task event uploaded for counter59
15:59:21:990	Upload Task event uploaded for counter60
15:59:23:136	Upload Task event uploaded for counter62
15:59:24:265	Upload Task event uploaded for counter68
15:59:25:404	Upload Task event uploaded for counter79
15:59:26:536	Upload Task event uploaded for counter80
15:59:27:676	Upload Task event uploaded for counter82
15:59:28:812	Upload Task event uploaded for counter83
15:59:29:961	Upload Task event uploaded for counter84
15:59:31:101	Upload Task event uploaded for counter92
15:59:32:240	Upload Task event uploaded for counter93
15:59:33:360	Upload Task event uploaded for counter94
15:59:34:501	Upload Task event uploaded for counter95
15:59:35:631	Upload Task event uploaded for counter100
15:59:36:760	Upload Task event uploaded for counter1
15:59:38:035	Upload Task event uploaded for counter2
15:59:39:210	Upload Task event uploaded for counter3
15:59:40:360	Upload Task event uploaded for counter5
15:59:41:487	Upload Task event uploaded for counter6
15:59:42:620	Upload Task event uploaded for counter15
15:59:43:757	Upload Task event uploaded for counter19
15:59:44:884	Upload Task event uploaded for counter23
15:59:46:018	Upload Task event uploaded for counter24
15:59:47:182	Upload Task event uploaded for counter25
15:59:48:319	Upload Task event uploaded for counter28
15:59:49:454	Upload Task event uploaded for counter30
15:59:50:586	Upload Task event uploaded for counter34
15:59:51:744	Upload Task event uploaded for counter36
15:59:52:913	Upload Task event uploaded for counter38
15:59:54:085	Upload Task event uploaded for counter41
15:59:55:217	Upload Task event uploaded for counter44
15:59:56:362	Upload Task event uploaded for counter45
15:59:57:495	Upload Task event uploaded for counter47
15:59:58:824	Upload Task event uploaded for counter49
16:00:00:036	Upload Task event uploaded for counter51
16:00:01:172	Upload Task event uploaded for counter54
16:00:02:302	Upload Task event uploaded for counter56
16:00:03:439	Upload Task event uploaded for counter57
16:00:04:566	Upload Task event uploaded for counter59
16:00:05:696	Upload Task event uploaded for counter60
16:00:06:842	Upload Task event uploaded for counter62
16:00:07:982	Upload Task event uploaded for counter65
16:00:09:117	Upload Task event uploaded for counter66
16:00:10:258	Upload Task event uploaded for counter68
16:00:11:384	Upload Task event uploaded for counter79
16:00:12:507	Upload Task event uploaded for counter80
16:00:13:637	Upload Task event uploaded for counter82
16:00:14:766	Upload Task event uploaded for counter83
16:00:15:896	Upload Task event uploaded for counter84
16:00:17:027	Upload Task event uploaded for counter92
16:00:18:169	Upload Task event uploaded for counter94
16:00:19:292	Upload Task event uploaded for counter95
16:00:20:566	Upload Task event uploaded for counter100
16:00:21:699	Upload Task event uploaded for counter1
16:00:22:887	Upload Task event uploaded for counter2
16:00:24:027	Upload Task event uploaded for counter3
16:00:25:201	Upload Task event uploaded for counter5
16:00:26:333	Upload Task event uploaded for counter6
16:00:27:476	Upload Task event uploaded for counter12
16:00:28:621	Upload Task event uploaded for counter15
16:00:29:751	Upload Task event uploaded for counter19
16:00:30:901	Upload Task event uploaded for counter23
16:00:32:070	Upload Task event uploaded for counter24
16:00:33:203	Upload Task event uploaded for counter25
16:00:34:324	Upload Task event uploaded for counter28
16:00:35:446	Upload Task event uploaded for counter30
16:00:36:575	Upload Task event uploaded for counter36
16:00:37:769	Upload Task event uploaded for counter38
16:00:38:914	Upload Task event uploaded for counter41
16:00:40:052	Upload Task event uploaded for counter47
16:00:41:203	Upload Task event uploaded for counter49
16:00:42:326	Upload Task event uploaded for counter51
16:00:43:448	Upload Task event uploaded for counter54
16:00:44:581	Upload Task event uploaded for counter55
16:00:45:715	Upload Task event uploaded for counter56
16:00:46:853	Upload Task event uploaded for counter57
16:00:47:987	Upload Task event uploaded for counter59
16:00:49:109	Upload Task event uploaded for counter60
16:00:50:228	Upload Task event uploaded for counter65
16:00:51:378	Upload Task event uploaded for counter66
16:00:52:509	Upload Task event uploaded for counter79
16:00:53:640	Upload Task event uploaded for counter80
16:00:54:784	Upload Task event uploaded for counter82
16:00:55:909	Upload Task event uploaded for counter83
16:00:57:036	Upload Task event uploaded for counter84
16:00:58:169	Upload Task event uploaded for counter85
16:00:59:305	Upload Task event uploaded for counter95
16:01:00:434	Upload Task event uploaded for counter100
16:01:01:589	Upload Task event uploaded for counter1
16:01:02:712	Upload Task event uploaded for counter2
16:01:03:837	Upload Task event uploaded for counter3
16:01:04:966	Upload Task event uploaded for counter5
16:01:06:108	Upload Task event uploaded for counter6
16:01:07:238	Upload Task event uploaded for counter12
16:01:08:367	Upload Task event uploaded for counter15
16:01:09:497	Upload Task event uploaded for counter19
16:01:10:635	Upload Task event uploaded for counter24
16:01:11:777	Upload Task event uploaded for counter25
16:01:12:903	Upload Task event uploaded for counter27
16:01:14:036	Upload Task event uploaded for counter30
16:01:15:164	Upload Task event uploaded for counter36
16:01:16:392	Upload Task event uploaded for counter38
16:01:17:587	Upload Task event uploaded for counter41
16:01:18:733	Upload Task event uploaded for counter47
16:01:19:854	Upload Task event uploaded for counter49
16:01:20:992	Upload Task event uploaded for counter51
16:01:22:125	Upload Task event uploaded for counter54
16:01:23:261	Upload Task event uploaded for counter55
16:01:24:396	Upload Task event uploaded for counter56
16:01:25:523	Upload Task event uploaded for counter57
16:01:26:645	Upload Task event uploaded for counter59
16:01:27:804	Upload Task event uploaded for counter62
16:01:28:940	Upload Task event uploaded for counter65
16:01:30:067	Upload Task event uploaded for counter66
16:01:31:194	Upload Task event uploaded for counter79
16:01:32:319	Upload Task event uploaded for counter80
16:01:33:448	Upload Task event uploaded for counter82
16:01:34:576	Upload Task event uploaded for counter83
16:01:35:697	Upload Task event uploaded for counter84
16:01:36:829	Upload Task event uploaded for counter85
16:01:37:957	Upload Task event uploaded for counter95
16:01:39:091	Upload Task event uploaded for counter100
16:01:40:222	Upload Task event uploaded for counter1
16:01:41:353	Upload Task event uploaded for counter2
16:01:42:473	Upload Task event uploaded for counter3
16:01:43:621	Upload Task event uploaded for counter5
16:01:44:750	Upload Task event uploaded for counter6
16:01:45:882	Upload Task event uploaded for counter12
16:01:47:026	Upload Task event uploaded for counter15
16:01:48:151	Upload Task event uploaded for counter19
16:01:49:275	Upload Task event uploaded for counter24
16:01:50:410	Upload Task event uploaded for counter25
16:01:51:554	Upload Task event uploaded for counter27
16:01:52:767	Upload Task event uploaded for counter30
16:01:53:899	Upload Task event uploaded for counter36
16:01:55:036	Upload Task event uploaded for counter38
16:01:56:156	Upload Task event uploaded for counter41
16:01:57:283	Upload Task event uploaded for counter47
16:01:58:425	Upload Task event uploaded for counter49
16:01:59:558	Upload Task event uploaded for counter51
16:02:00:691	Upload Task event uploaded for counter54
16:02:01:812	Upload Task event uploaded for counter55
16:02:02:968	Upload Task event uploaded for counter57
16:02:04:110	Upload Task event uploaded for counter58
16:02:05:229	Upload Task event uploaded for counter59
16:02:06:362	Upload Task event uploaded for counter62
16:02:07:491	Upload Task event uploaded for counter65
16:02:08:622	Upload Task event uploaded for counter66
16:02:09:760	Upload Task event uploaded for counter79
16:02:10:879	Upload Task event uploaded for counter80
16:02:11:999	Upload Task event uploaded for counter82
16:02:13:137	Upload Task event uploaded for counter83
16:02:14:267	Upload Task event uploaded for counter84
16:02:15:397	Upload Task event uploaded for counter85
16:02:16:529	Upload Task event uploaded for counter95
16:02:17:650	Upload Task event uploaded for counter98
16:02:18:771	Upload Task event uploaded for counter100
16:02:19:900	Upload Task event uploaded for counter1
16:02:21:036	Upload Task event uploaded for counter2
16:02:22:177	Upload Task event uploaded for counter3
16:02:23:315	Upload Task event uploaded for counter5
16:02:24:441	Upload Task event uploaded for counter6
16:02:25:574	Upload Task event uploaded for counter12
16:02:26:708	Upload Task event uploaded for counter15
16:02:27:831	Upload Task event uploaded for counter19
16:02:28:977	Upload Task event uploaded for counter24
16:02:30:114	Upload Task event uploaded for counter25
16:02:31:241	Upload Task event uploaded for counter27
16:02:32:371	Upload Task event uploaded for counter30
16:02:33:506	Upload Task event uploaded for counter36
16:02:34:627	Upload Task event uploaded for counter38
16:02:35:771	Upload Task event uploaded for counter41
16:02:36:907	Upload Task event uploaded for counter47
16:02:38:179	Upload Task event uploaded for counter49
16:02:39:334	Upload Task event uploaded for counter51
16:02:40:454	Upload Task event uploaded for counter54
16:02:41:588	Upload Task event uploaded for counter55
16:02:42:719	Upload Task event uploaded for counter58
16:02:43:850	Upload Task event uploaded for counter59
16:02:44:988	Upload Task event uploaded for counter62
16:02:46:134	Upload Task event uploaded for counter65
16:02:47:266	Upload Task event uploaded for counter66
16:02:48:397	Upload Task event uploaded for counter78
16:02:49:534	Upload Task event uploaded for counter79
16:02:50:662	Upload Task event uploaded for counter80
16:02:51:792	Upload Task event uploaded for counter82
16:02:52:935	Upload Task event uploaded for counter83
16:02:54:061	Upload Task event uploaded for counter84
16:02:55:210	Upload Task event uploaded for counter85
16:02:56:342	Upload Task event uploaded for counter95
16:02:57:465	Upload Task event uploaded for counter98
16:02:58:600	Upload Task event uploaded for counter100
16:02:59:737	Upload Task event uploaded for counter1
16:03:00:894	Upload Task event uploaded for counter2
16:03:02:032	Upload Task event uploaded for counter3
16:03:03:161	Upload Task event uploaded for counter5
16:03:04:296	Upload Task event uploaded for counter6
16:03:05:428	Upload Task event uploaded for counter12
16:03:06:558	Upload Task event uploaded for counter15
16:03:07:705	Upload Task event uploaded for counter19
16:03:08:835	Upload Task event uploaded for counter24
16:03:09:963	Upload Task event uploaded for counter25
16:03:11:083	Upload Task event uploaded for counter27
16:03:12:214	Upload Task event uploaded for counter30
16:03:13:346	Upload Task event uploaded for counter34
16:03:14:516	Upload Task event uploaded for counter37
16:03:15:647	Upload Task event uploaded for counter38
16:03:16:774	Upload Task event uploaded for counter41
16:03:17:901	Upload Task event uploaded for counter49
16:03:19:056	Upload Task event uploaded for counter51
16:03:20:240	Upload Task event uploaded for counter54
16:03:21:388	Upload Task event uploaded for counter55
16:03:22:535	Upload Task event uploaded for counter58
16:03:23:667	Upload Task event uploaded for counter59
16:03:24:803	Upload Task event uploaded for counter62
16:03:25:937	Upload Task event uploaded for counter65
16:03:27:058	Upload Task event uploaded for counter66
16:03:28:190	Upload Task event uploaded for counter78
16:03:29:322	Upload Task event uploaded for counter79
16:03:30:448	Upload Task event uploaded for counter80
16:03:31:576	Upload Task event uploaded for counter82
16:03:32:714	Upload Task event uploaded for counter83
16:03:33:832	Upload Task event uploaded for counter84
16:03:34:968	Upload Task event uploaded for counter85
16:03:36:108	Upload Task event uploaded for counter94
16:03:37:239	Upload Task event uploaded for counter95
16:03:38:378	Upload Task event uploaded for counter98
16:03:39:500	Upload Task event uploaded for counter100
16:03:40:622	Upload Task event uploaded for counter1
16:03:41:803	Upload Task event uploaded for counter2
16:03:42:942	Upload Task event uploaded for counter3
16:03:44:085	Upload Task event uploaded for counter5
16:03:45:215	Upload Task event uploaded for counter6
16:03:46:336	Upload Task event uploaded for counter10
16:03:47:468	Upload Task event uploaded for counter12
16:03:48:602	Upload Task event uploaded for counter15
16:03:49:722	Upload Task event uploaded for counter19
16:03:50:855	Upload Task event uploaded for counter24
16:03:51:994	Upload Task event uploaded for counter25
16:03:53:132	Upload Task event uploaded for counter27
16:03:54:274	Upload Task event uploaded for counter30
16:03:55:413	Upload Task event uploaded for counter34
16:03:56:535	Upload Task event uploaded for counter37
16:03:57:684	Upload Task event uploaded for counter38
16:03:58:837	Upload Task event uploaded for counter41
16:04:00:058	Upload Task event uploaded for counter49
16:04:01:353	Upload Task event uploaded for counter51
16:04:02:706	Upload Task event uploaded for counter54
16:04:04:015	Upload Task event uploaded for counter55
16:04:05:354	Upload Task event uploaded for counter56
16:04:06:516	Upload Task event uploaded for counter57
16:04:07:787	Upload Task event uploaded for counter58
16:04:09:074	Upload Task event uploaded for counter59
16:04:10:352	Upload Task event uploaded for counter60
16:04:11:654	Upload Task event uploaded for counter62
16:04:12:870	Upload Task event uploaded for counter65
16:04:14:000	Upload Task event uploaded for counter66
16:04:15:132	Upload Task event uploaded for counter78
16:04:16:263	Upload Task event uploaded for counter79
16:04:17:402	Upload Task event uploaded for counter80
16:04:18:528	Upload Task event uploaded for counter81
16:04:19:660	Upload Task event uploaded for counter82
16:04:20:795	Upload Task event uploaded for counter83
16:04:21:938	Upload Task event uploaded for counter85
16:04:23:075	Upload Task event uploaded for counter86
16:04:24:229	Upload Task event uploaded for counter94
16:04:25:419	Upload Task event uploaded for counter95
16:04:26:572	Upload Task event uploaded for counter98
16:04:27:694	Upload Task event uploaded for counter100
16:04:28:826	Upload Task event uploaded for counter1
16:04:29:958	Upload Task event uploaded for counter2
16:04:31:084	Upload Task event uploaded for counter3
16:04:32:217	Upload Task event uploaded for counter4
16:04:33:350	Upload Task event uploaded for counter5
16:04:34:497	Upload Task event uploaded for counter6
16:04:35:628	Upload Task event uploaded for counter10
16:04:36:762	Upload Task event uploaded for counter12
16:04:37:966	Upload Task event uploaded for counter15
16:04:39:097	Upload Task event uploaded for counter19
16:04:40:225	Upload Task event uploaded for counter24
16:04:41:352	Upload Task event uploaded for counter25
16:04:42:483	Upload Task event uploaded for counter27
16:04:43:618	Upload Task event uploaded for counter30
16:04:44:748	Upload Task event uploaded for counter34
16:04:45:889	Upload Task event uploaded for counter37
16:04:47:015	Upload Task event uploaded for counter38
16:04:48:151	Upload Task event uploaded for counter41
16:04:49:285	Upload Task event uploaded for counter45
16:04:50:406	Upload Task event uploaded for counter49
16:04:51:547	Upload Task event uploaded for counter51
16:04:52:677	Upload Task event uploaded for counter54
16:04:53:800	Upload Task event uploaded for counter55
16:04:54:931	Upload Task event uploaded for counter56
16:04:56:070	Upload Task event uploaded for counter57
16:04:57:200	Upload Task event uploaded for counter59
16:04:58:334	Upload Task event uploaded for counter60
16:04:59:464	Upload Task event uploaded for counter62
16:05:00:588	Upload Task event uploaded for counter65
16:05:01:728	Upload Task event uploaded for counter66
16:05:02:860	Upload Task event uploaded for counter68
16:05:03:980	Upload Task event uploaded for counter78
16:05:05:137	Upload Task event uploaded for counter79
16:05:06:294	Upload Task event uploaded for counter80
16:05:07:427	Upload Task event uploaded for counter81
16:05:08:561	Upload Task event uploaded for counter82
16:05:09:689	Upload Task event uploaded for counter83
16:05:10:834	Upload Task event uploaded for counter85
16:05:11:973	Upload Task event uploaded for counter86
16:05:13:103	Upload Task event uploaded for counter94
16:05:14:266	Upload Task event uploaded for counter95
16:05:15:420	Upload Task event uploaded for counter98
16:05:16:563	Upload Task event uploaded for counter100
16:05:17:754	Upload Task event uploaded for counter1
16:05:18:927	Upload Task event uploaded for counter2
16:05:20:056	Upload Task event uploaded for counter3
16:05:21:288	Upload Task cancellation request
16:05:21:296	Upload Task completed
