10:47:44:251	Application Starting
10:48:05:374	Upload Task starting
10:48:05:375	Data File: C:\Users\tylerc\Documents\Visual Studio 2013\Projects\TCD\bin\Debug\Data/EXAMNUMERICS.csv
10:48:08:339	Upload Task event uploaded for counter1
10:48:13:793	Upload Task event uploaded for counter2
10:48:16:701	Upload Task event uploaded for counter3
10:48:19:925	Upload Task event uploaded for counter4
10:48:25:227	Upload Task event uploaded for counter5
10:48:26:308	Upload Task event uploaded for counter6
10:48:27:391	Upload Task event uploaded for counter7
10:48:28:465	Upload Task event uploaded for counter8
10:48:29:555	Upload Task event uploaded for counter9
10:48:30:629	Upload Task event uploaded for counter10
10:48:31:699	Upload Task event uploaded for counter11
10:48:32:819	Upload Task event uploaded for counter12
10:48:33:898	Upload Task event uploaded for counter13
10:48:34:996	Upload Task event uploaded for counter14
10:48:36:083	Upload Task event uploaded for counter15
10:48:37:177	Upload Task event uploaded for counter16
10:48:38:271	Upload Task event uploaded for counter17
10:48:39:877	Upload Task event uploaded for counter18
10:48:40:963	Upload Task event uploaded for counter19
10:48:42:045	Upload Task event uploaded for counter20
10:48:43:121	Upload Task event uploaded for counter21
10:48:44:201	Upload Task event uploaded for counter22
10:48:45:274	Upload Task event uploaded for counter23
10:48:46:335	Upload Task event uploaded for counter24
10:48:47:417	Upload Task event uploaded for counter25
10:48:48:510	Upload Task event uploaded for counter26
10:48:49:583	Upload Task event uploaded for counter27
10:48:50:726	Upload Task event uploaded for counter28
10:48:51:895	Upload Task event uploaded for counter29
10:48:52:977	Upload Task event uploaded for counter30
10:48:54:049	Upload Task event uploaded for counter31
10:48:55:136	Upload Task event uploaded for counter32
10:48:56:210	Upload Task event uploaded for counter33
10:48:57:281	Upload Task event uploaded for counter34
10:48:58:358	Upload Task event uploaded for counter35
10:48:59:445	Upload Task event uploaded for counter36
10:49:00:527	Upload Task event uploaded for counter37
10:49:01:603	Upload Task event uploaded for counter38
10:49:02:759	Upload Task event uploaded for counter39
10:49:03:846	Upload Task event uploaded for counter40
10:49:04:922	Upload Task event uploaded for counter41
10:49:06:006	Upload Task event uploaded for counter42
10:49:07:080	Upload Task event uploaded for counter43
10:49:08:158	Upload Task event uploaded for counter44
10:49:09:250	Upload Task event uploaded for counter45
10:49:10:426	Upload Task event uploaded for counter46
10:49:11:498	Upload Task event uploaded for counter47
10:49:12:601	Upload Task event uploaded for counter48
10:49:13:691	Upload Task event uploaded for counter49
10:49:14:770	Upload Task event uploaded for counter50
10:49:15:856	Upload Task event uploaded for counter51
10:49:16:936	Upload Task event uploaded for counter52
10:49:18:006	Upload Task event uploaded for counter53
10:49:19:071	Upload Task event uploaded for counter54
10:49:20:138	Upload Task event uploaded for counter55
10:49:21:206	Upload Task event uploaded for counter56
10:49:22:271	Upload Task event uploaded for counter57
10:49:23:359	Upload Task event uploaded for counter58
10:49:24:443	Upload Task event uploaded for counter59
10:49:25:520	Upload Task event uploaded for counter60
10:49:26:606	Upload Task event uploaded for counter61
10:49:27:673	Upload Task event uploaded for counter62
10:49:28:749	Upload Task event uploaded for counter63
10:49:29:840	Upload Task event uploaded for counter64
10:49:30:928	Upload Task event uploaded for counter65
10:49:32:027	Upload Task event uploaded for counter66
10:49:33:109	Upload Task event uploaded for counter67
10:49:34:204	Upload Task event uploaded for counter68
10:49:35:276	Upload Task event uploaded for counter69
10:49:36:351	Upload Task event uploaded for counter70
10:49:37:429	Upload Task event uploaded for counter71
10:49:38:491	Upload Task event uploaded for counter72
10:49:39:574	Upload Task event uploaded for counter73
10:49:40:654	Upload Task event uploaded for counter74
10:49:41:729	Upload Task event uploaded for counter75
10:49:42:817	Upload Task event uploaded for counter76
10:49:43:910	Upload Task event uploaded for counter77
10:49:44:998	Upload Task event uploaded for counter78
10:49:46:080	Upload Task event uploaded for counter79
10:49:47:162	Upload Task event uploaded for counter80
10:49:48:260	Upload Task event uploaded for counter81
10:49:49:344	Upload Task event uploaded for counter82
10:49:50:409	Upload Task event uploaded for counter83
10:49:51:484	Upload Task event uploaded for counter84
10:49:52:574	Upload Task event uploaded for counter85
10:49:53:641	Upload Task event uploaded for counter86
10:49:54:707	Upload Task event uploaded for counter87
10:49:55:810	Upload Task event uploaded for counter88
10:49:56:874	Upload Task event uploaded for counter89
10:49:57:964	Upload Task event uploaded for counter90
10:49:59:028	Upload Task event uploaded for counter91
10:50:00:120	Upload Task event uploaded for counter92
10:50:01:320	Upload Task event uploaded for counter93
10:50:02:397	Upload Task event uploaded for counter94
10:50:03:463	Upload Task event uploaded for counter95
10:50:04:528	Upload Task event uploaded for counter96
10:50:05:623	Upload Task event uploaded for counter97
10:50:07:116	Upload Task event uploaded for counter98
10:50:08:176	Upload Task event uploaded for counter99
10:50:09:257	Upload Task event uploaded for counter100
10:50:10:335	Upload Task event uploaded for counter101
10:50:11:395	Upload Task event uploaded for counter102
10:50:12:477	Upload Task event uploaded for counter103
10:50:13:547	Upload Task event uploaded for counter104
10:50:14:618	Upload Task event uploaded for counter105
10:50:15:695	Upload Task event uploaded for counter106
10:50:16:790	Upload Task event uploaded for counter107
10:50:17:858	Upload Task event uploaded for counter108
10:50:18:948	Upload Task event uploaded for counter109
10:50:20:035	Upload Task event uploaded for counter110
10:50:21:115	Upload Task event uploaded for counter111
10:50:22:196	Upload Task event uploaded for counter112
10:50:23:272	Upload Task event uploaded for counter113
10:50:24:355	Upload Task event uploaded for counter114
10:50:25:429	Upload Task event uploaded for counter115
10:50:26:509	Upload Task event uploaded for counter116
10:50:27:660	Upload Task event uploaded for counter117
10:50:28:728	Upload Task event uploaded for counter118
10:50:29:810	Upload Task event uploaded for counter119
10:50:30:894	Upload Task event uploaded for counter120
10:50:31:975	Upload Task event uploaded for counter121
10:50:33:055	Upload Task event uploaded for counter122
10:50:34:128	Upload Task event uploaded for counter123
10:50:35:209	Upload Task event uploaded for counter124
10:50:36:299	Upload Task event uploaded for counter125
10:50:37:891	Upload Task event uploaded for counter126
10:50:39:001	Upload Task event uploaded for counter127
10:50:40:079	Upload Task event uploaded for counter128
10:50:41:488	Upload Task event uploaded for counter129
10:50:42:658	Upload Task event uploaded for counter130
10:50:43:741	Upload Task event uploaded for counter131
10:50:44:824	Upload Task event uploaded for counter132
10:50:45:898	Upload Task event uploaded for counter133
10:50:46:983	Upload Task event uploaded for counter134
10:50:48:175	Upload Task event uploaded for counter135
10:50:49:259	Upload Task event uploaded for counter136
10:50:50:343	Upload Task event uploaded for counter137
10:50:51:432	Upload Task event uploaded for counter138
10:50:52:610	Upload Task event uploaded for counter139
10:50:53:705	Upload Task event uploaded for counter140
10:50:54:877	Upload Task event uploaded for counter141
10:50:55:960	Upload Task event uploaded for counter142
10:50:57:055	Upload Task event uploaded for counter143
10:50:58:112	Upload Task event uploaded for counter144
10:50:59:259	Upload Task event uploaded for counter145
10:51:00:390	Upload Task event uploaded for counter146
10:51:01:524	Upload Task event uploaded for counter147
10:51:02:601	Upload Task event uploaded for counter148
10:51:03:691	Upload Task event uploaded for counter149
10:51:04:814	Upload Task event uploaded for counter150
10:51:05:879	Upload Task event uploaded for counter151
10:51:06:973	Upload Task event uploaded for counter152
10:51:08:051	Upload Task event uploaded for counter153
10:51:09:117	Upload Task event uploaded for counter154
10:51:10:191	Upload Task event uploaded for counter155
10:51:11:269	Upload Task event uploaded for counter156
10:51:12:351	Upload Task event uploaded for counter157
10:51:13:431	Upload Task event uploaded for counter158
10:51:14:861	Upload Task event uploaded for counter159
10:51:15:995	Upload Task event uploaded for counter160
10:51:17:065	Upload Task event uploaded for counter161
10:51:18:192	Upload Task event uploaded for counter162
10:51:19:275	Upload Task event uploaded for counter163
10:51:20:361	Upload Task event uploaded for counter164
10:51:21:444	Upload Task event uploaded for counter165
10:51:22:529	Upload Task event uploaded for counter166
10:51:23:590	Upload Task event uploaded for counter167
10:51:24:680	Upload Task event uploaded for counter168
10:51:25:805	Upload Task event uploaded for counter169
10:51:26:878	Upload Task event uploaded for counter170
10:51:27:965	Upload Task event uploaded for counter171
10:51:29:028	Upload Task event uploaded for counter172
10:51:30:110	Upload Task event uploaded for counter173
10:51:31:195	Upload Task event uploaded for counter174
10:51:32:270	Upload Task event uploaded for counter175
10:51:33:339	Upload Task event uploaded for counter176
10:51:34:428	Upload Task event uploaded for counter177
10:51:35:515	Upload Task event uploaded for counter178
10:51:36:590	Upload Task event uploaded for counter179
10:51:37:674	Upload Task event uploaded for counter180
10:51:38:773	Upload Task event uploaded for counter181
10:51:39:858	Upload Task event uploaded for counter182
10:51:40:927	Upload Task event uploaded for counter183
10:51:42:006	Upload Task event uploaded for counter184
10:51:43:076	Upload Task event uploaded for counter185
10:51:44:149	Upload Task event uploaded for counter186
10:51:45:237	Upload Task event uploaded for counter187
10:51:46:394	Upload Task event uploaded for counter188
10:51:47:471	Upload Task event uploaded for counter189
10:51:48:541	Upload Task event uploaded for counter190
10:51:49:639	Upload Task event uploaded for counter191
10:51:50:735	Upload Task event uploaded for counter192
10:51:51:794	Upload Task event uploaded for counter193
10:51:52:861	Upload Task event uploaded for counter194
10:51:54:033	Upload Task event uploaded for counter195
10:51:55:101	Upload Task event uploaded for counter196
10:51:56:171	Upload Task event uploaded for counter197
10:51:57:256	Upload Task event uploaded for counter198
10:51:58:329	Upload Task event uploaded for counter199
10:51:59:415	Upload Task event uploaded for counter200
10:52:00:496	Upload Task event uploaded for counter201
10:52:01:638	Upload Task event uploaded for counter202
10:52:02:722	Upload Task event uploaded for counter203
10:52:03:809	Upload Task event uploaded for counter204
10:52:04:886	Upload Task event uploaded for counter205
10:52:05:962	Upload Task event uploaded for counter206
10:52:07:041	Upload Task event uploaded for counter207
10:52:08:106	Upload Task event uploaded for counter208
10:52:09:186	Upload Task event uploaded for counter209
10:52:10:268	Upload Task event uploaded for counter210
10:52:11:345	Upload Task event uploaded for counter211
10:52:12:425	Upload Task event uploaded for counter212
10:52:13:511	Upload Task event uploaded for counter213
10:52:14:578	Upload Task event uploaded for counter214
10:52:15:660	Upload Task event uploaded for counter215
10:52:16:743	Upload Task event uploaded for counter216
10:52:17:829	Upload Task event uploaded for counter217
10:52:18:913	Upload Task event uploaded for counter218
10:52:19:992	Upload Task event uploaded for counter219
10:52:21:175	Upload Task event uploaded for counter220
10:52:22:262	Upload Task event uploaded for counter221
10:52:23:401	Upload Task event uploaded for counter222
10:52:24:487	Upload Task event uploaded for counter223
10:52:25:565	Upload Task event uploaded for counter224
10:52:26:642	Upload Task event uploaded for counter225
10:52:27:730	Upload Task event uploaded for counter226
10:52:28:934	Upload Task event uploaded for counter227
10:52:30:018	Upload Task event uploaded for counter228
10:52:31:088	Upload Task event uploaded for counter229
10:52:32:180	Upload Task event uploaded for counter230
10:52:33:266	Upload Task event uploaded for counter231
10:52:34:376	Upload Task event uploaded for counter232
10:52:35:455	Upload Task event uploaded for counter233
10:52:36:532	Upload Task event uploaded for counter234
10:52:37:612	Upload Task event uploaded for counter235
10:52:38:688	Upload Task event uploaded for counter236
10:52:39:773	Upload Task event uploaded for counter237
10:52:40:849	Upload Task event uploaded for counter238
10:52:41:925	Upload Task event uploaded for counter239
10:52:43:089	Upload Task event uploaded for counter240
10:52:44:167	Upload Task event uploaded for counter241
10:52:45:291	Upload Task event uploaded for counter242
10:52:46:357	Upload Task event uploaded for counter243
10:52:47:512	Upload Task event uploaded for counter244
10:52:48:577	Upload Task event uploaded for counter245
10:52:49:741	Upload Task event uploaded for counter246
10:52:50:825	Upload Task event uploaded for counter247
10:52:51:894	Upload Task event uploaded for counter248
10:52:52:988	Upload Task event uploaded for counter249
10:52:54:067	Upload Task event uploaded for counter250
10:52:55:145	Upload Task event uploaded for counter251
10:52:56:230	Upload Task event uploaded for counter252
10:52:57:320	Upload Task event uploaded for counter253
10:52:58:414	Upload Task event uploaded for counter254
10:52:59:483	Upload Task event uploaded for counter255
10:53:00:570	Upload Task event uploaded for counter256
10:53:01:664	Upload Task event uploaded for counter257
10:53:02:733	Upload Task event uploaded for counter258
10:53:03:812	Upload Task event uploaded for counter259
10:53:04:887	Upload Task event uploaded for counter260
10:53:06:038	Upload Task event uploaded for counter261
10:53:07:131	Upload Task event uploaded for counter262
10:53:08:212	Upload Task event uploaded for counter263
10:53:09:288	Upload Task event uploaded for counter264
10:53:10:433	Upload Task event uploaded for counter265
10:53:12:133	Upload Task event uploaded for counter266
10:53:13:210	Upload Task event uploaded for counter267
10:53:14:276	Upload Task event uploaded for counter268
10:53:15:378	Upload Task event uploaded for counter269
10:53:16:485	Upload Task event uploaded for counter270
10:53:17:559	Upload Task event uploaded for counter271
10:53:18:728	Upload Task event uploaded for counter272
10:53:19:800	Upload Task event uploaded for counter273
10:53:20:868	Upload Task event uploaded for counter274
10:53:21:946	Upload Task event uploaded for counter275
10:53:23:026	Upload Task event uploaded for counter276
10:53:24:135	Upload Task event uploaded for counter277
10:53:25:204	Upload Task event uploaded for counter278
10:53:26:292	Upload Task event uploaded for counter279
10:53:27:381	Upload Task event uploaded for counter280
10:53:28:443	Upload Task event uploaded for counter281
10:53:29:527	Upload Task event uploaded for counter282
10:53:30:616	Upload Task event uploaded for counter283
10:53:31:726	Upload Task event uploaded for counter284
10:53:32:832	Upload Task event uploaded for counter285
10:53:33:913	Upload Task event uploaded for counter286
10:53:34:992	Upload Task event uploaded for counter287
10:53:36:082	Upload Task event uploaded for counter288
10:53:37:166	Upload Task event uploaded for counter289
10:53:38:248	Upload Task event uploaded for counter290
10:53:39:393	Upload Task event uploaded for counter291
10:53:40:487	Upload Task event uploaded for counter292
10:53:41:556	Upload Task event uploaded for counter293
10:53:42:620	Upload Task event uploaded for counter294
10:53:43:702	Upload Task event uploaded for counter295
10:53:44:776	Upload Task event uploaded for counter296
10:53:45:870	Upload Task event uploaded for counter297
10:53:46:933	Upload Task event uploaded for counter298
10:53:48:014	Upload Task event uploaded for counter299
10:53:49:093	Upload Task event uploaded for counter300
10:53:50:241	Upload Task event uploaded for counter301
10:53:51:327	Upload Task event uploaded for counter302
10:53:52:398	Upload Task event uploaded for counter303
10:53:53:517	Upload Task event uploaded for counter304
10:53:54:625	Upload Task event uploaded for counter305
10:53:55:695	Upload Task event uploaded for counter306
10:53:56:770	Upload Task event uploaded for counter307
10:53:57:851	Upload Task event uploaded for counter308
10:53:58:996	Upload Task event uploaded for counter309
10:54:00:144	Upload Task event uploaded for counter310
10:54:01:222	Upload Task event uploaded for counter311
10:54:02:294	Upload Task event uploaded for counter312
10:54:03:383	Upload Task event uploaded for counter313
10:54:04:453	Upload Task event uploaded for counter314
10:54:05:578	Upload Task event uploaded for counter315
10:54:06:651	Upload Task event uploaded for counter316
10:54:07:724	Upload Task event uploaded for counter317
10:54:08:790	Upload Task event uploaded for counter318
10:54:10:236	Upload Task event uploaded for counter319
10:54:11:311	Upload Task event uploaded for counter320
10:54:12:403	Upload Task event uploaded for counter321
10:54:13:500	Upload Task event uploaded for counter322
10:54:14:600	Upload Task event uploaded for counter323
10:54:15:680	Upload Task event uploaded for counter324
10:54:16:757	Upload Task event uploaded for counter325
10:54:17:830	Upload Task event uploaded for counter326
10:54:18:894	Upload Task event uploaded for counter327
10:54:19:973	Upload Task event uploaded for counter328
10:54:21:046	Upload Task event uploaded for counter329
10:54:22:123	Upload Task event uploaded for counter330
10:54:23:336	Upload Task event uploaded for counter331
10:54:24:409	Upload Task event uploaded for counter332
10:54:25:505	Upload Task event uploaded for counter333
10:54:26:579	Upload Task event uploaded for counter334
10:54:27:649	Upload Task event uploaded for counter335
10:54:28:737	Upload Task event uploaded for counter336
10:54:29:827	Upload Task event uploaded for counter337
10:54:30:907	Upload Task event uploaded for counter338
10:54:31:974	Upload Task event uploaded for counter339
10:54:33:073	Upload Task event uploaded for counter340
10:54:34:229	Upload Task event uploaded for counter341
10:54:35:318	Upload Task event uploaded for counter342
10:54:36:402	Upload Task event uploaded for counter343
10:54:37:484	Upload Task event uploaded for counter344
10:54:38:568	Upload Task event uploaded for counter345
10:54:39:629	Upload Task event uploaded for counter346
10:54:40:723	Upload Task event uploaded for counter347
10:54:41:808	Upload Task event uploaded for counter348
10:54:42:888	Upload Task event uploaded for counter349
10:54:43:966	Upload Task event uploaded for counter350
10:54:45:043	Upload Task event uploaded for counter351
10:54:46:124	Upload Task event uploaded for counter352
10:54:47:209	Upload Task event uploaded for counter353
10:54:48:289	Upload Task event uploaded for counter354
10:54:49:367	Upload Task event uploaded for counter355
10:54:50:437	Upload Task event uploaded for counter356
10:54:51:588	Upload Task event uploaded for counter357
10:54:52:662	Upload Task event uploaded for counter358
10:54:53:749	Upload Task event uploaded for counter359
10:54:54:827	Upload Task event uploaded for counter360
10:54:55:911	Upload Task event uploaded for counter361
10:54:56:989	Upload Task event uploaded for counter362
10:54:58:064	Upload Task event uploaded for counter363
10:54:59:121	Upload Task event uploaded for counter364
10:55:00:198	Upload Task event uploaded for counter365
10:55:01:272	Upload Task event uploaded for counter366
10:55:02:357	Upload Task event uploaded for counter367
10:55:03:974	Upload Task event uploaded for counter368
10:55:05:059	Upload Task event uploaded for counter369
10:55:06:128	Upload Task event uploaded for counter370
10:55:07:272	Upload Task event uploaded for counter371
10:55:08:353	Upload Task event uploaded for counter372
10:55:09:503	Upload Task event uploaded for counter373
10:55:10:570	Upload Task event uploaded for counter374
10:55:11:649	Upload Task event uploaded for counter375
10:55:12:718	Upload Task event uploaded for counter376
10:55:13:805	Upload Task event uploaded for counter377
10:55:14:892	Upload Task event uploaded for counter378
10:55:15:967	Upload Task event uploaded for counter379
10:55:17:046	Upload Task event uploaded for counter380
10:55:18:122	Upload Task event uploaded for counter381
10:55:19:206	Upload Task event uploaded for counter382
10:55:20:287	Upload Task event uploaded for counter383
10:55:21:368	Upload Task event uploaded for counter384
10:55:22:435	Upload Task event uploaded for counter385
10:55:23:496	Upload Task event uploaded for counter386
10:55:24:589	Upload Task event uploaded for counter387
10:55:25:671	Upload Task event uploaded for counter388
10:55:26:743	Upload Task event uploaded for counter389
10:55:27:810	Upload Task event uploaded for counter390
10:55:28:873	Upload Task event uploaded for counter391
10:55:29:933	Upload Task event uploaded for counter392
10:55:31:029	Upload Task event uploaded for counter393
10:55:32:117	Upload Task event uploaded for counter394
10:55:33:190	Upload Task event uploaded for counter395
10:55:34:262	Upload Task event uploaded for counter396
10:55:35:339	Upload Task event uploaded for counter397
10:55:36:403	Upload Task event uploaded for counter398
10:55:37:480	Upload Task event uploaded for counter399
10:55:38:622	Upload Task event uploaded for counter400
10:55:39:700	Upload Task event uploaded for counter401
10:55:40:790	Upload Task event uploaded for counter402
10:55:41:872	Upload Task event uploaded for counter403
10:55:42:960	Upload Task event uploaded for counter404
10:55:44:039	Upload Task event uploaded for counter405
10:55:45:121	Upload Task event uploaded for counter406
10:55:46:185	Upload Task event uploaded for counter407
10:55:47:329	Upload Task event uploaded for counter408
10:55:48:407	Upload Task event uploaded for counter409
10:55:49:478	Upload Task event uploaded for counter410
10:55:50:556	Upload Task event uploaded for counter411
10:55:51:628	Upload Task event uploaded for counter412
10:55:52:699	Upload Task event uploaded for counter413
10:55:53:775	Upload Task event uploaded for counter414
10:55:54:851	Upload Task event uploaded for counter415
10:55:55:942	Upload Task event uploaded for counter416
10:55:57:025	Upload Task event uploaded for counter417
10:55:58:860	Upload Task event uploaded for counter418
10:56:00:364	Upload Task event uploaded for counter419
10:56:01:434	Upload Task event uploaded for counter420
10:56:02:516	Upload Task event uploaded for counter421
10:56:03:587	Upload Task event uploaded for counter422
10:56:04:651	Upload Task event uploaded for counter423
10:56:05:769	Upload Task event uploaded for counter424
10:56:06:848	Upload Task event uploaded for counter425
10:56:07:934	Upload Task event uploaded for counter426
10:56:09:031	Upload Task event uploaded for counter427
10:56:10:108	Upload Task event uploaded for counter428
10:56:11:190	Upload Task event uploaded for counter429
10:56:12:265	Upload Task event uploaded for counter430
10:56:13:348	Upload Task event uploaded for counter431
10:56:14:436	Upload Task event uploaded for counter432
10:56:15:499	Upload Task event uploaded for counter433
10:56:16:571	Upload Task event uploaded for counter434
10:56:17:724	Upload Task event uploaded for counter435
10:56:18:812	Upload Task event uploaded for counter436
10:56:19:906	Upload Task event uploaded for counter437
10:56:20:992	Upload Task event uploaded for counter438
10:56:22:087	Upload Task event uploaded for counter439
10:56:23:249	Upload Task event uploaded for counter440
10:56:24:316	Upload Task event uploaded for counter441
10:56:25:394	Upload Task event uploaded for counter442
10:56:26:466	Upload Task event uploaded for counter443
10:56:27:550	Upload Task event uploaded for counter444
10:56:28:718	Upload Task event uploaded for counter445
10:56:29:788	Upload Task event uploaded for counter446
10:56:30:859	Upload Task event uploaded for counter447
10:56:31:940	Upload Task event uploaded for counter448
10:56:33:019	Upload Task event uploaded for counter449
10:56:34:097	Upload Task event uploaded for counter450
10:56:35:188	Upload Task event uploaded for counter451
10:56:36:270	Upload Task event uploaded for counter452
10:56:37:357	Upload Task event uploaded for counter453
10:56:38:427	Upload Task event uploaded for counter454
10:56:39:508	Upload Task event uploaded for counter455
10:56:40:600	Upload Task event uploaded for counter456
10:56:41:667	Upload Task event uploaded for counter457
10:56:42:738	Upload Task event uploaded for counter458
10:56:43:821	Upload Task event uploaded for counter459
10:56:44:898	Upload Task event uploaded for counter460
10:56:45:980	Upload Task event uploaded for counter461
10:56:47:065	Upload Task event uploaded for counter462
10:56:48:146	Upload Task event uploaded for counter463
10:56:49:221	Upload Task event uploaded for counter464
10:56:50:312	Upload Task event uploaded for counter465
10:56:51:402	Upload Task event uploaded for counter466
10:56:52:543	Upload Task event uploaded for counter467
10:56:53:664	Upload Task event uploaded for counter468
10:56:54:742	Upload Task event uploaded for counter469
10:56:55:806	Upload Task event uploaded for counter470
10:56:56:877	Upload Task event uploaded for counter471
10:56:57:953	Upload Task event uploaded for counter472
10:56:59:030	Upload Task event uploaded for counter473
10:57:00:104	Upload Task event uploaded for counter474
10:57:01:176	Upload Task event uploaded for counter475
10:57:02:257	Upload Task event uploaded for counter476
10:57:03:340	Upload Task event uploaded for counter477
10:57:04:425	Upload Task event uploaded for counter478
10:57:05:509	Upload Task event uploaded for counter479
10:57:06:614	Upload Task event uploaded for counter480
10:57:07:758	Upload Task event uploaded for counter481
10:57:08:848	Upload Task event uploaded for counter482
10:57:09:954	Upload Task event uploaded for counter483
10:57:11:029	Upload Task event uploaded for counter484
10:57:12:109	Upload Task event uploaded for counter485
10:57:13:167	Upload Task event uploaded for counter486
10:57:14:246	Upload Task event uploaded for counter487
10:57:15:329	Upload Task event uploaded for counter488
10:57:16:397	Upload Task event uploaded for counter489
10:57:17:467	Upload Task event uploaded for counter490
10:57:18:551	Upload Task event uploaded for counter491
10:57:19:630	Upload Task event uploaded for counter492
10:57:20:711	Upload Task event uploaded for counter493
10:57:21:780	Upload Task event uploaded for counter494
10:57:22:859	Upload Task event uploaded for counter495
10:57:24:020	Upload Task event uploaded for counter496
10:57:25:164	Upload Task event uploaded for counter497
10:57:26:224	Upload Task event uploaded for counter498
10:57:27:293	Upload Task event uploaded for counter499
10:57:28:384	Upload Task event uploaded for counter500
10:57:29:472	Upload Task event uploaded for counter501
10:57:30:544	Upload Task event uploaded for counter502
10:57:31:640	Upload Task event uploaded for counter503
10:57:32:716	Upload Task event uploaded for counter504
10:57:33:789	Upload Task event uploaded for counter505
10:57:34:873	Upload Task event uploaded for counter506
10:57:36:020	Upload Task event uploaded for counter507
10:57:37:111	Upload Task event uploaded for counter508
10:57:38:177	Upload Task event uploaded for counter509
10:57:39:258	Upload Task event uploaded for counter510
10:57:40:398	Upload Task event uploaded for counter511
10:57:41:489	Upload Task event uploaded for counter512
10:57:42:587	Upload Task event uploaded for counter513
10:57:43:678	Upload Task event uploaded for counter514
10:57:44:874	Upload Task event uploaded for counter515
10:57:45:951	Upload Task event uploaded for counter516
10:57:47:012	Upload Task event uploaded for counter517
10:57:48:089	Upload Task event uploaded for counter518
10:57:49:149	Upload Task event uploaded for counter519
10:57:50:238	Upload Task event uploaded for counter520
10:57:51:321	Upload Task event uploaded for counter521
10:57:52:410	Upload Task event uploaded for counter522
10:57:53:501	Upload Task event uploaded for counter523
10:57:54:583	Upload Task event uploaded for counter524
10:57:55:669	Upload Task event uploaded for counter525
10:57:56:748	Upload Task event uploaded for counter526
10:57:57:864	Upload Task event uploaded for counter527
10:57:58:933	Upload Task event uploaded for counter528
10:58:00:185	Upload Task event uploaded for counter529
10:58:01:430	Upload Task event uploaded for counter530
10:58:02:640	Upload Task event uploaded for counter531
10:58:03:871	Upload Task event uploaded for counter532
10:58:04:984	Upload Task event uploaded for counter533
10:58:06:174	Upload Task event uploaded for counter534
10:58:07:265	Upload Task event uploaded for counter535
10:58:08:344	Upload Task event uploaded for counter536
10:58:09:454	Upload Task event uploaded for counter537
10:58:10:519	Upload Task event uploaded for counter538
10:58:11:604	Upload Task event uploaded for counter539
10:58:12:763	Upload Task event uploaded for counter540
10:58:13:841	Upload Task event uploaded for counter541
10:58:14:960	Upload Task event uploaded for counter542
10:58:16:029	Upload Task event uploaded for counter543
10:58:17:117	Upload Task event uploaded for counter544
10:58:18:175	Upload Task event uploaded for counter545
10:58:19:272	Upload Task event uploaded for counter546
10:58:20:350	Upload Task event uploaded for counter547
10:58:21:452	Upload Task event uploaded for counter548
10:58:22:513	Upload Task event uploaded for counter549
10:58:23:597	Upload Task event uploaded for counter550
10:58:24:672	Upload Task event uploaded for counter551
10:58:25:760	Upload Task event uploaded for counter552
10:58:26:834	Upload Task event uploaded for counter553
10:58:27:922	Upload Task event uploaded for counter554
10:58:29:008	Upload Task event uploaded for counter555
10:58:30:101	Upload Task event uploaded for counter556
10:58:31:190	Upload Task event uploaded for counter557
10:58:32:267	Upload Task event uploaded for counter558
10:58:33:352	Upload Task event uploaded for counter559
10:58:34:427	Upload Task event uploaded for counter560
10:58:35:508	Upload Task event uploaded for counter561
10:58:36:594	Upload Task event uploaded for counter562
10:58:37:685	Upload Task event uploaded for counter563
10:58:38:783	Upload Task event uploaded for counter564
10:58:39:859	Upload Task event uploaded for counter565
10:58:40:948	Upload Task event uploaded for counter566
10:58:42:023	Upload Task event uploaded for counter567
10:58:43:102	Upload Task event uploaded for counter568
10:58:44:177	Upload Task event uploaded for counter569
10:58:45:270	Upload Task event uploaded for counter570
10:58:46:368	Upload Task event uploaded for counter571
10:58:47:459	Upload Task event uploaded for counter572
10:58:48:529	Upload Task event uploaded for counter573
10:58:49:610	Upload Task event uploaded for counter574
10:58:50:696	Upload Task event uploaded for counter575
10:58:51:763	Upload Task event uploaded for counter576
10:58:52:851	Upload Task event uploaded for counter577
10:58:53:941	Upload Task event uploaded for counter578
10:58:55:464	Upload Task event uploaded for counter579
10:58:56:534	Upload Task event uploaded for counter580
10:58:57:607	Upload Task event uploaded for counter581
10:58:58:686	Upload Task event uploaded for counter582
10:58:59:756	Upload Task event uploaded for counter583
10:59:00:838	Upload Task event uploaded for counter584
10:59:01:927	Upload Task event uploaded for counter585
10:59:03:006	Upload Task event uploaded for counter586
10:59:04:087	Upload Task event uploaded for counter587
10:59:05:180	Upload Task event uploaded for counter588
10:59:06:364	Upload Task event uploaded for counter589
10:59:07:566	Upload Task event uploaded for counter590
10:59:08:750	Upload Task event uploaded for counter591
10:59:09:974	Upload Task event uploaded for counter592
10:59:11:185	Upload Task event uploaded for counter593
10:59:12:420	Upload Task event uploaded for counter594
10:59:13:640	Upload Task event uploaded for counter595
10:59:14:828	Upload Task event uploaded for counter596
10:59:16:031	Upload Task event uploaded for counter597
10:59:17:217	Upload Task event uploaded for counter598
10:59:18:450	Upload Task event uploaded for counter599
10:59:19:655	Upload Task event uploaded for counter600
10:59:20:856	Upload Task event uploaded for counter601
10:59:22:049	Upload Task event uploaded for counter602
10:59:23:302	Upload Task event uploaded for counter603
10:59:24:497	Upload Task event uploaded for counter604
10:59:25:719	Upload Task event uploaded for counter605
10:59:26:919	Upload Task event uploaded for counter606
10:59:28:213	Upload Task event uploaded for counter607
10:59:29:412	Upload Task event uploaded for counter608
10:59:30:627	Upload Task event uploaded for counter609
10:59:31:824	Upload Task event uploaded for counter610
10:59:33:040	Upload Task event uploaded for counter611
10:59:34:286	Upload Task event uploaded for counter612
10:59:35:480	Upload Task event uploaded for counter613
10:59:36:669	Upload Task event uploaded for counter614
10:59:37:874	Upload Task event uploaded for counter615
10:59:39:108	Upload Task event uploaded for counter616
10:59:40:320	Upload Task event uploaded for counter617
10:59:41:519	Upload Task event uploaded for counter618
10:59:42:731	Upload Task event uploaded for counter619
10:59:43:925	Upload Task event uploaded for counter620
10:59:45:142	Upload Task event uploaded for counter621
10:59:46:345	Upload Task event uploaded for counter622
10:59:47:548	Upload Task event uploaded for counter623
10:59:48:751	Upload Task event uploaded for counter624
10:59:49:929	Upload Task event uploaded for counter625
10:59:51:108	Upload Task event uploaded for counter626
10:59:52:311	Upload Task event uploaded for counter627
10:59:53:507	Upload Task event uploaded for counter628
10:59:54:728	Upload Task event uploaded for counter629
10:59:55:922	Upload Task event uploaded for counter630
10:59:57:128	Upload Task event uploaded for counter631
10:59:58:350	Upload Task event uploaded for counter632
10:59:59:559	Upload Task event uploaded for counter633
11:00:00:780	Upload Task event uploaded for counter634
11:00:01:992	Upload Task event uploaded for counter635
11:00:03:191	Upload Task event uploaded for counter636
11:00:04:397	Upload Task event uploaded for counter637
11:00:05:591	Upload Task event uploaded for counter638
11:00:06:795	Upload Task event uploaded for counter639
11:00:08:060	Upload Task event uploaded for counter640
11:00:09:266	Upload Task event uploaded for counter641
11:00:10:500	Upload Task event uploaded for counter642
11:00:11:737	Upload Task event uploaded for counter643
11:00:12:966	Upload Task event uploaded for counter644
11:00:14:194	Upload Task event uploaded for counter645
11:00:15:268	Upload Task event uploaded for counter646
11:00:16:358	Upload Task event uploaded for counter647
11:00:17:436	Upload Task event uploaded for counter648
11:00:18:515	Upload Task event uploaded for counter649
11:00:19:586	Upload Task event uploaded for counter650
11:00:20:660	Upload Task event uploaded for counter651
11:00:21:745	Upload Task event uploaded for counter652
11:00:22:822	Upload Task event uploaded for counter653
11:00:23:888	Upload Task event uploaded for counter654
11:00:25:035	Upload Task event uploaded for counter655
11:00:26:121	Upload Task event uploaded for counter656
11:00:27:187	Upload Task event uploaded for counter657
11:00:28:266	Upload Task event uploaded for counter658
11:00:29:352	Upload Task event uploaded for counter659
11:00:30:429	Upload Task event uploaded for counter660
11:00:31:530	Upload Task event uploaded for counter661
11:00:32:611	Upload Task event uploaded for counter662
11:00:33:676	Upload Task event uploaded for counter663
11:00:34:741	Upload Task event uploaded for counter664
11:00:35:869	Upload Task event uploaded for counter665
11:00:36:949	Upload Task event uploaded for counter666
11:00:38:011	Upload Task event uploaded for counter667
11:00:39:089	Upload Task event uploaded for counter668
11:00:40:158	Upload Task event uploaded for counter669
11:00:41:224	Upload Task event uploaded for counter670
11:00:42:630	Upload Task event uploaded for counter671
11:00:43:700	Upload Task event uploaded for counter672
11:00:44:772	Upload Task event uploaded for counter673
11:00:46:171	Upload Task event uploaded for counter674
11:00:47:238	Upload Task event uploaded for counter675
11:00:48:318	Upload Task event uploaded for counter676
11:00:49:396	Upload Task event uploaded for counter677
11:00:50:633	Upload Task event uploaded for counter678
11:00:51:708	Upload Task event uploaded for counter679
11:00:52:825	Upload Task event uploaded for counter680
11:00:53:899	Upload Task event uploaded for counter681
11:00:54:965	Upload Task event uploaded for counter682
11:00:56:036	Upload Task event uploaded for counter683
11:00:57:122	Upload Task event uploaded for counter684
11:00:58:194	Upload Task event uploaded for counter685
11:00:59:340	Upload Task event uploaded for counter686
11:01:00:409	Upload Task event uploaded for counter687
11:01:01:496	Upload Task event uploaded for counter688
11:01:02:600	Upload Task event uploaded for counter689
11:01:03:819	Upload Task event uploaded for counter690
11:01:04:915	Upload Task event uploaded for counter691
11:01:05:987	Upload Task event uploaded for counter692
11:01:07:064	Upload Task event uploaded for counter693
11:01:08:139	Upload Task event uploaded for counter694
11:01:09:206	Upload Task event uploaded for counter695
11:01:10:291	Upload Task event uploaded for counter696
11:01:11:373	Upload Task event uploaded for counter697
11:01:12:450	Upload Task event uploaded for counter698
11:01:13:525	Upload Task event uploaded for counter699
11:01:14:597	Upload Task event uploaded for counter700
11:01:15:671	Upload Task event uploaded for counter701
11:01:16:730	Upload Task event uploaded for counter702
11:01:17:801	Upload Task event uploaded for counter703
11:01:18:870	Upload Task event uploaded for counter704
11:01:19:961	Upload Task event uploaded for counter705
11:01:21:037	Upload Task event uploaded for counter706
11:01:22:119	Upload Task event uploaded for counter707
11:01:23:198	Upload Task event uploaded for counter708
11:01:24:274	Upload Task event uploaded for counter709
11:01:25:344	Upload Task event uploaded for counter710
11:01:26:426	Upload Task event uploaded for counter711
11:01:27:503	Upload Task event uploaded for counter712
11:01:28:586	Upload Task event uploaded for counter713
11:01:29:662	Upload Task event uploaded for counter714
11:01:30:754	Upload Task event uploaded for counter715
11:01:31:823	Upload Task event uploaded for counter716
11:01:32:897	Upload Task event uploaded for counter717
11:01:33:980	Upload Task event uploaded for counter718
11:01:35:060	Upload Task event uploaded for counter719
11:01:36:118	Upload Task event uploaded for counter720
11:01:37:206	Upload Task event uploaded for counter721
11:01:38:277	Upload Task event uploaded for counter722
11:01:39:369	Upload Task event uploaded for counter723
11:01:40:454	Upload Task event uploaded for counter724
11:01:41:530	Upload Task event uploaded for counter725
11:01:42:602	Upload Task event uploaded for counter726
11:01:43:679	Upload Task event uploaded for counter727
11:01:44:765	Upload Task event uploaded for counter728
11:01:45:826	Upload Task event uploaded for counter729
11:01:46:904	Upload Task event uploaded for counter730
11:01:47:975	Upload Task event uploaded for counter731
11:01:49:069	Upload Task event uploaded for counter732
11:01:50:146	Upload Task event uploaded for counter733
11:01:51:234	Upload Task event uploaded for counter734
11:01:52:311	Upload Task event uploaded for counter735
11:01:53:389	Upload Task event uploaded for counter736
11:01:54:469	Upload Task event uploaded for counter737
11:01:55:545	Upload Task event uploaded for counter738
11:01:56:674	Upload Task event uploaded for counter739
11:01:57:757	Upload Task event uploaded for counter740
11:01:58:844	Upload Task event uploaded for counter741
11:01:59:929	Upload Task event uploaded for counter742
11:02:01:096	Upload Task event uploaded for counter743
11:02:02:167	Upload Task event uploaded for counter744
11:02:03:241	Upload Task event uploaded for counter745
11:02:04:317	Upload Task event uploaded for counter746
11:02:05:409	Upload Task event uploaded for counter747
11:02:06:487	Upload Task event uploaded for counter748
11:02:07:558	Upload Task event uploaded for counter749
11:02:08:627	Upload Task event uploaded for counter750
11:02:09:726	Upload Task event uploaded for counter751
11:02:10:810	Upload Task event uploaded for counter752
11:02:11:863	Upload Task event uploaded for counter753
11:02:12:925	Upload Task event uploaded for counter754
11:02:14:005	Upload Task event uploaded for counter755
11:02:15:096	Upload Task event uploaded for counter756
11:02:16:169	Upload Task event uploaded for counter757
11:02:17:249	Upload Task event uploaded for counter758
11:02:18:348	Upload Task event uploaded for counter759
11:02:19:420	Upload Task event uploaded for counter760
11:02:20:511	Upload Task event uploaded for counter761
11:02:21:584	Upload Task event uploaded for counter762
11:02:22:653	Upload Task event uploaded for counter763
11:02:23:739	Upload Task event uploaded for counter764
11:02:24:817	Upload Task event uploaded for counter765
11:02:25:902	Upload Task event uploaded for counter766
11:02:26:989	Upload Task event uploaded for counter767
11:02:28:055	Upload Task event uploaded for counter768
11:02:29:142	Upload Task event uploaded for counter769
11:02:30:229	Upload Task event uploaded for counter770
11:02:31:310	Upload Task event uploaded for counter771
11:02:32:380	Upload Task event uploaded for counter772
11:02:33:454	Upload Task event uploaded for counter773
11:02:34:537	Upload Task event uploaded for counter774
11:02:35:626	Upload Task event uploaded for counter775
11:02:36:705	Upload Task event uploaded for counter776
11:02:37:791	Upload Task event uploaded for counter777
11:02:38:851	Upload Task event uploaded for counter778
11:02:39:918	Upload Task event uploaded for counter779
11:02:40:992	Upload Task event uploaded for counter780
11:02:42:070	Upload Task event uploaded for counter781
11:02:43:141	Upload Task event uploaded for counter782
11:02:44:226	Upload Task event uploaded for counter783
11:02:45:311	Upload Task event uploaded for counter784
11:02:46:393	Upload Task event uploaded for counter785
11:02:47:456	Upload Task event uploaded for counter786
11:02:48:527	Upload Task event uploaded for counter787
11:02:49:605	Upload Task event uploaded for counter788
11:02:50:686	Upload Task event uploaded for counter789
11:02:51:755	Upload Task event uploaded for counter790
11:02:52:821	Upload Task event uploaded for counter791
11:02:53:894	Upload Task event uploaded for counter792
11:02:54:968	Upload Task event uploaded for counter793
11:02:56:049	Upload Task event uploaded for counter794
11:02:57:104	Upload Task event uploaded for counter795
11:02:58:166	Upload Task event uploaded for counter796
11:02:59:226	Upload Task event uploaded for counter797
11:03:00:305	Upload Task event uploaded for counter798
11:03:01:366	Upload Task event uploaded for counter799
11:03:02:437	Upload Task event uploaded for counter800
11:03:03:590	Upload Task event uploaded for counter801
11:03:04:969	Upload Task event uploaded for counter802
11:03:06:080	Upload Task event uploaded for counter803
11:03:07:483	Upload Task event uploaded for counter804
11:03:08:625	Upload Task event uploaded for counter805
11:03:09:682	Upload Task event uploaded for counter806
11:03:10:748	Upload Task event uploaded for counter807
11:03:12:071	Upload Task event uploaded for counter808
11:03:13:203	Upload Task event uploaded for counter809
11:03:14:626	Upload Task event uploaded for counter810
11:03:15:702	Upload Task event uploaded for counter811
11:03:16:773	Upload Task event uploaded for counter812
11:03:17:848	Upload Task event uploaded for counter813
11:03:18:937	Upload Task event uploaded for counter814
11:03:20:017	Upload Task event uploaded for counter815
11:03:21:076	Upload Task event uploaded for counter816
11:03:22:152	Upload Task event uploaded for counter817
11:03:23:218	Upload Task event uploaded for counter818
11:03:24:299	Upload Task event uploaded for counter819
11:03:25:382	Upload Task event uploaded for counter820
11:03:26:448	Upload Task event uploaded for counter821
11:03:27:516	Upload Task event uploaded for counter822
11:03:28:630	Upload Task event uploaded for counter823
11:03:29:688	Upload Task event uploaded for counter824
11:03:30:768	Upload Task event uploaded for counter825
11:03:31:845	Upload Task event uploaded for counter826
11:03:32:915	Upload Task event uploaded for counter827
11:03:33:987	Upload Task event uploaded for counter828
11:03:35:076	Upload Task event uploaded for counter829
11:03:36:148	Upload Task event uploaded for counter830
11:03:37:226	Upload Task event uploaded for counter831
11:03:38:303	Upload Task event uploaded for counter832
11:03:39:385	Upload Task event uploaded for counter833
11:03:40:467	Upload Task event uploaded for counter834
11:03:41:541	Upload Task event uploaded for counter835
11:03:42:633	Upload Task event uploaded for counter836
11:03:43:710	Upload Task event uploaded for counter837
11:03:44:779	Upload Task event uploaded for counter838
11:03:45:850	Upload Task event uploaded for counter839
11:03:46:929	Upload Task event uploaded for counter840
11:03:48:018	Upload Task event uploaded for counter841
11:03:49:097	Upload Task event uploaded for counter842
11:03:50:159	Upload Task event uploaded for counter843
11:03:51:226	Upload Task event uploaded for counter844
11:03:52:297	Upload Task event uploaded for counter845
11:03:53:368	Upload Task event uploaded for counter846
11:03:54:458	Upload Task event uploaded for counter847
11:03:55:537	Upload Task event uploaded for counter848
11:03:56:608	Upload Task event uploaded for counter849
11:03:57:676	Upload Task event uploaded for counter850
11:03:58:762	Upload Task event uploaded for counter851
11:03:59:827	Upload Task event uploaded for counter852
11:04:00:913	Upload Task event uploaded for counter853
11:04:01:997	Upload Task event uploaded for counter854
11:04:03:059	Upload Task event uploaded for counter855
11:04:04:127	Upload Task event uploaded for counter856
11:04:05:193	Upload Task event uploaded for counter857
11:04:06:250	Upload Task event uploaded for counter858
11:04:07:332	Upload Task event uploaded for counter859
11:04:08:433	Upload Task event uploaded for counter860
11:04:09:505	Upload Task event uploaded for counter861
11:04:10:581	Upload Task event uploaded for counter862
11:04:11:654	Upload Task event uploaded for counter863
11:04:12:731	Upload Task event uploaded for counter864
11:04:13:813	Upload Task event uploaded for counter865
11:04:14:882	Upload Task event uploaded for counter866
11:04:15:976	Upload Task event uploaded for counter867
11:04:17:052	Upload Task event uploaded for counter868
11:04:18:118	Upload Task event uploaded for counter869
11:04:19:197	Upload Task event uploaded for counter870
11:04:20:262	Upload Task event uploaded for counter871
11:04:21:333	Upload Task event uploaded for counter872
11:04:22:421	Upload Task event uploaded for counter873
11:04:23:497	Upload Task event uploaded for counter874
11:04:24:568	Upload Task event uploaded for counter875
11:04:25:653	Upload Task event uploaded for counter876
11:04:26:731	Upload Task event uploaded for counter877
11:04:27:799	Upload Task event uploaded for counter878
11:04:28:939	Upload Task event uploaded for counter879
11:04:30:010	Upload Task event uploaded for counter880
11:04:31:092	Upload Task event uploaded for counter881
11:04:32:170	Upload Task event uploaded for counter882
11:04:33:249	Upload Task event uploaded for counter883
11:04:34:321	Upload Task event uploaded for counter884
11:04:35:403	Upload Task event uploaded for counter885
11:04:36:479	Upload Task event uploaded for counter886
11:04:37:553	Upload Task event uploaded for counter887
11:04:38:629	Upload Task event uploaded for counter888
11:04:39:777	Upload Task event uploaded for counter889
11:04:40:876	Upload Task event uploaded for counter890
11:04:41:952	Upload Task event uploaded for counter891
11:04:43:022	Upload Task event uploaded for counter892
11:04:44:104	Upload Task event uploaded for counter893
11:04:45:170	Upload Task event uploaded for counter894
11:04:46:247	Upload Task event uploaded for counter895
11:04:47:322	Upload Task event uploaded for counter896
11:04:48:408	Upload Task event uploaded for counter897
11:04:49:482	Upload Task event uploaded for counter898
11:04:50:549	Upload Task event uploaded for counter899
11:04:51:611	Upload Task event uploaded for counter900
11:04:52:688	Upload Task event uploaded for counter901
11:04:53:771	Upload Task event uploaded for counter902
11:04:54:855	Upload Task event uploaded for counter903
11:04:55:947	Upload Task event uploaded for counter904
11:04:57:032	Upload Task event uploaded for counter905
11:04:58:131	Upload Task event uploaded for counter906
11:04:59:199	Upload Task event uploaded for counter907
11:05:00:281	Upload Task event uploaded for counter908
11:05:01:337	Upload Task event uploaded for counter909
11:05:02:404	Upload Task event uploaded for counter910
11:05:03:484	Upload Task event uploaded for counter911
11:05:04:554	Upload Task event uploaded for counter912
11:05:05:639	Upload Task event uploaded for counter913
11:05:06:732	Upload Task event uploaded for counter914
11:05:07:817	Upload Task event uploaded for counter915
11:05:08:893	Upload Task event uploaded for counter916
11:05:09:973	Upload Task event uploaded for counter917
11:05:11:056	Upload Task event uploaded for counter918
11:05:12:144	Upload Task event uploaded for counter919
11:05:13:227	Upload Task event uploaded for counter920
11:05:14:304	Upload Task event uploaded for counter921
11:05:15:376	Upload Task event uploaded for counter922
11:05:16:452	Upload Task event uploaded for counter923
11:05:17:511	Upload Task event uploaded for counter924
11:05:18:580	Upload Task event uploaded for counter925
11:05:19:676	Upload Task event uploaded for counter926
11:05:20:743	Upload Task event uploaded for counter927
11:05:21:819	Upload Task event uploaded for counter928
11:05:22:892	Upload Task event uploaded for counter929
11:05:23:953	Upload Task event uploaded for counter930
11:05:25:027	Upload Task event uploaded for counter931
11:05:26:093	Upload Task event uploaded for counter932
11:05:27:177	Upload Task event uploaded for counter933
11:05:28:249	Upload Task event uploaded for counter934
11:05:29:330	Upload Task event uploaded for counter935
11:05:30:410	Upload Task event uploaded for counter936
11:05:31:490	Upload Task event uploaded for counter937
11:05:32:592	Upload Task event uploaded for counter938
11:05:33:664	Upload Task event uploaded for counter939
11:05:34:759	Upload Task event uploaded for counter940
11:05:35:845	Upload Task event uploaded for counter941
11:05:36:917	Upload Task event uploaded for counter942
11:05:37:985	Upload Task event uploaded for counter943
11:05:39:093	Upload Task event uploaded for counter944
11:05:40:177	Upload Task event uploaded for counter945
11:05:41:253	Upload Task event uploaded for counter946
11:05:42:321	Upload Task event uploaded for counter947
11:05:43:386	Upload Task event uploaded for counter948
11:05:44:475	Upload Task event uploaded for counter949
11:05:45:540	Upload Task event uploaded for counter950
11:05:46:612	Upload Task event uploaded for counter951
11:05:47:694	Upload Task event uploaded for counter952
11:05:48:782	Upload Task event uploaded for counter953
11:05:49:861	Upload Task event uploaded for counter954
11:05:50:930	Upload Task event uploaded for counter955
11:05:52:040	Upload Task event uploaded for counter956
11:05:53:126	Upload Task event uploaded for counter957
11:05:54:186	Upload Task event uploaded for counter958
11:05:55:256	Upload Task event uploaded for counter959
11:05:56:330	Upload Task event uploaded for counter960
11:05:57:390	Upload Task event uploaded for counter961
11:05:58:470	Upload Task event uploaded for counter962
11:05:59:876	Upload Task event uploaded for counter963
11:06:00:960	Upload Task event uploaded for counter964
11:06:02:049	Upload Task event uploaded for counter965
11:06:03:134	Upload Task event uploaded for counter966
11:06:04:210	Upload Task event uploaded for counter967
11:06:05:288	Upload Task event uploaded for counter968
11:06:06:355	Upload Task event uploaded for counter969
11:06:07:438	Upload Task event uploaded for counter970
11:06:08:507	Upload Task event uploaded for counter971
11:06:09:572	Upload Task event uploaded for counter972
11:06:10:642	Upload Task event uploaded for counter973
11:06:11:727	Upload Task event uploaded for counter974
11:06:12:800	Upload Task event uploaded for counter975
11:06:13:865	Upload Task event uploaded for counter976
11:06:14:922	Upload Task event uploaded for counter977
11:06:15:998	Upload Task event uploaded for counter978
11:06:17:074	Upload Task event uploaded for counter979
11:06:18:154	Upload Task event uploaded for counter980
11:06:19:216	Upload Task event uploaded for counter981
11:06:20:275	Upload Task event uploaded for counter982
11:06:21:354	Upload Task event uploaded for counter983
11:06:22:426	Upload Task event uploaded for counter984
11:06:23:520	Upload Task event uploaded for counter985
11:06:24:608	Upload Task event uploaded for counter986
11:06:25:690	Upload Task event uploaded for counter987
11:06:26:760	Upload Task event uploaded for counter988
11:06:27:830	Upload Task event uploaded for counter989
11:06:28:907	Upload Task event uploaded for counter990
11:06:29:980	Upload Task event uploaded for counter991
11:06:31:066	Upload Task event uploaded for counter992
11:06:32:140	Upload Task event uploaded for counter993
11:06:33:229	Upload Task event uploaded for counter994
11:06:34:313	Upload Task event uploaded for counter995
11:06:35:394	Upload Task event uploaded for counter996
11:06:36:471	Upload Task event uploaded for counter997
11:06:37:549	Upload Task event uploaded for counter998
11:06:38:642	Upload Task event uploaded for counter999
11:06:39:719	Upload Task event uploaded for counter1000
11:06:40:791	Upload Task event uploaded for counter1001
11:06:41:859	Upload Task event uploaded for counter1002
11:06:42:930	Upload Task event uploaded for counter1003
11:06:44:022	Upload Task event uploaded for counter1004
11:06:45:105	Upload Task event uploaded for counter1005
11:06:46:183	Upload Task event uploaded for counter1006
11:06:47:268	Upload Task event uploaded for counter1007
11:06:48:343	Upload Task event uploaded for counter1008
11:06:49:399	Upload Task event uploaded for counter1009
11:06:50:463	Upload Task event uploaded for counter1010
11:06:51:533	Upload Task event uploaded for counter1011
11:06:52:617	Upload Task event uploaded for counter1012
11:06:53:689	Upload Task event uploaded for counter1013
11:06:54:757	Upload Task event uploaded for counter1014
11:06:55:831	Upload Task event uploaded for counter1015
11:06:56:930	Upload Task event uploaded for counter1016
11:06:58:000	Upload Task event uploaded for counter1017
11:06:59:081	Upload Task event uploaded for counter1018
11:07:00:164	Upload Task event uploaded for counter1019
11:07:01:242	Upload Task event uploaded for counter1020
11:07:02:314	Upload Task event uploaded for counter1021
11:07:03:397	Upload Task event uploaded for counter1022
11:07:04:480	Upload Task event uploaded for counter1023
11:07:05:546	Upload Task event uploaded for counter1024
11:07:06:623	Upload Task event uploaded for counter1025
11:07:07:682	Upload Task event uploaded for counter1026
11:07:08:765	Upload Task event uploaded for counter1027
11:07:09:848	Upload Task event uploaded for counter1028
11:07:10:917	Upload Task event uploaded for counter1029
11:07:11:978	Upload Task event uploaded for counter1030
11:07:13:063	Upload Task event uploaded for counter1031
11:07:14:147	Upload Task event uploaded for counter1032
11:07:15:235	Upload Task event uploaded for counter1033
11:07:16:311	Upload Task event uploaded for counter1034
11:07:17:414	Upload Task event uploaded for counter1035
11:07:18:495	Upload Task event uploaded for counter1036
11:07:19:585	Upload Task event uploaded for counter1037
11:07:20:659	Upload Task event uploaded for counter1038
11:07:21:743	Upload Task event uploaded for counter1039
11:07:22:835	Upload Task event uploaded for counter1040
11:07:23:910	Upload Task event uploaded for counter1041
11:07:24:990	Upload Task event uploaded for counter1042
11:07:26:061	Upload Task event uploaded for counter1043
11:07:27:139	Upload Task event uploaded for counter1044
11:07:28:201	Upload Task event uploaded for counter1045
11:07:29:286	Upload Task event uploaded for counter1046
11:07:30:372	Upload Task event uploaded for counter1047
11:07:31:453	Upload Task event uploaded for counter1048
11:07:32:521	Upload Task event uploaded for counter1049
11:07:33:591	Upload Task event uploaded for counter1050
11:07:34:663	Upload Task event uploaded for counter1051
11:07:35:755	Upload Task event uploaded for counter1052
11:07:36:813	Upload Task event uploaded for counter1053
11:07:37:898	Upload Task event uploaded for counter1054
11:07:38:988	Upload Task event uploaded for counter1055
11:07:40:057	Upload Task event uploaded for counter1056
11:07:41:132	Upload Task event uploaded for counter1057
11:07:42:214	Upload Task event uploaded for counter1058
11:07:43:288	Upload Task event uploaded for counter1059
11:07:44:364	Upload Task event uploaded for counter1060
11:07:45:438	Upload Task event uploaded for counter1061
11:07:46:512	Upload Task event uploaded for counter1062
11:07:47:593	Upload Task event uploaded for counter1063
11:07:48:668	Upload Task event uploaded for counter1064
11:07:49:751	Upload Task event uploaded for counter1065
11:07:50:820	Upload Task event uploaded for counter1066
11:07:51:890	Upload Task event uploaded for counter1067
11:07:52:958	Upload Task event uploaded for counter1068
11:07:54:048	Upload Task event uploaded for counter1069
11:07:55:129	Upload Task event uploaded for counter1070
11:07:56:325	Upload Task event uploaded for counter1071
11:07:57:403	Upload Task event uploaded for counter1072
11:07:58:581	Upload Task event uploaded for counter1073
11:07:59:806	Upload Task event uploaded for counter1074
11:08:00:891	Upload Task event uploaded for counter1075
11:08:02:012	Upload Task event uploaded for counter1076
11:08:03:103	Upload Task event uploaded for counter1077
11:08:04:182	Upload Task event uploaded for counter1078
11:08:05:251	Upload Task event uploaded for counter1079
11:08:06:446	Upload Task event uploaded for counter1080
11:08:07:542	Upload Task event uploaded for counter1081
11:08:08:608	Upload Task event uploaded for counter1082
11:08:09:685	Upload Task event uploaded for counter1083
11:08:10:741	Upload Task event uploaded for counter1084
11:08:11:810	Upload Task event uploaded for counter1085
11:08:12:889	Upload Task event uploaded for counter1086
11:08:13:979	Upload Task event uploaded for counter1087
11:08:15:056	Upload Task event uploaded for counter1088
11:08:16:144	Upload Task event uploaded for counter1089
11:08:17:223	Upload Task event uploaded for counter1090
11:08:18:308	Upload Task event uploaded for counter1091
11:08:19:382	Upload Task event uploaded for counter1092
11:08:20:446	Upload Task event uploaded for counter1093
11:08:21:507	Upload Task event uploaded for counter1094
11:08:22:564	Upload Task event uploaded for counter1095
11:08:23:642	Upload Task event uploaded for counter1096
11:08:24:720	Upload Task event uploaded for counter1097
11:08:25:801	Upload Task event uploaded for counter1098
11:08:26:862	Upload Task event uploaded for counter1099
11:08:27:936	Upload Task event uploaded for counter1100
11:08:29:029	Upload Task event uploaded for counter1101
11:08:30:092	Upload Task event uploaded for counter1102
11:08:31:161	Upload Task event uploaded for counter1103
11:08:32:242	Upload Task event uploaded for counter1104
11:08:33:324	Upload Task event uploaded for counter1105
11:08:34:404	Upload Task event uploaded for counter1106
11:08:35:483	Upload Task event uploaded for counter1107
11:08:36:566	Upload Task event uploaded for counter1108
11:08:37:657	Upload Task event uploaded for counter1109
11:08:38:738	Upload Task event uploaded for counter1110
11:08:39:798	Upload Task event uploaded for counter1111
11:08:40:857	Upload Task event uploaded for counter1112
11:08:41:930	Upload Task event uploaded for counter1113
11:08:43:007	Upload Task event uploaded for counter1114
11:08:44:087	Upload Task event uploaded for counter1115
11:08:45:172	Upload Task event uploaded for counter1116
11:08:46:246	Upload Task event uploaded for counter1117
11:08:47:312	Upload Task event uploaded for counter1118
11:08:48:396	Upload Task event uploaded for counter1119
11:08:49:469	Upload Task event uploaded for counter1120
11:08:50:550	Upload Task event uploaded for counter1121
11:08:51:621	Upload Task event uploaded for counter1122
11:08:52:690	Upload Task event uploaded for counter1123
11:08:53:760	Upload Task event uploaded for counter1124
11:08:54:842	Upload Task event uploaded for counter1125
11:08:55:918	Upload Task event uploaded for counter1126
11:08:56:995	Upload Task event uploaded for counter1127
11:08:58:072	Upload Task event uploaded for counter1128
11:08:59:143	Upload Task event uploaded for counter1129
11:09:00:220	Upload Task event uploaded for counter1130
11:09:01:296	Upload Task event uploaded for counter1131
11:09:02:378	Upload Task event uploaded for counter1132
11:09:03:452	Upload Task event uploaded for counter1133
11:09:04:520	Upload Task event uploaded for counter1134
11:09:05:588	Upload Task event uploaded for counter1135
11:09:06:664	Upload Task event uploaded for counter1136
11:09:07:733	Upload Task event uploaded for counter1137
11:09:08:790	Upload Task event uploaded for counter1138
11:09:09:870	Upload Task event uploaded for counter1139
11:09:10:933	Upload Task event uploaded for counter1140
11:09:12:000	Upload Task event uploaded for counter1141
11:09:13:078	Upload Task event uploaded for counter1142
11:09:14:142	Upload Task event uploaded for counter1143
11:09:15:226	Upload Task event uploaded for counter1144
11:09:16:302	Upload Task event uploaded for counter1145
11:09:17:383	Upload Task event uploaded for counter1146
11:09:18:465	Upload Task event uploaded for counter1147
11:09:19:524	Upload Task event uploaded for counter1148
11:09:20:588	Upload Task event uploaded for counter1149
11:09:21:656	Upload Task event uploaded for counter1150
11:09:22:718	Upload Task event uploaded for counter1151
11:09:23:783	Upload Task event uploaded for counter1152
11:09:24:899	Upload Task event uploaded for counter1153
11:09:25:961	Upload Task event uploaded for counter1154
11:09:27:038	Upload Task event uploaded for counter1155
11:09:28:111	Upload Task event uploaded for counter1156
11:09:29:193	Upload Task event uploaded for counter1157
11:09:30:282	Upload Task event uploaded for counter1158
11:09:31:376	Upload Task event uploaded for counter1159
11:09:32:441	Upload Task event uploaded for counter1160
11:09:33:521	Upload Task event uploaded for counter1161
11:09:34:589	Upload Task event uploaded for counter1162
11:09:35:739	Upload Task event uploaded for counter1163
11:09:36:811	Upload Task event uploaded for counter1164
11:09:37:882	Upload Task event uploaded for counter1165
11:09:38:959	Upload Task event uploaded for counter1166
11:09:40:046	Upload Task event uploaded for counter1167
11:09:41:128	Upload Task event uploaded for counter1168
11:09:42:196	Upload Task event uploaded for counter1169
11:09:43:267	Upload Task event uploaded for counter1170
11:09:44:341	Upload Task event uploaded for counter1171
11:09:45:427	Upload Task event uploaded for counter1172
11:09:46:507	Upload Task event uploaded for counter1173
11:09:47:581	Upload Task event uploaded for counter1174
11:09:48:661	Upload Task event uploaded for counter1175
11:09:49:732	Upload Task event uploaded for counter1176
11:09:50:802	Upload Task event uploaded for counter1177
11:09:51:856	Upload Task event uploaded for counter1178
11:09:52:909	Upload Task event uploaded for counter1179
11:09:53:984	Upload Task event uploaded for counter1180
11:09:55:060	Upload Task event uploaded for counter1181
11:09:56:124	Upload Task event uploaded for counter1182
11:09:57:196	Upload Task event uploaded for counter1183
11:09:58:259	Upload Task event uploaded for counter1184
11:09:59:330	Upload Task event uploaded for counter1185
11:10:00:408	Upload Task event uploaded for counter1186
11:10:01:503	Upload Task event uploaded for counter1187
11:10:02:582	Upload Task event uploaded for counter1188
11:10:03:651	Upload Task event uploaded for counter1189
11:10:04:720	Upload Task event uploaded for counter1190
11:10:05:791	Upload Task event uploaded for counter1191
11:10:06:870	Upload Task event uploaded for counter1192
11:10:07:945	Upload Task event uploaded for counter1193
11:10:09:022	Upload Task event uploaded for counter1194
11:10:10:104	Upload Task event uploaded for counter1195
11:10:11:170	Upload Task event uploaded for counter1196
11:10:12:249	Upload Task event uploaded for counter1197
11:10:13:332	Upload Task event uploaded for counter1198
11:10:14:416	Upload Task event uploaded for counter1199
11:10:15:502	Upload Task event uploaded for counter1200
11:10:16:583	Upload Task event uploaded for counter1201
11:10:17:652	Upload Task event uploaded for counter1202
11:10:18:714	Upload Task event uploaded for counter1203
11:10:19:787	Upload Task event uploaded for counter1204
11:10:20:875	Upload Task event uploaded for counter1205
11:10:21:938	Upload Task event uploaded for counter1206
11:10:23:131	Upload Task event uploaded for counter1207
11:10:24:207	Upload Task event uploaded for counter1208
11:10:25:276	Upload Task event uploaded for counter1209
11:10:26:345	Upload Task event uploaded for counter1210
11:10:27:419	Upload Task event uploaded for counter1211
11:10:28:506	Upload Task event uploaded for counter1212
11:10:29:582	Upload Task event uploaded for counter1213
11:10:30:662	Upload Task event uploaded for counter1214
11:10:31:772	Upload Task event uploaded for counter1215
11:10:32:844	Upload Task event uploaded for counter1216
11:10:33:912	Upload Task event uploaded for counter1217
11:10:34:994	Upload Task event uploaded for counter1218
11:10:36:076	Upload Task event uploaded for counter1219
11:10:37:153	Upload Task event uploaded for counter1220
11:10:38:221	Upload Task event uploaded for counter1221
11:10:39:297	Upload Task event uploaded for counter1222
11:10:40:365	Upload Task event uploaded for counter1223
11:10:41:444	Upload Task event uploaded for counter1224
11:10:42:520	Upload Task event uploaded for counter1225
11:10:43:602	Upload Task event uploaded for counter1226
11:10:44:698	Upload Task event uploaded for counter1227
11:10:45:785	Upload Task event uploaded for counter1228
11:10:46:872	Upload Task event uploaded for counter1229
11:10:47:943	Upload Task event uploaded for counter1230
11:10:49:028	Upload Task event uploaded for counter1231
11:10:50:082	Upload Task event uploaded for counter1232
11:10:51:161	Upload Task event uploaded for counter1233
11:10:52:230	Upload Task event uploaded for counter1234
11:10:53:307	Upload Task event uploaded for counter1235
11:10:54:363	Upload Task event uploaded for counter1236
11:10:55:429	Upload Task event uploaded for counter1237
11:10:56:528	Upload Task event uploaded for counter1238
11:10:57:603	Upload Task event uploaded for counter1239
11:10:58:692	Upload Task event uploaded for counter1240
11:10:59:769	Upload Task event uploaded for counter1241
11:11:00:865	Upload Task event uploaded for counter1242
11:11:01:938	Upload Task event uploaded for counter1243
11:11:03:015	Upload Task event uploaded for counter1244
11:11:04:098	Upload Task event uploaded for counter1245
11:11:05:169	Upload Task event uploaded for counter1246
11:11:06:251	Upload Task event uploaded for counter1247
11:11:07:344	Upload Task event uploaded for counter1248
11:11:08:432	Upload Task event uploaded for counter1249
11:11:09:508	Upload Task event uploaded for counter1250
11:11:10:581	Upload Task event uploaded for counter1251
11:11:11:651	Upload Task event uploaded for counter1252
11:11:12:716	Upload Task event uploaded for counter1253
11:11:13:784	Upload Task event uploaded for counter1254
11:11:14:859	Upload Task event uploaded for counter1255
11:11:15:930	Upload Task event uploaded for counter1256
11:11:17:015	Upload Task event uploaded for counter1257
11:11:18:097	Upload Task event uploaded for counter1258
11:11:19:169	Upload Task event uploaded for counter1259
11:11:20:236	Upload Task event uploaded for counter1260
11:11:21:301	Upload Task event uploaded for counter1261
11:11:22:370	Upload Task event uploaded for counter1262
11:11:23:432	Upload Task event uploaded for counter1263
11:11:24:510	Upload Task event uploaded for counter1264
11:11:27:595	Upload Task event uploaded for counter1265
11:11:28:671	Upload Task event uploaded for counter1266
11:11:29:741	Upload Task event uploaded for counter1267
11:11:30:814	Upload Task event uploaded for counter1268
11:11:31:879	Upload Task event uploaded for counter1269
11:11:32:947	Upload Task event uploaded for counter1270
11:11:34:022	Upload Task event uploaded for counter1271
11:11:35:103	Upload Task event uploaded for counter1272
11:11:36:207	Upload Task event uploaded for counter1273
11:11:37:298	Upload Task event uploaded for counter1274
11:11:38:405	Upload Task event uploaded for counter1275
11:11:39:467	Upload Task event uploaded for counter1276
11:11:40:539	Upload Task event uploaded for counter1277
11:11:41:617	Upload Task event uploaded for counter1278
11:11:42:695	Upload Task event uploaded for counter1279
11:11:43:772	Upload Task event uploaded for counter1280
11:11:44:848	Upload Task event uploaded for counter1281
11:11:45:924	Upload Task event uploaded for counter1282
11:11:47:013	Upload Task event uploaded for counter1283
11:11:48:090	Upload Task event uploaded for counter1284
11:11:49:163	Upload Task event uploaded for counter1285
11:11:50:233	Upload Task event uploaded for counter1286
11:11:51:425	Upload Task event uploaded for counter1287
11:11:52:515	Upload Task event uploaded for counter1288
11:11:53:590	Upload Task event uploaded for counter1289
11:11:54:662	Upload Task event uploaded for counter1290
11:11:55:726	Upload Task event uploaded for counter1291
11:11:56:807	Upload Task event uploaded for counter1292
11:11:57:902	Upload Task event uploaded for counter1293
11:11:58:992	Upload Task event uploaded for counter1294
11:12:00:069	Upload Task event uploaded for counter1295
11:12:01:140	Upload Task event uploaded for counter1296
11:12:02:226	Upload Task event uploaded for counter1297
11:12:03:314	Upload Task event uploaded for counter1298
11:12:04:385	Upload Task event uploaded for counter1299
11:12:05:463	Upload Task event uploaded for counter1300
11:12:06:553	Upload Task event uploaded for counter1301
11:12:07:626	Upload Task event uploaded for counter1302
11:12:08:711	Upload Task event uploaded for counter1303
11:12:09:787	Upload Task event uploaded for counter1304
11:12:10:864	Upload Task event uploaded for counter1305
11:12:11:942	Upload Task event uploaded for counter1306
11:12:13:012	Upload Task event uploaded for counter1307
11:12:14:082	Upload Task event uploaded for counter1308
11:12:15:151	Upload Task event uploaded for counter1309
11:12:16:217	Upload Task event uploaded for counter1310
11:12:17:287	Upload Task event uploaded for counter1311
11:12:18:358	Upload Task event uploaded for counter1312
11:12:19:421	Upload Task event uploaded for counter1313
11:12:20:491	Upload Task event uploaded for counter1314
11:12:21:568	Upload Task event uploaded for counter1315
11:12:22:652	Upload Task event uploaded for counter1316
11:12:23:717	Upload Task event uploaded for counter1317
11:12:24:790	Upload Task event uploaded for counter1318
11:12:25:871	Upload Task event uploaded for counter1319
11:12:26:948	Upload Task event uploaded for counter1320
11:12:28:033	Upload Task event uploaded for counter1321
11:12:29:106	Upload Task event uploaded for counter1322
11:12:30:188	Upload Task event uploaded for counter1323
11:12:31:264	Upload Task event uploaded for counter1324
11:12:32:339	Upload Task event uploaded for counter1325
11:12:33:423	Upload Task event uploaded for counter1326
11:12:34:498	Upload Task event uploaded for counter1327
11:12:35:584	Upload Task event uploaded for counter1328
11:12:36:666	Upload Task event uploaded for counter1329
11:12:37:739	Upload Task event uploaded for counter1330
11:12:38:806	Upload Task event uploaded for counter1331
11:12:39:887	Upload Task event uploaded for counter1332
11:12:40:948	Upload Task event uploaded for counter1333
11:12:42:037	Upload Task event uploaded for counter1334
11:12:43:117	Upload Task event uploaded for counter1335
11:12:44:193	Upload Task event uploaded for counter1336
11:12:45:259	Upload Task event uploaded for counter1337
11:12:46:333	Upload Task event uploaded for counter1338
11:12:47:404	Upload Task event uploaded for counter1339
11:12:48:472	Upload Task event uploaded for counter1340
11:12:49:557	Upload Task event uploaded for counter1341
11:12:50:635	Upload Task event uploaded for counter1342
11:12:51:723	Upload Task event uploaded for counter1343
11:12:52:797	Upload Task event uploaded for counter1344
11:12:53:874	Upload Task event uploaded for counter1345
11:12:54:957	Upload Task event uploaded for counter1346
11:12:56:061	Upload Task event uploaded for counter1347
11:12:57:134	Upload Task event uploaded for counter1348
11:12:58:277	Upload Task event uploaded for counter1349
11:12:59:369	Upload Task event uploaded for counter1350
11:13:00:441	Upload Task event uploaded for counter1351
11:13:01:508	Upload Task event uploaded for counter1352
11:13:02:583	Upload Task event uploaded for counter1353
11:13:03:683	Upload Task event uploaded for counter1354
11:13:04:764	Upload Task event uploaded for counter1355
11:13:05:854	Upload Task event uploaded for counter1356
11:13:06:933	Upload Task event uploaded for counter1357
11:13:08:628	Upload Task event uploaded for counter1358
11:13:13:009	Upload Task event uploaded for counter1359
11:13:14:076	Upload Task event uploaded for counter1360
11:13:15:155	Upload Task event uploaded for counter1361
11:13:16:245	Upload Task event uploaded for counter1362
11:13:17:327	Upload Task event uploaded for counter1363
11:13:18:381	Upload Task event uploaded for counter1364
11:13:19:459	Upload Task event uploaded for counter1365
11:13:20:539	Upload Task event uploaded for counter1366
11:13:21:615	Upload Task event uploaded for counter1367
11:13:22:690	Upload Task event uploaded for counter1368
11:13:23:774	Upload Task event uploaded for counter1369
11:13:24:872	Upload Task event uploaded for counter1370
11:13:25:969	Upload Task event uploaded for counter1371
11:13:27:049	Upload Task event uploaded for counter1372
11:13:28:118	Upload Task event uploaded for counter1373
11:13:29:184	Upload Task event uploaded for counter1374
11:13:30:263	Upload Task event uploaded for counter1375
11:13:31:340	Upload Task event uploaded for counter1376
11:13:32:424	Upload Task event uploaded for counter1377
11:13:33:502	Upload Task event uploaded for counter1378
11:13:34:576	Upload Task event uploaded for counter1379
11:13:35:635	Upload Task event uploaded for counter1380
11:13:36:717	Upload Task event uploaded for counter1381
11:13:37:790	Upload Task event uploaded for counter1382
11:13:38:872	Upload Task event uploaded for counter1383
11:13:39:950	Upload Task event uploaded for counter1384
11:13:41:015	Upload Task event uploaded for counter1385
11:13:42:090	Upload Task event uploaded for counter1386
11:13:43:179	Upload Task event uploaded for counter1387
11:13:44:249	Upload Task event uploaded for counter1388
11:13:45:315	Upload Task event uploaded for counter1389
11:13:46:391	Upload Task event uploaded for counter1390
11:13:47:464	Upload Task event uploaded for counter1391
11:13:48:531	Upload Task event uploaded for counter1392
11:13:49:635	Upload Task event uploaded for counter1393
11:13:50:714	Upload Task event uploaded for counter1394
11:13:51:795	Upload Task event uploaded for counter1395
11:13:52:868	Upload Task event uploaded for counter1396
11:13:53:932	Upload Task event uploaded for counter1397
11:13:55:015	Upload Task event uploaded for counter1398
11:13:56:090	Upload Task event uploaded for counter1399
11:13:57:155	Upload Task event uploaded for counter1400
11:13:58:230	Upload Task event uploaded for counter1401
11:13:59:319	Upload Task event uploaded for counter1402
11:14:00:406	Upload Task event uploaded for counter1403
11:14:01:480	Upload Task event uploaded for counter1404
11:14:02:562	Upload Task event uploaded for counter1405
11:14:03:633	Upload Task event uploaded for counter1406
11:14:04:719	Upload Task event uploaded for counter1407
11:14:05:789	Upload Task event uploaded for counter1408
11:14:06:872	Upload Task event uploaded for counter1409
11:14:07:948	Upload Task event uploaded for counter1410
11:14:09:035	Upload Task event uploaded for counter1411
11:14:10:119	Upload Task event uploaded for counter1412
11:14:11:210	Upload Task event uploaded for counter1413
11:14:12:299	Upload Task event uploaded for counter1414
11:14:13:370	Upload Task event uploaded for counter1415
11:14:14:460	Upload Task event uploaded for counter1416
11:14:15:555	Upload Task event uploaded for counter1417
11:14:16:653	Upload Task event uploaded for counter1418
11:14:17:744	Upload Task event uploaded for counter1419
11:14:18:826	Upload Task event uploaded for counter1420
11:14:19:906	Upload Task event uploaded for counter1421
11:14:20:983	Upload Task event uploaded for counter1422
11:14:22:057	Upload Task event uploaded for counter1423
11:14:23:134	Upload Task event uploaded for counter1424
11:14:24:235	Upload Task event uploaded for counter1425
11:14:25:323	Upload Task event uploaded for counter1426
11:14:26:416	Upload Task event uploaded for counter1427
11:14:27:497	Upload Task event uploaded for counter1428
11:14:28:590	Upload Task event uploaded for counter1429
11:14:29:659	Upload Task event uploaded for counter1430
11:14:30:741	Upload Task event uploaded for counter1431
11:14:31:825	Upload Task event uploaded for counter1432
11:14:32:999	Upload Task event uploaded for counter1433
11:14:34:066	Upload Task event uploaded for counter1434
11:14:35:128	Upload Task event uploaded for counter1435
11:14:36:211	Upload Task event uploaded for counter1436
11:14:37:280	Upload Task event uploaded for counter1437
11:14:38:357	Upload Task event uploaded for counter1438
11:14:39:440	Upload Task event uploaded for counter1439
11:14:40:521	Upload Task event uploaded for counter1440
11:14:41:613	Upload Task event uploaded for counter1441
11:14:42:695	Upload Task event uploaded for counter1442
11:14:43:779	Upload Task event uploaded for counter1443
11:14:44:855	Upload Task event uploaded for counter1444
11:14:45:962	Upload Task event uploaded for counter1445
11:14:47:031	Upload Task event uploaded for counter1446
11:14:48:113	Upload Task event uploaded for counter1447
11:14:49:190	Upload Task event uploaded for counter1448
11:14:50:257	Upload Task event uploaded for counter1449
11:14:51:340	Upload Task event uploaded for counter1450
11:14:52:497	Upload Task event uploaded for counter1451
11:14:53:568	Upload Task event uploaded for counter1452
11:14:54:652	Upload Task event uploaded for counter1453
11:14:55:732	Upload Task event uploaded for counter1454
11:14:56:796	Upload Task event uploaded for counter1455
11:14:57:872	Upload Task event uploaded for counter1456
11:14:58:942	Upload Task event uploaded for counter1457
11:15:00:021	Upload Task event uploaded for counter1458
11:15:01:103	Upload Task event uploaded for counter1459
11:15:02:179	Upload Task event uploaded for counter1460
11:15:03:266	Upload Task event uploaded for counter1461
11:15:04:340	Upload Task event uploaded for counter1462
11:15:05:409	Upload Task event uploaded for counter1463
11:15:06:525	Upload Task event uploaded for counter1464
11:15:07:598	Upload Task event uploaded for counter1465
11:15:08:678	Upload Task event uploaded for counter1466
11:15:09:755	Upload Task event uploaded for counter1467
11:15:10:844	Upload Task event uploaded for counter1468
11:15:11:925	Upload Task event uploaded for counter1469
11:15:13:001	Upload Task event uploaded for counter1470
11:15:14:085	Upload Task event uploaded for counter1471
11:15:15:159	Upload Task event uploaded for counter1472
11:15:16:320	Upload Task event uploaded for counter1473
11:15:17:391	Upload Task event uploaded for counter1474
11:15:18:642	Upload Task event uploaded for counter1475
11:15:19:724	Upload Task event uploaded for counter1476
11:15:20:799	Upload Task event uploaded for counter1477
11:15:21:867	Upload Task event uploaded for counter1478
11:15:22:936	Upload Task event uploaded for counter1479
11:15:24:020	Upload Task event uploaded for counter1480
11:15:25:104	Upload Task event uploaded for counter1481
11:15:26:173	Upload Task event uploaded for counter1482
11:15:27:244	Upload Task event uploaded for counter1483
11:15:28:318	Upload Task event uploaded for counter1484
11:15:29:407	Upload Task event uploaded for counter1485
11:15:30:488	Upload Task event uploaded for counter1486
11:15:31:562	Upload Task event uploaded for counter1487
11:15:32:631	Upload Task event uploaded for counter1488
11:15:33:722	Upload Task event uploaded for counter1489
11:15:34:800	Upload Task event uploaded for counter1490
11:15:35:886	Upload Task event uploaded for counter1491
11:15:36:963	Upload Task event uploaded for counter1492
11:15:38:034	Upload Task event uploaded for counter1493
11:15:39:121	Upload Task event uploaded for counter1494
11:15:40:200	Upload Task event uploaded for counter1495
11:15:41:286	Upload Task event uploaded for counter1496
11:15:42:362	Upload Task event uploaded for counter1497
11:15:43:434	Upload Task event uploaded for counter1498
11:15:44:513	Upload Task event uploaded for counter1499
11:15:45:596	Upload Task event uploaded for counter1500
11:15:46:682	Upload Task event uploaded for counter1501
11:15:47:753	Upload Task event uploaded for counter1502
11:15:48:836	Upload Task event uploaded for counter1503
11:15:49:916	Upload Task event uploaded for counter1504
11:15:50:993	Upload Task event uploaded for counter1505
11:15:52:062	Upload Task event uploaded for counter1506
11:15:53:145	Upload Task event uploaded for counter1507
11:15:54:212	Upload Task event uploaded for counter1508
11:15:55:290	Upload Task event uploaded for counter1509
11:15:56:379	Upload Task event uploaded for counter1510
11:15:57:630	Upload Task event uploaded for counter1511
11:15:58:719	Upload Task event uploaded for counter1512
11:15:59:860	Upload Task event uploaded for counter1513
11:16:01:125	Upload Task event uploaded for counter1514
11:16:02:359	Upload Task event uploaded for counter1515
11:16:03:745	Upload Task event uploaded for counter1516
11:16:04:823	Upload Task event uploaded for counter1517
11:16:05:900	Upload Task event uploaded for counter1518
11:16:06:974	Upload Task event uploaded for counter1519
11:16:08:049	Upload Task event uploaded for counter1520
11:16:09:120	Upload Task event uploaded for counter1521
11:16:10:186	Upload Task event uploaded for counter1522
11:16:11:284	Upload Task event uploaded for counter1523
11:16:12:372	Upload Task event uploaded for counter1524
11:16:13:450	Upload Task event uploaded for counter1525
11:16:14:532	Upload Task event uploaded for counter1526
11:16:15:895	Upload Task event uploaded for counter1527
11:16:16:968	Upload Task event uploaded for counter1528
11:16:18:094	Upload Task event uploaded for counter1529
11:16:19:183	Upload Task event uploaded for counter1530
11:16:20:254	Upload Task event uploaded for counter1531
11:16:21:330	Upload Task event uploaded for counter1532
11:16:22:423	Upload Task event uploaded for counter1533
11:16:23:501	Upload Task event uploaded for counter1534
11:16:24:594	Upload Task event uploaded for counter1535
11:16:25:649	Upload Task event uploaded for counter1536
11:16:26:739	Upload Task event uploaded for counter1537
11:16:27:817	Upload Task event uploaded for counter1538
11:16:28:907	Upload Task event uploaded for counter1539
11:16:29:994	Upload Task event uploaded for counter1540
11:16:31:077	Upload Task event uploaded for counter1541
11:16:32:146	Upload Task event uploaded for counter1542
11:16:33:249	Upload Task event uploaded for counter1543
11:16:34:317	Upload Task event uploaded for counter1544
11:16:35:411	Upload Task event uploaded for counter1545
11:16:36:484	Upload Task event uploaded for counter1546
11:16:37:574	Upload Task event uploaded for counter1547
11:16:38:652	Upload Task event uploaded for counter1548
11:16:39:722	Upload Task event uploaded for counter1549
11:16:40:796	Upload Task event uploaded for counter1550
11:16:41:873	Upload Task event uploaded for counter1551
11:16:42:934	Upload Task event uploaded for counter1552
11:16:44:014	Upload Task event uploaded for counter1553
11:16:45:080	Upload Task event uploaded for counter1554
11:16:46:174	Upload Task event uploaded for counter1555
11:16:47:270	Upload Task event uploaded for counter1556
11:16:48:353	Upload Task event uploaded for counter1557
11:16:49:431	Upload Task event uploaded for counter1558
11:16:50:516	Upload Task event uploaded for counter1559
11:16:51:583	Upload Task event uploaded for counter1560
11:16:52:678	Upload Task event uploaded for counter1561
11:16:53:750	Upload Task event uploaded for counter1562
11:16:54:823	Upload Task event uploaded for counter1563
11:16:55:903	Upload Task event uploaded for counter1564
11:16:56:995	Upload Task event uploaded for counter1565
11:16:58:075	Upload Task event uploaded for counter1566
11:16:59:135	Upload Task event uploaded for counter1567
11:17:00:200	Upload Task event uploaded for counter1568
11:17:01:278	Upload Task event uploaded for counter1569
11:17:02:355	Upload Task event uploaded for counter1570
11:17:03:434	Upload Task event uploaded for counter1571
11:17:04:504	Upload Task event uploaded for counter1572
11:17:05:573	Upload Task event uploaded for counter1573
11:17:06:662	Upload Task event uploaded for counter1574
11:17:07:862	Upload Task event uploaded for counter1575
11:17:08:942	Upload Task event uploaded for counter1576
11:17:10:143	Upload Task event uploaded for counter1577
11:17:11:213	Upload Task event uploaded for counter1578
11:17:12:286	Upload Task event uploaded for counter1579
11:17:13:347	Upload Task event uploaded for counter1580
11:17:14:435	Upload Task event uploaded for counter1581
11:17:15:495	Upload Task event uploaded for counter1582
11:17:16:571	Upload Task event uploaded for counter1583
11:17:17:656	Upload Task event uploaded for counter1584
11:17:18:743	Upload Task event uploaded for counter1585
11:17:19:880	Upload Task event uploaded for counter1586
11:17:20:963	Upload Task event uploaded for counter1587
11:17:22:041	Upload Task event uploaded for counter1588
11:17:23:127	Upload Task event uploaded for counter1589
11:17:24:205	Upload Task event uploaded for counter1590
11:17:25:316	Upload Task event uploaded for counter1591
11:17:26:404	Upload Task event uploaded for counter1592
11:17:27:462	Upload Task event uploaded for counter1593
11:17:28:546	Upload Task event uploaded for counter1594
11:17:29:639	Upload Task event uploaded for counter1595
11:17:30:725	Upload Task event uploaded for counter1596
11:17:31:803	Upload Task event uploaded for counter1597
11:17:32:906	Upload Task event uploaded for counter1598
11:17:33:990	Upload Task event uploaded for counter1599
11:17:35:084	Upload Task event uploaded for counter1600
11:17:36:163	Upload Task event uploaded for counter1601
11:17:37:228	Upload Task event uploaded for counter1602
11:17:38:301	Upload Task event uploaded for counter1603
11:17:39:386	Upload Task event uploaded for counter1604
11:17:40:461	Upload Task event uploaded for counter1605
11:17:41:608	Upload Task event uploaded for counter1606
11:17:42:679	Upload Task event uploaded for counter1607
11:17:43:748	Upload Task event uploaded for counter1608
11:17:44:842	Upload Task event uploaded for counter1609
11:17:45:922	Upload Task event uploaded for counter1610
11:17:47:012	Upload Task event uploaded for counter1611
11:17:48:087	Upload Task event uploaded for counter1612
11:17:49:163	Upload Task event uploaded for counter1613
11:17:50:243	Upload Task event uploaded for counter1614
11:17:51:312	Upload Task event uploaded for counter1615
11:17:52:408	Upload Task event uploaded for counter1616
11:17:53:493	Upload Task event uploaded for counter1617
11:17:54:557	Upload Task event uploaded for counter1618
11:17:55:651	Upload Task event uploaded for counter1619
11:17:56:728	Upload Task event uploaded for counter1620
11:17:57:818	Upload Task event uploaded for counter1621
11:17:58:909	Upload Task event uploaded for counter1622
11:17:59:977	Upload Task event uploaded for counter1623
11:18:01:033	Upload Task event uploaded for counter1624
11:18:02:120	Upload Task event uploaded for counter1625
11:18:03:191	Upload Task event uploaded for counter1626
11:18:04:265	Upload Task event uploaded for counter1627
11:18:05:362	Upload Task event uploaded for counter1628
11:18:06:445	Upload Task event uploaded for counter1629
11:18:07:512	Upload Task event uploaded for counter1630
11:18:08:593	Upload Task event uploaded for counter1631
11:18:09:671	Upload Task event uploaded for counter1632
11:18:10:762	Upload Task event uploaded for counter1633
11:18:11:837	Upload Task event uploaded for counter1634
11:18:12:917	Upload Task event uploaded for counter1635
11:18:14:190	Upload Task event uploaded for counter1636
11:18:15:400	Upload Task event uploaded for counter1637
11:18:16:642	Upload Task event uploaded for counter1638
11:18:17:854	Upload Task event uploaded for counter1639
11:18:18:965	Upload Task event uploaded for counter1640
11:18:20:269	Upload Task event uploaded for counter1641
11:18:21:350	Upload Task event uploaded for counter1642
11:18:22:426	Upload Task event uploaded for counter1643
11:18:23:504	Upload Task event uploaded for counter1644
11:18:24:588	Upload Task event uploaded for counter1645
11:18:25:673	Upload Task event uploaded for counter1646
11:18:26:755	Upload Task event uploaded for counter1647
11:18:27:836	Upload Task event uploaded for counter1648
11:18:28:902	Upload Task event uploaded for counter1649
11:18:29:972	Upload Task event uploaded for counter1650
11:18:31:052	Upload Task event uploaded for counter1651
11:18:32:182	Upload Task event uploaded for counter1652
11:18:33:251	Upload Task event uploaded for counter1653
11:18:34:323	Upload Task cancellation request
11:18:34:324	Upload Task completed
