20:42:14:139	Application Starting
20:42:20:965	Upload Task starting
20:42:20:974	Data File: C:\Users\ratella\Source\Repos\SimulatorLight\bin\Release\Data/aircraftdemo_input_v4.csv
20:42:22:058	Upload Task event uploaded for counter1
20:42:33:977	Upload Task event uploaded for counter2
20:42:37:012	Upload Task event uploaded for counter1
20:42:40:026	Upload Task event uploaded for counter2
20:42:43:051	Upload Task event uploaded for counter34
20:42:46:070	Upload Task event uploaded for counter1
20:42:49:107	Upload Task event uploaded for counter2
20:42:52:124	Upload Task event uploaded for counter34
20:42:55:169	Upload Task event uploaded for counter95
20:42:58:196	Upload Task event uploaded for counter1
20:43:01:225	Upload Task event uploaded for counter2
20:43:04:250	Upload Task event uploaded for counter4
20:43:07:272	Upload Task event uploaded for counter34
20:43:10:287	Upload Task event uploaded for counter51
20:43:13:308	Upload Task event uploaded for counter55
20:43:16:324	Upload Task event uploaded for counter95
20:43:19:348	Upload Task event uploaded for counter1
20:43:22:367	Upload Task event uploaded for counter2
20:43:25:382	Upload Task event uploaded for counter4
20:43:28:413	Upload Task event uploaded for counter34
20:43:31:450	Upload Task event uploaded for counter45
20:43:34:465	Upload Task event uploaded for counter51
20:43:37:479	Upload Task event uploaded for counter55
20:43:40:496	Upload Task event uploaded for counter93
20:43:43:539	Upload Task event uploaded for counter94
20:43:46:553	Upload Task event uploaded for counter95
20:43:49:572	Upload Task event uploaded for counter1
20:43:52:623	Upload Task event uploaded for counter2
20:43:55:643	Upload Task event uploaded for counter4
20:43:58:663	Upload Task event uploaded for counter34
20:44:01:708	Upload Task event uploaded for counter45
20:44:04:723	Upload Task event uploaded for counter51
20:44:07:749	Upload Task event uploaded for counter55
20:44:10:785	Upload Task event uploaded for counter93
20:44:13:809	Upload Task event uploaded for counter94
20:44:16:823	Upload Task event uploaded for counter95
20:44:19:838	Upload Task event uploaded for counter1
20:44:22:851	Upload Task event uploaded for counter2
20:44:25:869	Upload Task event uploaded for counter4
20:44:28:899	Upload Task event uploaded for counter34
20:44:31:925	Upload Task event uploaded for counter45
20:44:34:941	Upload Task event uploaded for counter51
20:44:37:957	Upload Task event uploaded for counter55
20:44:41:063	Upload Task event uploaded for counter93
20:44:44:223	Upload Task event uploaded for counter94
20:44:47:401	Upload Task event uploaded for counter95
20:44:50:439	Upload Task event uploaded for counter1
20:44:53:689	Upload Task event uploaded for counter2
20:44:56:739	Upload Task event uploaded for counter4
20:44:59:799	Upload Task event uploaded for counter23
20:45:02:814	Upload Task event uploaded for counter34
20:45:05:829	Upload Task event uploaded for counter41
20:45:08:850	Upload Task event uploaded for counter45
20:45:11:890	Upload Task event uploaded for counter51
20:45:14:946	Upload Task event uploaded for counter55
20:45:17:967	Upload Task event uploaded for counter62
20:45:20:985	Upload Task event uploaded for counter93
20:45:23:998	Upload Task event uploaded for counter94
20:45:27:013	Upload Task event uploaded for counter95
20:45:30:037	Upload Task event uploaded for counter1
20:45:33:054	Upload Task event uploaded for counter2
20:45:36:084	Upload Task event uploaded for counter4
20:45:39:106	Upload Task event uploaded for counter23
20:45:42:129	Upload Task event uploaded for counter34
20:45:45:141	Upload Task event uploaded for counter41
20:45:48:155	Upload Task event uploaded for counter45
20:45:51:173	Upload Task event uploaded for counter51
20:45:54:195	Upload Task event uploaded for counter55
20:45:57:211	Upload Task event uploaded for counter62
20:46:00:233	Upload Task event uploaded for counter79
20:46:03:256	Upload Task event uploaded for counter93
20:46:06:273	Upload Task event uploaded for counter94
20:46:09:290	Upload Task event uploaded for counter95
20:46:12:314	Upload Task event uploaded for counter1
20:46:15:332	Upload Task event uploaded for counter2
20:46:18:347	Upload Task event uploaded for counter4
20:46:21:377	Upload Task event uploaded for counter23
20:46:24:398	Upload Task event uploaded for counter34
20:46:27:414	Upload Task event uploaded for counter41
20:46:30:434	Upload Task event uploaded for counter45
20:46:33:454	Upload Task event uploaded for counter51
20:46:36:471	Upload Task event uploaded for counter55
20:46:39:496	Upload Task event uploaded for counter62
20:46:42:549	Upload Task event uploaded for counter79
20:46:45:577	Upload Task event uploaded for counter84
20:46:48:615	Upload Task event uploaded for counter93
20:46:51:635	Upload Task event uploaded for counter94
20:46:54:665	Upload Task event uploaded for counter95
20:46:57:688	Upload Task event uploaded for counter1
20:47:00:703	Upload Task event uploaded for counter2
20:47:03:721	Upload Task event uploaded for counter4
20:47:06:735	Upload Task event uploaded for counter23
20:47:09:780	Upload Task event uploaded for counter34
20:47:12:799	Upload Task event uploaded for counter41
20:47:15:813	Upload Task event uploaded for counter45
20:47:18:837	Upload Task event uploaded for counter51
20:47:21:866	Upload Task event uploaded for counter55
20:47:24:954	Upload Task event uploaded for counter62
20:47:27:969	Upload Task event uploaded for counter79
20:47:31:005	Upload Task event uploaded for counter84
20:47:34:056	Upload Task event uploaded for counter93
20:47:37:114	Upload Task event uploaded for counter94
20:47:40:148	Upload Task event uploaded for counter95
20:47:43:305	Upload Task event uploaded for counter1
20:47:46:351	Upload Task event uploaded for counter2
20:47:49:378	Upload Task event uploaded for counter4
20:47:52:500	Upload Task event uploaded for counter23
20:47:55:521	Upload Task event uploaded for counter34
20:47:58:554	Upload Task event uploaded for counter41
20:48:01:567	Upload Task event uploaded for counter45
20:48:04:594	Upload Task event uploaded for counter47
20:48:07:611	Upload Task event uploaded for counter51
20:48:10:632	Upload Task event uploaded for counter55
20:48:13:667	Upload Task event uploaded for counter59
20:48:16:698	Upload Task event uploaded for counter62
20:48:19:715	Upload Task event uploaded for counter79
20:48:22:737	Upload Task event uploaded for counter84
20:48:25:771	Upload Task event uploaded for counter93
20:48:28:818	Upload Task event uploaded for counter94
20:48:31:878	Upload Task event uploaded for counter95
20:48:34:913	Upload Task event uploaded for counter1
20:48:37:930	Upload Task event uploaded for counter2
20:48:40:943	Upload Task event uploaded for counter4
20:48:43:996	Upload Task event uploaded for counter23
20:48:47:011	Upload Task event uploaded for counter34
20:48:50:068	Upload Task event uploaded for counter41
20:48:53:082	Upload Task event uploaded for counter45
20:48:56:096	Upload Task event uploaded for counter47
20:48:59:115	Upload Task event uploaded for counter51
20:49:02:128	Upload Task event uploaded for counter55
20:49:05:146	Upload Task event uploaded for counter56
20:49:08:180	Upload Task event uploaded for counter59
20:49:11:193	Upload Task event uploaded for counter62
20:49:14:228	Upload Task event uploaded for counter79
20:49:17:253	Upload Task event uploaded for counter84
20:49:20:277	Upload Task event uploaded for counter93
20:49:23:301	Upload Task event uploaded for counter94
20:49:26:328	Upload Task event uploaded for counter95
20:49:29:344	Upload Task event uploaded for counter1
20:49:32:363	Upload Task event uploaded for counter2
20:49:35:383	Upload Task event uploaded for counter23
20:49:38:415	Upload Task event uploaded for counter34
20:49:41:458	Upload Task event uploaded for counter41
20:49:44:482	Upload Task event uploaded for counter45
20:49:47:509	Upload Task event uploaded for counter47
20:49:50:647	Upload Task event uploaded for counter51
20:49:53:792	Upload Task event uploaded for counter55
20:49:56:806	Upload Task event uploaded for counter56
20:49:59:844	Upload Task event uploaded for counter59
20:50:02:866	Upload Task event uploaded for counter62
20:50:05:881	Upload Task event uploaded for counter79
20:50:08:896	Upload Task event uploaded for counter84
20:50:11:913	Upload Task event uploaded for counter93
20:50:14:945	Upload Task event uploaded for counter94
20:50:17:967	Upload Task event uploaded for counter95
20:50:21:039	Upload Task event uploaded for counter1
20:50:24:056	Upload Task event uploaded for counter2
20:50:27:086	Upload Task event uploaded for counter4
20:50:30:112	Upload Task event uploaded for counter23
20:50:33:127	Upload Task event uploaded for counter34
20:50:36:143	Upload Task event uploaded for counter41
20:50:39:168	Upload Task event uploaded for counter45
20:50:42:219	Upload Task event uploaded for counter47
20:50:45:244	Upload Task event uploaded for counter51
20:50:48:286	Upload Task event uploaded for counter55
20:50:51:321	Upload Task event uploaded for counter56
20:50:54:338	Upload Task event uploaded for counter59
20:50:57:352	Upload Task event uploaded for counter62
20:51:00:421	Upload Task event uploaded for counter79
20:51:03:504	Upload Task event uploaded for counter84
20:51:06:553	Upload Task event uploaded for counter93
20:51:09:582	Upload Task event uploaded for counter94
20:51:12:597	Upload Task event uploaded for counter95
20:51:15:615	Upload Task event uploaded for counter1
20:51:18:629	Upload Task event uploaded for counter2
20:51:21:647	Upload Task event uploaded for counter4
20:51:24:667	Upload Task event uploaded for counter15
20:51:27:691	Upload Task event uploaded for counter23
20:51:30:707	Upload Task event uploaded for counter34
20:51:33:721	Upload Task event uploaded for counter41
20:51:36:735	Upload Task event uploaded for counter45
20:51:39:764	Upload Task event uploaded for counter47
20:51:42:778	Upload Task event uploaded for counter51
20:51:45:797	Upload Task event uploaded for counter55
20:51:48:812	Upload Task event uploaded for counter56
20:51:51:831	Upload Task event uploaded for counter58
20:51:54:852	Upload Task event uploaded for counter59
20:51:57:869	Upload Task event uploaded for counter62
20:52:00:901	Upload Task event uploaded for counter84
20:52:03:926	Upload Task event uploaded for counter92
20:52:06:949	Upload Task event uploaded for counter93
20:52:10:108	Upload Task event uploaded for counter94
20:52:13:524	Upload Task event uploaded for counter95
20:52:16:682	Upload Task event uploaded for counter1
20:52:19:718	Upload Task event uploaded for counter2
20:52:22:756	Upload Task event uploaded for counter4
20:52:25:785	Upload Task event uploaded for counter15
20:52:28:845	Upload Task event uploaded for counter23
20:52:31:871	Upload Task event uploaded for counter34
20:52:34:898	Upload Task event uploaded for counter41
20:52:37:913	Upload Task event uploaded for counter45
20:52:40:934	Upload Task event uploaded for counter47
20:52:43:948	Upload Task event uploaded for counter51
20:52:46:974	Upload Task event uploaded for counter54
20:52:50:056	Upload Task event uploaded for counter55
20:52:53:074	Upload Task event uploaded for counter56
20:52:56:088	Upload Task event uploaded for counter58
20:52:59:108	Upload Task event uploaded for counter59
20:53:02:129	Upload Task event uploaded for counter62
20:53:05:153	Upload Task event uploaded for counter84
20:53:08:173	Upload Task event uploaded for counter92
20:53:11:188	Upload Task event uploaded for counter93
20:53:14:210	Upload Task event uploaded for counter94
20:53:17:239	Upload Task event uploaded for counter95
20:53:20:267	Upload Task event uploaded for counter1
20:53:23:324	Upload Task event uploaded for counter2
20:53:26:357	Upload Task event uploaded for counter4
20:53:29:376	Upload Task event uploaded for counter15
20:53:32:398	Upload Task event uploaded for counter23
20:53:35:413	Upload Task event uploaded for counter27
20:53:38:429	Upload Task event uploaded for counter34
20:53:41:445	Upload Task event uploaded for counter41
20:53:44:460	Upload Task event uploaded for counter45
20:53:47:483	Upload Task event uploaded for counter47
20:53:50:503	Upload Task event uploaded for counter51
20:53:53:520	Upload Task event uploaded for counter54
20:53:56:558	Upload Task event uploaded for counter55
20:53:59:777	Upload Task event uploaded for counter56
20:54:02:811	Upload Task event uploaded for counter58
20:54:05:842	Upload Task event uploaded for counter59
20:54:08:856	Upload Task event uploaded for counter62
20:54:11:886	Upload Task event uploaded for counter84
20:54:14:914	Upload Task event uploaded for counter92
20:54:17:958	Upload Task event uploaded for counter93
20:54:20:981	Upload Task event uploaded for counter94
20:54:23:996	Upload Task event uploaded for counter95
20:54:27:018	Upload Task event uploaded for counter1
20:54:30:074	Upload Task event uploaded for counter2
20:54:33:219	Upload Task event uploaded for counter4
20:54:36:244	Upload Task event uploaded for counter15
20:54:39:289	Upload Task event uploaded for counter23
20:54:42:373	Upload Task event uploaded for counter27
20:54:45:429	Upload Task event uploaded for counter28
20:54:48:456	Upload Task event uploaded for counter34
20:54:51:565	Upload Task event uploaded for counter41
20:54:54:953	Upload Task event uploaded for counter45
20:54:58:105	Upload Task event uploaded for counter47
20:55:01:172	Upload Task event uploaded for counter51
20:55:04:293	Upload Task event uploaded for counter54
20:55:07:356	Upload Task event uploaded for counter55
20:55:10:390	Upload Task event uploaded for counter56
20:55:13:407	Upload Task event uploaded for counter58
20:55:16:459	Upload Task event uploaded for counter59
20:55:19:481	Upload Task event uploaded for counter62
20:55:22:504	Upload Task event uploaded for counter84
20:55:25:524	Upload Task event uploaded for counter92
20:55:28:544	Upload Task event uploaded for counter93
20:55:31:563	Upload Task event uploaded for counter94
20:55:34:591	Upload Task event uploaded for counter95
20:55:37:608	Upload Task event uploaded for counter1
20:55:40:643	Upload Task event uploaded for counter2
20:55:43:716	Upload Task event uploaded for counter4
20:55:46:731	Upload Task event uploaded for counter15
20:55:49:825	Upload Task event uploaded for counter23
20:55:52:843	Upload Task event uploaded for counter27
20:55:55:868	Upload Task event uploaded for counter28
20:55:58:889	Upload Task event uploaded for counter34
20:56:01:967	Upload Task event uploaded for counter41
20:56:05:053	Upload Task event uploaded for counter45
20:56:08:120	Upload Task event uploaded for counter47
20:56:11:177	Upload Task event uploaded for counter51
20:56:14:205	Upload Task event uploaded for counter54
20:56:17:298	Upload Task event uploaded for counter55
20:56:20:354	Upload Task event uploaded for counter56
20:56:23:476	Upload Task event uploaded for counter58
20:56:26:498	Upload Task event uploaded for counter59
20:56:29:537	Upload Task event uploaded for counter62
20:56:32:550	Upload Task event uploaded for counter84
20:56:35:617	Upload Task event uploaded for counter92
20:56:38:638	Upload Task event uploaded for counter93
20:56:41:672	Upload Task event uploaded for counter94
20:56:44:693	Upload Task event uploaded for counter95
20:56:47:724	Upload Task event uploaded for counter1
20:56:50:739	Upload Task event uploaded for counter2
20:56:53:757	Upload Task event uploaded for counter4
20:56:56:775	Upload Task event uploaded for counter15
20:56:59:794	Upload Task event uploaded for counter23
20:57:02:817	Upload Task event uploaded for counter27
20:57:05:880	Upload Task event uploaded for counter28
20:57:09:011	Upload Task event uploaded for counter34
20:57:12:031	Upload Task event uploaded for counter36
20:57:15:073	Upload Task event uploaded for counter41
20:57:18:088	Upload Task event uploaded for counter44
20:57:21:107	Upload Task event uploaded for counter45
20:57:24:158	Upload Task event uploaded for counter47
20:57:27:207	Upload Task event uploaded for counter51
20:57:30:230	Upload Task event uploaded for counter54
20:57:33:246	Upload Task event uploaded for counter55
20:57:36:276	Upload Task event uploaded for counter56
20:57:39:291	Upload Task event uploaded for counter58
20:57:42:305	Upload Task event uploaded for counter59
20:57:45:335	Upload Task event uploaded for counter62
20:57:48:353	Upload Task event uploaded for counter79
20:57:51:439	Upload Task event uploaded for counter80
20:57:54:572	Upload Task event uploaded for counter84
20:57:57:592	Upload Task event uploaded for counter92
20:58:00:618	Upload Task event uploaded for counter93
20:58:03:633	Upload Task event uploaded for counter94
20:58:06:649	Upload Task event uploaded for counter95
20:58:09:684	Upload Task event uploaded for counter1
20:58:12:725	Upload Task event uploaded for counter2
20:58:15:751	Upload Task event uploaded for counter4
20:58:18:868	Upload Task event uploaded for counter15
20:58:21:900	Upload Task event uploaded for counter23
20:58:24:943	Upload Task event uploaded for counter27
20:58:27:980	Upload Task event uploaded for counter28
20:58:31:242	Upload Task event uploaded for counter34
20:58:34:260	Upload Task event uploaded for counter36
20:58:37:281	Upload Task event uploaded for counter41
20:58:40:333	Upload Task event uploaded for counter44
20:58:43:350	Upload Task event uploaded for counter45
20:58:46:367	Upload Task event uploaded for counter47
20:58:49:411	Upload Task event uploaded for counter51
20:58:52:437	Upload Task event uploaded for counter54
20:58:55:477	Upload Task event uploaded for counter55
20:58:58:509	Upload Task event uploaded for counter56
20:59:01:524	Upload Task event uploaded for counter58
20:59:04:574	Upload Task event uploaded for counter59
20:59:07:589	Upload Task event uploaded for counter62
20:59:10:609	Upload Task event uploaded for counter79
20:59:13:636	Upload Task event uploaded for counter80
20:59:16:653	Upload Task event uploaded for counter84
20:59:19:665	Upload Task event uploaded for counter92
20:59:22:709	Upload Task event uploaded for counter93
20:59:25:730	Upload Task event uploaded for counter94
20:59:28:744	Upload Task event uploaded for counter95
20:59:31:773	Upload Task event uploaded for counter1
20:59:34:792	Upload Task event uploaded for counter2
20:59:37:811	Upload Task event uploaded for counter4
20:59:40:837	Upload Task event uploaded for counter15
20:59:43:854	Upload Task event uploaded for counter19
20:59:46:870	Upload Task event uploaded for counter23
20:59:49:891	Upload Task event uploaded for counter27
20:59:52:905	Upload Task event uploaded for counter28
20:59:55:946	Upload Task event uploaded for counter34
20:59:58:959	Upload Task event uploaded for counter36
21:00:01:977	Upload Task event uploaded for counter41
21:00:04:997	Upload Task event uploaded for counter44
21:00:08:019	Upload Task event uploaded for counter45
21:00:11:039	Upload Task event uploaded for counter47
21:00:14:060	Upload Task event uploaded for counter51
21:00:17:109	Upload Task event uploaded for counter54
21:00:20:128	Upload Task event uploaded for counter55
21:00:23:173	Upload Task event uploaded for counter56
21:00:26:196	Upload Task event uploaded for counter58
21:00:29:217	Upload Task event uploaded for counter59
21:00:32:236	Upload Task event uploaded for counter62
21:00:35:256	Upload Task event uploaded for counter68
21:00:38:329	Upload Task event uploaded for counter79
21:00:41:394	Upload Task event uploaded for counter80
21:00:44:432	Upload Task event uploaded for counter84
21:00:47:457	Upload Task event uploaded for counter92
21:00:50:480	Upload Task event uploaded for counter93
21:00:53:508	Upload Task event uploaded for counter94
21:00:56:524	Upload Task event uploaded for counter95
21:00:59:538	Upload Task event uploaded for counter1
21:01:02:597	Upload Task event uploaded for counter2
21:01:05:613	Upload Task event uploaded for counter4
21:01:08:678	Upload Task event uploaded for counter15
21:01:11:693	Upload Task event uploaded for counter19
21:01:14:717	Upload Task event uploaded for counter23
21:01:17:763	Upload Task event uploaded for counter27
21:01:20:791	Upload Task event uploaded for counter28
21:01:23:804	Upload Task event uploaded for counter34
21:01:26:843	Upload Task event uploaded for counter36
21:01:29:874	Upload Task event uploaded for counter41
21:01:32:893	Upload Task event uploaded for counter44
21:01:35:914	Upload Task event uploaded for counter45
21:01:38:966	Upload Task event uploaded for counter47
21:01:41:986	Upload Task event uploaded for counter51
21:01:45:007	Upload Task event uploaded for counter54
21:01:48:042	Upload Task event uploaded for counter55
21:01:51:078	Upload Task event uploaded for counter56
21:01:54:094	Upload Task event uploaded for counter58
21:01:57:110	Upload Task event uploaded for counter59
21:02:00:151	Upload Task event uploaded for counter62
21:02:03:257	Upload Task event uploaded for counter68
21:02:06:273	Upload Task event uploaded for counter79
21:02:09:295	Upload Task event uploaded for counter80
21:02:12:331	Upload Task event uploaded for counter84
21:02:15:453	Upload Task event uploaded for counter92
21:02:18:469	Upload Task event uploaded for counter93
21:02:21:495	Upload Task event uploaded for counter94
21:02:24:516	Upload Task event uploaded for counter95
21:02:27:545	Upload Task event uploaded for counter1
21:02:30:560	Upload Task event uploaded for counter2
21:02:33:579	Upload Task event uploaded for counter4
21:02:36:598	Upload Task event uploaded for counter15
21:02:39:618	Upload Task event uploaded for counter19
21:02:42:631	Upload Task event uploaded for counter23
21:02:45:652	Upload Task event uploaded for counter27
21:02:48:665	Upload Task event uploaded for counter28
21:02:51:682	Upload Task event uploaded for counter34
21:02:54:697	Upload Task event uploaded for counter36
21:02:57:719	Upload Task event uploaded for counter41
21:03:00:738	Upload Task event uploaded for counter44
21:03:03:758	Upload Task event uploaded for counter45
21:03:06:775	Upload Task event uploaded for counter47
21:03:09:803	Upload Task event uploaded for counter51
21:03:12:860	Upload Task event uploaded for counter54
21:03:15:887	Upload Task event uploaded for counter55
21:03:18:902	Upload Task event uploaded for counter56
21:03:21:926	Upload Task event uploaded for counter58
21:03:24:947	Upload Task event uploaded for counter59
21:03:27:961	Upload Task event uploaded for counter62
21:03:31:003	Upload Task event uploaded for counter68
21:03:34:035	Upload Task event uploaded for counter79
21:03:37:055	Upload Task event uploaded for counter80
21:03:40:072	Upload Task event uploaded for counter84
21:03:43:099	Upload Task event uploaded for counter92
21:03:46:124	Upload Task event uploaded for counter93
21:03:49:147	Upload Task event uploaded for counter94
21:03:52:200	Upload Task event uploaded for counter95
21:03:55:225	Upload Task event uploaded for counter100
21:03:58:241	Upload Task event uploaded for counter1
21:04:01:259	Upload Task event uploaded for counter2
21:04:04:279	Upload Task event uploaded for counter4
21:04:07:312	Upload Task event uploaded for counter15
21:04:10:345	Upload Task event uploaded for counter19
21:04:13:365	Upload Task event uploaded for counter23
21:04:16:394	Upload Task event uploaded for counter27
21:04:19:414	Upload Task event uploaded for counter28
21:04:22:429	Upload Task event uploaded for counter34
21:04:25:446	Upload Task event uploaded for counter36
21:04:28:461	Upload Task event uploaded for counter38
21:04:31:492	Upload Task event uploaded for counter41
21:04:34:517	Upload Task event uploaded for counter44
21:04:37:532	Upload Task event uploaded for counter45
21:04:40:567	Upload Task event uploaded for counter47
21:04:43:580	Upload Task event uploaded for counter51
21:04:46:634	Upload Task event uploaded for counter55
21:04:49:652	Upload Task event uploaded for counter56
21:04:52:672	Upload Task event uploaded for counter58
21:04:55:718	Upload Task event uploaded for counter59
21:04:58:732	Upload Task event uploaded for counter68
21:05:01:747	Upload Task event uploaded for counter79
21:05:04:763	Upload Task event uploaded for counter80
21:05:07:781	Upload Task event uploaded for counter84
21:05:10:809	Upload Task event uploaded for counter92
21:05:13:825	Upload Task event uploaded for counter93
21:05:16:960	Upload Task event uploaded for counter94
21:05:19:979	Upload Task event uploaded for counter95
21:05:23:006	Upload Task event uploaded for counter100
21:05:26:032	Upload Task event uploaded for counter1
21:05:29:056	Upload Task event uploaded for counter2
21:05:32:096	Upload Task event uploaded for counter4
21:05:35:143	Upload Task event uploaded for counter15
21:05:38:160	Upload Task event uploaded for counter19
21:05:41:192	Upload Task event uploaded for counter23
21:05:44:215	Upload Task event uploaded for counter27
21:05:47:346	Upload Task event uploaded for counter28
21:05:50:365	Upload Task event uploaded for counter34
21:05:53:390	Upload Task event uploaded for counter38
21:05:56:446	Upload Task event uploaded for counter41
21:05:59:459	Upload Task event uploaded for counter44
21:06:02:476	Upload Task event uploaded for counter45
21:06:05:507	Upload Task event uploaded for counter47
21:06:08:539	Upload Task event uploaded for counter51
21:06:11:558	Upload Task event uploaded for counter56
21:06:14:577	Upload Task event uploaded for counter58
21:06:17:642	Upload Task event uploaded for counter59
21:06:20:671	Upload Task event uploaded for counter60
21:06:23:687	Upload Task event uploaded for counter68
21:06:26:708	Upload Task event uploaded for counter79
21:06:29:735	Upload Task event uploaded for counter80
21:06:32:781	Upload Task event uploaded for counter84
21:06:35:794	Upload Task event uploaded for counter92
21:06:38:811	Upload Task event uploaded for counter93
21:06:41:827	Upload Task event uploaded for counter94
21:06:44:850	Upload Task event uploaded for counter95
21:06:47:872	Upload Task event uploaded for counter100
21:06:50:890	Upload Task event uploaded for counter1
21:06:53:918	Upload Task event uploaded for counter2
21:06:56:934	Upload Task event uploaded for counter4
21:06:59:948	Upload Task event uploaded for counter15
21:07:02:963	Upload Task event uploaded for counter19
21:07:05:989	Upload Task event uploaded for counter23
21:07:09:058	Upload Task event uploaded for counter27
21:07:12:288	Upload Task event uploaded for counter28
21:07:15:312	Upload Task event uploaded for counter34
21:07:18:340	Upload Task event uploaded for counter38
21:07:21:375	Upload Task event uploaded for counter41
21:07:24:424	Upload Task event uploaded for counter44
21:07:27:438	Upload Task event uploaded for counter45
21:07:30:455	Upload Task event uploaded for counter47
21:07:33:470	Upload Task event uploaded for counter51
21:07:36:494	Upload Task event uploaded for counter56
21:07:39:526	Upload Task event uploaded for counter58
21:07:42:730	Upload Task event uploaded for counter59
21:07:45:767	Upload Task event uploaded for counter60
21:07:48:782	Upload Task event uploaded for counter68
21:07:51:838	Upload Task event uploaded for counter79
21:07:54:874	Upload Task event uploaded for counter80
21:07:57:964	Upload Task event uploaded for counter84
21:08:00:993	Upload Task event uploaded for counter92
21:08:04:021	Upload Task event uploaded for counter93
21:08:07:061	Upload Task event uploaded for counter94
21:08:10:094	Upload Task event uploaded for counter95
21:08:13:128	Upload Task event uploaded for counter100
21:08:16:175	Upload Task event uploaded for counter1
21:08:19:302	Upload Task event uploaded for counter2
21:08:22:441	Upload Task event uploaded for counter4
21:08:25:481	Upload Task event uploaded for counter15
21:08:28:650	Upload Task event uploaded for counter19
21:08:31:750	Upload Task event uploaded for counter23
21:08:34:773	Upload Task event uploaded for counter27
21:08:37:803	Upload Task event uploaded for counter28
21:08:40:821	Upload Task event uploaded for counter34
21:08:43:875	Upload Task event uploaded for counter37
21:08:46:968	Upload Task event uploaded for counter38
21:08:50:032	Upload Task event uploaded for counter41
21:08:53:057	Upload Task event uploaded for counter44
21:08:56:087	Upload Task event uploaded for counter45
21:08:59:111	Upload Task event uploaded for counter47
21:09:02:139	Upload Task event uploaded for counter51
21:09:05:155	Upload Task event uploaded for counter55
21:09:08:169	Upload Task event uploaded for counter56
21:09:11:188	Upload Task event uploaded for counter58
21:09:14:203	Upload Task event uploaded for counter59
21:09:17:235	Upload Task event uploaded for counter60
21:09:20:567	Upload Task event uploaded for counter68
21:09:24:135	Upload Task event uploaded for counter79
21:09:27:450	Upload Task event uploaded for counter80
21:09:30:473	Upload Task event uploaded for counter84
21:09:33:491	Upload Task event uploaded for counter92
21:09:36:565	Upload Task event uploaded for counter93
21:09:39:785	Upload Task event uploaded for counter100
21:09:42:807	Upload Task event uploaded for counter1
21:09:45:842	Upload Task event uploaded for counter2
21:09:48:944	Upload Task event uploaded for counter4
21:09:52:059	Upload Task event uploaded for counter15
21:09:55:100	Upload Task event uploaded for counter19
21:09:58:116	Upload Task event uploaded for counter25
21:10:01:170	Upload Task event uploaded for counter27
21:10:04:488	Upload Task event uploaded for counter28
21:10:07:574	Upload Task event uploaded for counter34
21:10:10:641	Upload Task event uploaded for counter37
21:10:13:907	Upload Task event uploaded for counter38
21:10:16:941	Upload Task event uploaded for counter41
21:10:19:958	Upload Task event uploaded for counter44
21:10:22:975	Upload Task event uploaded for counter45
21:10:26:008	Upload Task event uploaded for counter47
21:10:29:028	Upload Task event uploaded for counter51
21:10:32:064	Upload Task event uploaded for counter55
21:10:35:078	Upload Task event uploaded for counter56
21:10:38:093	Upload Task event uploaded for counter58
21:10:41:112	Upload Task event uploaded for counter59
21:10:44:128	Upload Task event uploaded for counter60
21:10:47:214	Upload Task event uploaded for counter68
21:10:50:239	Upload Task event uploaded for counter79
21:10:53:260	Upload Task event uploaded for counter80
21:10:56:278	Upload Task event uploaded for counter84
21:10:59:449	Upload Task event uploaded for counter92
21:11:02:579	Upload Task event uploaded for counter93
21:11:05:618	Upload Task event uploaded for counter100
21:11:08:668	Upload Task event uploaded for counter1
21:11:11:874	Upload Task event uploaded for counter2
21:11:14:977	Upload Task event uploaded for counter4
21:11:18:042	Upload Task event uploaded for counter15
21:11:21:068	Upload Task event uploaded for counter19
21:11:24:089	Upload Task event uploaded for counter24
21:11:27:124	Upload Task event uploaded for counter25
21:11:30:139	Upload Task event uploaded for counter27
21:11:33:179	Upload Task event uploaded for counter28
21:11:36:216	Upload Task event uploaded for counter34
21:11:39:242	Upload Task event uploaded for counter37
21:11:42:258	Upload Task event uploaded for counter38
21:11:45:288	Upload Task event uploaded for counter44
21:11:48:320	Upload Task event uploaded for counter45
21:11:51:345	Upload Task event uploaded for counter47
21:11:54:467	Upload Task event uploaded for counter51
21:11:57:508	Upload Task event uploaded for counter55
21:12:00:538	Upload Task event uploaded for counter56
21:12:03:577	Upload Task event uploaded for counter57
21:12:06:600	Upload Task event uploaded for counter58
21:12:09:714	Upload Task event uploaded for counter59
21:12:12:743	Upload Task event uploaded for counter60
21:12:15:815	Upload Task event uploaded for counter68
21:12:18:844	Upload Task event uploaded for counter79
21:12:21:858	Upload Task event uploaded for counter80
21:12:24:883	Upload Task event uploaded for counter83
21:12:27:999	Upload Task event uploaded for counter84
21:12:31:224	Upload Task event uploaded for counter92
21:12:34:243	Upload Task event uploaded for counter93
21:12:37:280	Upload Task event uploaded for counter100
21:12:40:300	Upload Task event uploaded for counter1
21:12:43:319	Upload Task event uploaded for counter2
21:12:46:337	Upload Task event uploaded for counter3
21:12:49:360	Upload Task event uploaded for counter4
21:12:52:407	Upload Task event uploaded for counter15
21:12:55:601	Upload Task event uploaded for counter19
21:12:58:669	Upload Task event uploaded for counter24
21:13:01:692	Upload Task event uploaded for counter25
21:13:04:734	Upload Task event uploaded for counter27
21:13:07:774	Upload Task event uploaded for counter28
21:13:10:800	Upload Task event uploaded for counter34
21:13:13:819	Upload Task event uploaded for counter36
21:13:16:860	Upload Task event uploaded for counter37
21:13:19:902	Upload Task event uploaded for counter38
21:13:23:308	Upload Task event uploaded for counter44
21:13:26:327	Upload Task event uploaded for counter45
21:13:29:460	Upload Task event uploaded for counter47
21:13:32:508	Upload Task event uploaded for counter51
21:13:35:529	Upload Task event uploaded for counter55
21:13:38:544	Upload Task event uploaded for counter56
21:13:41:568	Upload Task event uploaded for counter57
21:13:44:610	Upload Task event uploaded for counter58
21:13:47:643	Upload Task event uploaded for counter59
21:13:50:711	Upload Task event uploaded for counter60
21:13:53:748	Upload Task event uploaded for counter68
21:13:56:792	Upload Task event uploaded for counter79
21:13:59:847	Upload Task event uploaded for counter80
21:14:02:868	Upload Task event uploaded for counter83
21:14:05:885	Upload Task event uploaded for counter84
21:14:08:900	Upload Task event uploaded for counter92
21:14:11:920	Upload Task event uploaded for counter93
21:14:14:939	Upload Task event uploaded for counter100
21:14:17:961	Upload Task event uploaded for counter2
21:14:20:986	Upload Task event uploaded for counter3
21:14:24:004	Upload Task event uploaded for counter4
21:14:27:024	Upload Task event uploaded for counter15
21:14:30:043	Upload Task event uploaded for counter19
21:14:33:069	Upload Task event uploaded for counter24
21:14:36:107	Upload Task event uploaded for counter25
21:14:39:125	Upload Task event uploaded for counter27
21:14:42:145	Upload Task event uploaded for counter28
21:14:45:166	Upload Task event uploaded for counter30
21:14:48:214	Upload Task event uploaded for counter34
21:14:51:246	Upload Task event uploaded for counter36
21:14:54:280	Upload Task event uploaded for counter37
21:14:57:352	Upload Task event uploaded for counter38
21:15:00:371	Upload Task event uploaded for counter44
21:15:03:416	Upload Task event uploaded for counter45
21:15:06:437	Upload Task event uploaded for counter47
21:15:09:456	Upload Task event uploaded for counter55
21:15:12:496	Upload Task event uploaded for counter56
21:15:15:514	Upload Task event uploaded for counter57
21:15:18:532	Upload Task event uploaded for counter58
21:15:21:552	Upload Task event uploaded for counter59
21:15:24:570	Upload Task event uploaded for counter60
21:15:27:605	Upload Task event uploaded for counter62
21:15:30:631	Upload Task event uploaded for counter68
21:15:33:646	Upload Task event uploaded for counter79
21:15:36:675	Upload Task event uploaded for counter80
21:15:39:707	Upload Task event uploaded for counter82
21:15:42:726	Upload Task event uploaded for counter83
21:15:45:763	Upload Task event uploaded for counter84
21:15:48:855	Upload Task event uploaded for counter92
21:15:52:046	Upload Task event uploaded for counter93
21:15:55:799	Upload Task event uploaded for counter100
21:15:59:258	Upload Task event uploaded for counter2
21:16:02:273	Upload Task event uploaded for counter3
21:16:05:288	Upload Task event uploaded for counter4
21:16:08:312	Upload Task event uploaded for counter5
21:16:11:332	Upload Task event uploaded for counter15
21:16:14:345	Upload Task event uploaded for counter19
21:16:17:379	Upload Task event uploaded for counter24
21:16:20:402	Upload Task event uploaded for counter25
21:16:23:417	Upload Task event uploaded for counter28
21:16:26:431	Upload Task event uploaded for counter30
21:16:29:447	Upload Task event uploaded for counter34
21:16:32:463	Upload Task event uploaded for counter36
21:16:35:494	Upload Task event uploaded for counter37
21:16:38:512	Upload Task event uploaded for counter38
21:16:41:532	Upload Task event uploaded for counter41
21:16:44:568	Upload Task event uploaded for counter44
21:16:47:584	Upload Task event uploaded for counter45
21:16:50:601	Upload Task event uploaded for counter47
21:16:53:617	Upload Task event uploaded for counter54
21:16:56:637	Upload Task event uploaded for counter55
21:16:59:692	Upload Task event uploaded for counter56
21:17:02:723	Upload Task event uploaded for counter57
21:17:05:778	Upload Task event uploaded for counter59
21:17:08:820	Upload Task event uploaded for counter60
21:17:11:843	Upload Task event uploaded for counter62
21:17:14:912	Upload Task event uploaded for counter68
21:17:18:009	Upload Task event uploaded for counter79
21:17:21:278	Upload Task event uploaded for counter80
21:17:24:294	Upload Task event uploaded for counter82
21:17:27:312	Upload Task event uploaded for counter83
21:17:30:363	Upload Task event uploaded for counter84
21:17:33:449	Upload Task event uploaded for counter92
21:17:36:656	Upload Task event uploaded for counter93
21:17:39:725	Upload Task event uploaded for counter95
21:17:42:747	Upload Task event uploaded for counter100
21:17:45:817	Upload Task event uploaded for counter3
21:17:48:836	Upload Task event uploaded for counter4
21:17:51:850	Upload Task event uploaded for counter5
21:17:54:866	Upload Task event uploaded for counter15
21:17:57:882	Upload Task event uploaded for counter19
21:18:00:904	Upload Task event uploaded for counter24
21:18:03:925	Upload Task event uploaded for counter25
21:18:06:987	Upload Task event uploaded for counter28
21:18:10:029	Upload Task event uploaded for counter30
21:18:13:074	Upload Task event uploaded for counter34
21:18:16:094	Upload Task event uploaded for counter36
21:18:19:116	Upload Task event uploaded for counter37
21:18:22:130	Upload Task event uploaded for counter38
21:18:25:147	Upload Task event uploaded for counter41
21:18:28:171	Upload Task event uploaded for counter44
21:18:31:186	Upload Task event uploaded for counter45
21:18:34:205	Upload Task event uploaded for counter47
21:18:37:221	Upload Task event uploaded for counter51
21:18:40:243	Upload Task event uploaded for counter54
21:18:43:272	Upload Task event uploaded for counter55
21:18:46:302	Upload Task event uploaded for counter56
21:18:49:322	Upload Task event uploaded for counter57
21:18:52:343	Upload Task event uploaded for counter60
21:18:55:437	Upload Task event uploaded for counter62
21:18:58:463	Upload Task event uploaded for counter68
21:19:01:503	Upload Task event uploaded for counter79
21:19:04:528	Upload Task event uploaded for counter80
21:19:07:550	Upload Task event uploaded for counter82
21:19:10:580	Upload Task event uploaded for counter83
21:19:13:611	Upload Task event uploaded for counter84
21:19:16:833	Upload Task event uploaded for counter92
21:19:19:856	Upload Task event uploaded for counter93
21:19:22:871	Upload Task event uploaded for counter95
21:19:25:908	Upload Task event uploaded for counter100
21:19:28:933	Upload Task event uploaded for counter3
21:19:31:947	Upload Task event uploaded for counter4
21:19:34:974	Upload Task event uploaded for counter5
21:19:37:989	Upload Task event uploaded for counter15
21:19:41:007	Upload Task event uploaded for counter19
21:19:44:041	Upload Task event uploaded for counter23
21:19:47:058	Upload Task event uploaded for counter24
21:19:50:077	Upload Task event uploaded for counter25
21:19:53:096	Upload Task event uploaded for counter28
21:19:56:114	Upload Task event uploaded for counter30
21:19:59:132	Upload Task event uploaded for counter34
21:20:02:147	Upload Task event uploaded for counter36
21:20:05:162	Upload Task event uploaded for counter37
21:20:08:190	Upload Task event uploaded for counter38
21:20:11:218	Upload Task event uploaded for counter41
21:20:14:254	Upload Task event uploaded for counter44
21:20:17:277	Upload Task event uploaded for counter45
21:20:20:320	Upload Task event uploaded for counter47
21:20:23:355	Upload Task event uploaded for counter51
21:20:26:371	Upload Task event uploaded for counter54
21:20:29:390	Upload Task event uploaded for counter55
21:20:32:417	Upload Task event uploaded for counter56
21:20:35:440	Upload Task event uploaded for counter57
21:20:38:466	Upload Task event uploaded for counter60
21:20:41:501	Upload Task event uploaded for counter62
21:20:44:541	Upload Task event uploaded for counter68
21:20:47:620	Upload Task event uploaded for counter79
21:20:50:641	Upload Task event uploaded for counter80
21:20:53:710	Upload Task event uploaded for counter82
21:20:56:726	Upload Task event uploaded for counter83
21:20:59:752	Upload Task event uploaded for counter84
21:21:02:837	Upload Task event uploaded for counter92
21:21:05:867	Upload Task event uploaded for counter93
21:21:08:901	Upload Task event uploaded for counter94
21:21:11:915	Upload Task event uploaded for counter95
21:21:14:930	Upload Task event uploaded for counter100
21:21:17:945	Upload Task event uploaded for counter1
21:21:20:962	Upload Task event uploaded for counter2
21:21:24:009	Upload Task event uploaded for counter3
21:21:27:073	Upload Task event uploaded for counter4
21:21:30:190	Upload Task event uploaded for counter5
21:21:33:215	Upload Task event uploaded for counter15
21:21:36:232	Upload Task event uploaded for counter19
21:21:39:257	Upload Task event uploaded for counter23
21:21:42:332	Upload Task event uploaded for counter24
21:21:45:354	Upload Task event uploaded for counter25
21:21:48:383	Upload Task event uploaded for counter28
21:21:51:405	Upload Task event uploaded for counter30
21:21:54:423	Upload Task event uploaded for counter34
21:21:57:466	Upload Task event uploaded for counter36
21:22:00:515	Upload Task event uploaded for counter37
21:22:03:580	Upload Task event uploaded for counter38
21:22:06:594	Upload Task event uploaded for counter41
21:22:09:612	Upload Task event uploaded for counter44
21:22:12:626	Upload Task event uploaded for counter45
21:22:15:639	Upload Task event uploaded for counter47
21:22:18:665	Upload Task event uploaded for counter51
21:22:21:683	Upload Task event uploaded for counter54
21:22:24:703	Upload Task event uploaded for counter55
21:22:27:795	Upload Task event uploaded for counter56
21:22:30:818	Upload Task event uploaded for counter57
21:22:33:840	Upload Task event uploaded for counter59
21:22:36:855	Upload Task event uploaded for counter60
21:22:39:894	Upload Task event uploaded for counter62
21:22:42:909	Upload Task event uploaded for counter68
21:22:45:923	Upload Task event uploaded for counter79
21:22:48:950	Upload Task event uploaded for counter80
21:22:51:970	Upload Task event uploaded for counter82
21:22:54:985	Upload Task event uploaded for counter83
21:22:58:006	Upload Task event uploaded for counter84
21:23:01:020	Upload Task event uploaded for counter92
21:23:04:047	Upload Task event uploaded for counter93
21:23:07:095	Upload Task event uploaded for counter94
21:23:10:112	Upload Task event uploaded for counter95
21:23:13:128	Upload Task event uploaded for counter100
21:23:16:146	Upload Task event uploaded for counter1
21:23:19:172	Upload Task event uploaded for counter2
21:23:22:217	Upload Task event uploaded for counter3
21:23:25:238	Upload Task event uploaded for counter4
21:23:28:261	Upload Task event uploaded for counter5
21:23:31:279	Upload Task event uploaded for counter6
21:23:34:352	Upload Task event uploaded for counter15
21:23:37:581	Upload Task event uploaded for counter19
21:23:40:623	Upload Task event uploaded for counter23
21:23:43:641	Upload Task event uploaded for counter24
21:23:46:693	Upload Task event uploaded for counter25
21:23:49:732	Upload Task event uploaded for counter28
21:23:52:849	Upload Task event uploaded for counter30
21:23:55:941	Upload Task event uploaded for counter34
21:23:58:979	Upload Task event uploaded for counter36
21:24:02:055	Upload Task event uploaded for counter38
21:24:05:079	Upload Task event uploaded for counter41
21:24:08:110	Upload Task event uploaded for counter44
21:24:11:346	Upload Task event uploaded for counter45
21:24:14:368	Upload Task event uploaded for counter47
21:24:17:383	Upload Task event uploaded for counter51
21:24:20:399	Upload Task event uploaded for counter54
21:24:23:436	Upload Task event uploaded for counter55
21:24:26:510	Upload Task event uploaded for counter56
21:24:29:638	Upload Task event uploaded for counter57
21:24:32:657	Upload Task event uploaded for counter59
21:24:35:738	Upload Task event uploaded for counter60
21:24:38:769	Upload Task event uploaded for counter62
21:24:41:842	Upload Task event uploaded for counter68
21:24:45:031	Upload Task event uploaded for counter79
21:24:48:068	Upload Task event uploaded for counter80
21:24:51:085	Upload Task event uploaded for counter82
21:24:54:116	Upload Task event uploaded for counter83
21:24:57:145	Upload Task event uploaded for counter84
21:25:00:179	Upload Task event uploaded for counter92
21:25:03:206	Upload Task event uploaded for counter93
21:25:06:257	Upload Task event uploaded for counter94
21:25:09:275	Upload Task event uploaded for counter95
21:25:12:299	Upload Task event uploaded for counter100
21:25:15:417	Upload Task event uploaded for counter1
21:25:18:730	Upload Task event uploaded for counter2
21:25:21:763	Upload Task event uploaded for counter3
21:25:24:788	Upload Task event uploaded for counter5
21:25:27:811	Upload Task event uploaded for counter6
21:25:30:831	Upload Task event uploaded for counter15
21:25:34:150	Upload Task event uploaded for counter19
21:25:37:858	Upload Task event uploaded for counter23
21:25:41:685	Upload Task event uploaded for counter24
21:25:44:758	Upload Task event uploaded for counter25
21:25:48:028	Upload Task event uploaded for counter28
21:25:51:093	Upload Task event uploaded for counter30
21:25:54:122	Upload Task event uploaded for counter34
21:25:57:140	Upload Task event uploaded for counter36
21:26:00:163	Upload Task event uploaded for counter38
21:26:03:180	Upload Task event uploaded for counter41
21:26:06:219	Upload Task event uploaded for counter44
21:26:09:237	Upload Task event uploaded for counter45
21:26:12:261	Upload Task event uploaded for counter47
21:26:15:290	Upload Task event uploaded for counter49
21:26:18:311	Upload Task event uploaded for counter51
21:26:21:333	Upload Task event uploaded for counter54
21:26:24:366	Upload Task event uploaded for counter56
21:26:27:440	Upload Task event uploaded for counter57
21:26:30:471	Upload Task event uploaded for counter59
21:26:33:492	Upload Task event uploaded for counter60
21:26:36:509	Upload Task event uploaded for counter62
21:26:39:570	Upload Task event uploaded for counter65
21:26:42:606	Upload Task event uploaded for counter66
21:26:45:659	Upload Task event uploaded for counter68
21:26:48:686	Upload Task event uploaded for counter79
21:26:51:755	Upload Task event uploaded for counter80
21:26:54:779	Upload Task event uploaded for counter82
21:26:57:976	Upload Task event uploaded for counter83
21:27:01:722	Upload Task event uploaded for counter84
21:27:05:069	Upload Task event uploaded for counter92
21:27:08:155	Upload Task event uploaded for counter94
21:27:11:250	Upload Task event uploaded for counter95
21:27:14:295	Upload Task event uploaded for counter100
21:27:17:312	Upload Task event uploaded for counter1
21:27:20:336	Upload Task event uploaded for counter2
21:27:23:364	Upload Task event uploaded for counter3
21:27:26:437	Upload Task event uploaded for counter5
21:27:29:460	Upload Task event uploaded for counter6
21:27:32:480	Upload Task event uploaded for counter12
21:27:35:510	Upload Task event uploaded for counter15
21:27:38:819	Upload Task event uploaded for counter19
21:27:41:906	Upload Task event uploaded for counter23
21:27:44:929	Upload Task event uploaded for counter24
21:27:47:953	Upload Task event uploaded for counter25
21:27:50:967	Upload Task event uploaded for counter28
21:27:53:982	Upload Task event uploaded for counter30
21:27:57:009	Upload Task event uploaded for counter36
21:28:00:029	Upload Task event uploaded for counter38
21:28:03:042	Upload Task event uploaded for counter41
21:28:06:072	Upload Task event uploaded for counter47
21:28:09:093	Upload Task event uploaded for counter49
21:28:12:116	Upload Task event uploaded for counter51
21:28:15:151	Upload Task event uploaded for counter54
21:28:18:170	Upload Task event uploaded for counter55
21:28:21:193	Upload Task event uploaded for counter56
21:28:24:225	Upload Task event uploaded for counter57
21:28:27:252	Upload Task event uploaded for counter59
21:28:30:276	Upload Task event uploaded for counter60
21:28:33:290	Upload Task event uploaded for counter65
21:28:36:324	Upload Task event uploaded for counter66
21:28:39:374	Upload Task event uploaded for counter79
21:28:42:389	Upload Task event uploaded for counter80
21:28:45:405	Upload Task event uploaded for counter82
21:28:48:420	Upload Task event uploaded for counter83
21:28:51:437	Upload Task event uploaded for counter84
21:28:54:463	Upload Task event uploaded for counter85
21:28:57:477	Upload Task event uploaded for counter95
21:29:00:495	Upload Task event uploaded for counter100
21:29:03:541	Upload Task event uploaded for counter1
21:29:06:569	Upload Task event uploaded for counter2
21:29:09:585	Upload Task event uploaded for counter3
21:29:12:600	Upload Task event uploaded for counter5
21:29:15:622	Upload Task event uploaded for counter6
21:29:18:644	Upload Task event uploaded for counter12
21:29:21:666	Upload Task event uploaded for counter15
21:29:24:684	Upload Task event uploaded for counter19
21:29:27:700	Upload Task event uploaded for counter24
21:29:30:716	Upload Task event uploaded for counter25
21:29:33:729	Upload Task event uploaded for counter27
21:29:36:746	Upload Task event uploaded for counter30
21:29:39:779	Upload Task event uploaded for counter36
21:29:42:795	Upload Task event uploaded for counter38
21:29:45:821	Upload Task event uploaded for counter41
21:29:48:839	Upload Task event uploaded for counter47
21:29:51:891	Upload Task event uploaded for counter49
21:29:55:210	Upload Task event uploaded for counter51
21:29:58:233	Upload Task event uploaded for counter54
21:30:01:251	Upload Task event uploaded for counter55
21:30:04:266	Upload Task event uploaded for counter56
21:30:07:285	Upload Task event uploaded for counter57
21:30:10:302	Upload Task event uploaded for counter59
21:30:13:329	Upload Task event uploaded for counter62
21:30:16:350	Upload Task event uploaded for counter65
21:30:19:368	Upload Task event uploaded for counter66
21:30:22:386	Upload Task event uploaded for counter79
21:30:25:631	Upload Task event uploaded for counter80
21:30:28:651	Upload Task event uploaded for counter82
21:30:31:669	Upload Task event uploaded for counter83
21:30:34:686	Upload Task event uploaded for counter84
21:30:37:710	Upload Task event uploaded for counter85
21:30:40:757	Upload Task event uploaded for counter95
21:30:43:785	Upload Task event uploaded for counter100
21:30:46:808	Upload Task event uploaded for counter1
21:30:49:829	Upload Task event uploaded for counter2
21:30:52:845	Upload Task event uploaded for counter3
21:30:55:870	Upload Task event uploaded for counter5
21:30:58:891	Upload Task event uploaded for counter6
21:31:01:906	Upload Task event uploaded for counter12
21:31:04:938	Upload Task event uploaded for counter15
21:31:08:003	Upload Task event uploaded for counter19
21:31:11:027	Upload Task event uploaded for counter24
21:31:14:118	Upload Task event uploaded for counter25
21:31:17:209	Upload Task event uploaded for counter27
21:31:20:281	Upload Task event uploaded for counter30
21:31:23:308	Upload Task event uploaded for counter36
21:31:26:469	Upload Task event uploaded for counter38
21:31:29:503	Upload Task event uploaded for counter41
21:31:32:531	Upload Task event uploaded for counter47
21:31:35:553	Upload Task event uploaded for counter49
21:31:38:568	Upload Task event uploaded for counter51
21:31:41:603	Upload Task event uploaded for counter54
21:31:44:627	Upload Task event uploaded for counter55
21:31:47:647	Upload Task event uploaded for counter57
21:31:50:663	Upload Task event uploaded for counter58
21:31:53:705	Upload Task event uploaded for counter59
21:31:56:739	Upload Task event uploaded for counter62
21:31:59:760	Upload Task event uploaded for counter65
21:32:02:790	Upload Task event uploaded for counter66
21:32:05:835	Upload Task event uploaded for counter79
21:32:08:851	Upload Task event uploaded for counter80
21:32:11:871	Upload Task event uploaded for counter82
21:32:14:911	Upload Task event uploaded for counter83
21:32:17:952	Upload Task event uploaded for counter84
21:32:20:971	Upload Task event uploaded for counter85
21:32:23:989	Upload Task event uploaded for counter95
21:32:27:007	Upload Task event uploaded for counter98
21:32:30:046	Upload Task event uploaded for counter100
21:32:33:061	Upload Task event uploaded for counter1
21:32:36:102	Upload Task event uploaded for counter2
21:32:39:129	Upload Task event uploaded for counter3
21:32:42:151	Upload Task event uploaded for counter5
21:32:45:166	Upload Task event uploaded for counter6
21:32:48:185	Upload Task event uploaded for counter12
21:32:51:243	Upload Task event uploaded for counter15
21:32:54:603	Upload Task event uploaded for counter19
21:32:57:650	Upload Task event uploaded for counter24
21:33:00:714	Upload Task event uploaded for counter25
21:33:03:736	Upload Task event uploaded for counter27
21:33:06:757	Upload Task event uploaded for counter30
21:33:09:793	Upload Task event uploaded for counter36
21:33:12:826	Upload Task event uploaded for counter38
21:33:15:869	Upload Task event uploaded for counter41
21:33:18:893	Upload Task event uploaded for counter47
21:33:21:930	Upload Task event uploaded for counter49
21:33:24:953	Upload Task event uploaded for counter51
21:33:27:970	Upload Task event uploaded for counter54
21:33:30:996	Upload Task event uploaded for counter55
21:33:34:015	Upload Task event uploaded for counter58
21:33:37:035	Upload Task event uploaded for counter59
21:33:40:061	Upload Task event uploaded for counter62
21:33:43:108	Upload Task event uploaded for counter65
21:33:46:132	Upload Task event uploaded for counter66
21:33:49:151	Upload Task event uploaded for counter78
21:33:52:170	Upload Task event uploaded for counter79
21:33:55:195	Upload Task event uploaded for counter80
21:33:58:228	Upload Task event uploaded for counter82
21:34:01:262	Upload Task event uploaded for counter83
21:34:04:309	Upload Task event uploaded for counter84
21:34:07:332	Upload Task event uploaded for counter85
21:34:10:350	Upload Task event uploaded for counter95
21:34:13:365	Upload Task event uploaded for counter98
21:34:16:395	Upload Task event uploaded for counter100
21:34:19:408	Upload Task event uploaded for counter1
21:34:22:422	Upload Task event uploaded for counter2
21:34:25:436	Upload Task event uploaded for counter3
21:34:28:454	Upload Task event uploaded for counter5
21:34:31:478	Upload Task event uploaded for counter6
21:34:34:504	Upload Task event uploaded for counter12
21:34:37:543	Upload Task event uploaded for counter15
21:34:40:814	Upload Task event uploaded for counter19
21:34:43:835	Upload Task event uploaded for counter24
21:34:46:866	Upload Task event uploaded for counter25
21:34:49:880	Upload Task event uploaded for counter27
21:34:52:896	Upload Task event uploaded for counter30
21:34:55:932	Upload Task event uploaded for counter34
21:34:58:951	Upload Task event uploaded for counter37
21:35:01:968	Upload Task event uploaded for counter38
21:35:04:986	Upload Task event uploaded for counter41
21:35:08:005	Upload Task event uploaded for counter49
21:35:11:057	Upload Task event uploaded for counter51
21:35:14:071	Upload Task event uploaded for counter54
21:35:17:088	Upload Task event uploaded for counter55
21:35:20:105	Upload Task event uploaded for counter58
21:35:23:121	Upload Task event uploaded for counter59
21:35:26:166	Upload Task event uploaded for counter62
21:35:29:187	Upload Task event uploaded for counter65
21:35:32:204	Upload Task event uploaded for counter66
21:35:35:228	Upload Task event uploaded for counter78
21:35:38:270	Upload Task event uploaded for counter79
21:35:41:298	Upload Task event uploaded for counter80
21:35:44:328	Upload Task event uploaded for counter82
21:35:47:345	Upload Task event uploaded for counter83
21:35:50:364	Upload Task event uploaded for counter84
21:35:53:386	Upload Task event uploaded for counter85
21:35:56:403	Upload Task event uploaded for counter94
21:35:59:422	Upload Task event uploaded for counter95
21:36:02:440	Upload Task event uploaded for counter98
21:36:05:455	Upload Task event uploaded for counter100
21:36:08:469	Upload Task event uploaded for counter1
21:36:11:485	Upload Task event uploaded for counter2
21:36:14:615	Upload Task event uploaded for counter3
21:36:17:649	Upload Task event uploaded for counter5
21:36:20:664	Upload Task event uploaded for counter6
21:36:23:679	Upload Task event uploaded for counter10
21:36:26:710	Upload Task event uploaded for counter12
21:36:29:743	Upload Task event uploaded for counter15
21:36:32:813	Upload Task event uploaded for counter19
21:36:35:829	Upload Task event uploaded for counter24
21:36:38:846	Upload Task event uploaded for counter25
21:36:41:874	Upload Task event uploaded for counter27
21:36:44:893	Upload Task event uploaded for counter30
21:36:47:960	Upload Task event uploaded for counter34
21:36:50:975	Upload Task event uploaded for counter37
21:36:54:000	Upload Task event uploaded for counter38
21:36:57:087	Upload Task event uploaded for counter41
21:37:00:131	Upload Task event uploaded for counter49
21:37:03:151	Upload Task event uploaded for counter51
21:37:06:166	Upload Task event uploaded for counter54
21:37:09:185	Upload Task event uploaded for counter55
21:37:12:201	Upload Task event uploaded for counter56
21:37:15:223	Upload Task event uploaded for counter57
21:37:18:256	Upload Task event uploaded for counter58
21:37:21:274	Upload Task event uploaded for counter59
21:37:24:292	Upload Task event uploaded for counter60
21:37:27:329	Upload Task event uploaded for counter62
21:37:30:704	Upload Task event uploaded for counter65
21:37:33:739	Upload Task event uploaded for counter66
21:37:36:762	Upload Task event uploaded for counter78
21:37:39:818	Upload Task event uploaded for counter79
21:37:42:840	Upload Task event uploaded for counter80
21:37:45:872	Upload Task event uploaded for counter81
21:37:48:893	Upload Task event uploaded for counter82
21:37:51:925	Upload Task event uploaded for counter83
21:37:54:940	Upload Task event uploaded for counter85
21:37:57:957	Upload Task event uploaded for counter86
21:38:00:981	Upload Task event uploaded for counter94
21:38:03:996	Upload Task event uploaded for counter95
21:38:07:078	Upload Task event uploaded for counter98
21:38:10:096	Upload Task event uploaded for counter100
21:38:13:120	Upload Task event uploaded for counter1
21:38:16:141	Upload Task event uploaded for counter2
21:38:19:158	Upload Task event uploaded for counter3
21:38:22:178	Upload Task event uploaded for counter4
21:38:25:207	Upload Task event uploaded for counter5
21:38:28:242	Upload Task event uploaded for counter6
21:38:31:281	Upload Task event uploaded for counter10
21:38:34:296	Upload Task event uploaded for counter12
21:38:37:311	Upload Task event uploaded for counter15
21:38:40:341	Upload Task event uploaded for counter19
21:38:43:360	Upload Task event uploaded for counter24
21:38:46:383	Upload Task event uploaded for counter25
21:38:49:412	Upload Task event uploaded for counter27
21:38:52:481	Upload Task event uploaded for counter30
21:38:55:519	Upload Task event uploaded for counter34
21:38:58:544	Upload Task event uploaded for counter37
21:39:01:575	Upload Task event uploaded for counter38
21:39:04:591	Upload Task event uploaded for counter41
21:39:07:608	Upload Task event uploaded for counter45
21:39:10:663	Upload Task event uploaded for counter49
21:39:13:699	Upload Task event uploaded for counter51
21:39:16:728	Upload Task event uploaded for counter54
21:39:19:802	Upload Task event uploaded for counter55
21:39:22:823	Upload Task event uploaded for counter56
21:39:25:852	Upload Task event uploaded for counter57
21:39:28:869	Upload Task event uploaded for counter59
21:39:31:886	Upload Task event uploaded for counter60
21:39:34:906	Upload Task event uploaded for counter62
21:39:37:922	Upload Task event uploaded for counter65
21:39:40:943	Upload Task event uploaded for counter66
21:39:43:985	Upload Task event uploaded for counter68
21:39:47:010	Upload Task event uploaded for counter78
21:39:50:257	Upload Task event uploaded for counter79
21:39:53:274	Upload Task event uploaded for counter80
21:39:56:305	Upload Task event uploaded for counter81
21:39:59:321	Upload Task event uploaded for counter82
21:40:02:338	Upload Task event uploaded for counter83
21:40:05:354	Upload Task event uploaded for counter85
21:40:08:374	Upload Task event uploaded for counter86
21:40:11:398	Upload Task event uploaded for counter94
21:40:14:415	Upload Task event uploaded for counter95
21:40:17:434	Upload Task event uploaded for counter98
21:40:20:450	Upload Task event uploaded for counter100
21:40:23:465	Upload Task event uploaded for counter1
21:40:26:481	Upload Task event uploaded for counter2
21:40:29:514	Upload Task event uploaded for counter3
21:40:32:528	Upload Task event uploaded for counter4
21:40:35:548	Upload Task event uploaded for counter6
21:40:38:585	Upload Task event uploaded for counter10
21:40:41:625	Upload Task event uploaded for counter12
21:40:44:640	Upload Task event uploaded for counter15
21:40:47:668	Upload Task event uploaded for counter19
21:40:50:683	Upload Task event uploaded for counter24
21:40:53:703	Upload Task event uploaded for counter25
21:40:56:732	Upload Task event uploaded for counter27
21:40:59:758	Upload Task event uploaded for counter34
21:41:02:774	Upload Task event uploaded for counter37
21:41:05:826	Upload Task event uploaded for counter38
21:41:08:850	Upload Task event uploaded for counter41
21:41:11:868	Upload Task event uploaded for counter45
21:41:14:948	Upload Task event uploaded for counter49
21:41:17:969	Upload Task event uploaded for counter51
21:41:20:999	Upload Task event uploaded for counter54
21:41:24:023	Upload Task event uploaded for counter55
21:41:27:047	Upload Task event uploaded for counter56
21:41:30:069	Upload Task event uploaded for counter57
21:41:33:099	Upload Task event uploaded for counter59
21:41:36:145	Upload Task event uploaded for counter60
21:41:39:166	Upload Task event uploaded for counter62
21:41:42:205	Upload Task event uploaded for counter65
21:41:45:220	Upload Task event uploaded for counter68
21:41:48:236	Upload Task event uploaded for counter78
21:41:51:251	Upload Task event uploaded for counter79
21:41:54:300	Upload Task event uploaded for counter80
21:41:57:330	Upload Task event uploaded for counter81
21:42:00:346	Upload Task event uploaded for counter82
21:42:03:363	Upload Task event uploaded for counter83
21:42:06:386	Upload Task event uploaded for counter85
21:42:09:410	Upload Task event uploaded for counter86
21:42:12:431	Upload Task event uploaded for counter93
21:42:15:488	Upload Task event uploaded for counter94
21:42:18:508	Upload Task event uploaded for counter95
21:42:21:540	Upload Task event uploaded for counter98
21:42:24:558	Upload Task event uploaded for counter100
21:42:27:576	Upload Task event uploaded for counter1
21:42:30:607	Upload Task event uploaded for counter2
21:42:33:623	Upload Task event uploaded for counter3
21:42:36:657	Upload Task event uploaded for counter4
21:42:39:674	Upload Task event uploaded for counter6
21:42:42:688	Upload Task event uploaded for counter10
21:42:45:702	Upload Task event uploaded for counter12
21:42:48:716	Upload Task event uploaded for counter15
21:42:51:742	Upload Task event uploaded for counter19
21:42:54:779	Upload Task event uploaded for counter23
21:42:57:794	Upload Task event uploaded for counter24
21:43:00:810	Upload Task event uploaded for counter25
21:43:03:832	Upload Task event uploaded for counter27
21:43:06:847	Upload Task event uploaded for counter30
21:43:09:862	Upload Task event uploaded for counter34
21:43:12:889	Upload Task event uploaded for counter37
21:43:15:906	Upload Task event uploaded for counter38
21:43:18:943	Upload Task event uploaded for counter41
21:43:21:983	Upload Task event uploaded for counter44
21:43:25:005	Upload Task event uploaded for counter45
21:43:28:023	Upload Task event uploaded for counter47
21:43:31:042	Upload Task event uploaded for counter49
21:43:34:060	Upload Task event uploaded for counter51
21:43:37:112	Upload Task event uploaded for counter54
21:43:40:130	Upload Task event uploaded for counter55
21:43:43:152	Upload Task event uploaded for counter56
21:43:46:182	Upload Task event uploaded for counter57
21:43:49:201	Upload Task event uploaded for counter59
21:43:52:232	Upload Task event uploaded for counter60
21:43:55:248	Upload Task event uploaded for counter62
21:43:58:265	Upload Task event uploaded for counter65
21:44:01:286	Upload Task event uploaded for counter68
21:44:04:304	Upload Task event uploaded for counter78
21:44:07:327	Upload Task event uploaded for counter79
21:44:10:343	Upload Task event uploaded for counter80
21:44:13:365	Upload Task event uploaded for counter81
21:44:16:383	Upload Task event uploaded for counter84
21:44:19:402	Upload Task event uploaded for counter85
21:44:22:415	Upload Task event uploaded for counter86
21:44:25:438	Upload Task event uploaded for counter92
21:44:28:455	Upload Task event uploaded for counter93
21:44:31:471	Upload Task event uploaded for counter94
21:44:34:486	Upload Task event uploaded for counter95
21:44:37:504	Upload Task event uploaded for counter98
21:44:40:523	Upload Task event uploaded for counter100
21:44:43:537	Upload Task event uploaded for counter1
21:44:46:570	Upload Task event uploaded for counter2
21:44:49:589	Upload Task event uploaded for counter3
21:44:52:606	Upload Task event uploaded for counter4
21:44:55:621	Upload Task event uploaded for counter6
21:44:58:636	Upload Task event uploaded for counter10
21:45:01:665	Upload Task event uploaded for counter12
21:45:04:683	Upload Task event uploaded for counter15
21:45:07:697	Upload Task event uploaded for counter19
21:45:10:711	Upload Task event uploaded for counter23
21:45:13:730	Upload Task event uploaded for counter24
21:45:16:757	Upload Task event uploaded for counter25
21:45:19:773	Upload Task event uploaded for counter27
21:45:22:792	Upload Task event uploaded for counter28
21:45:25:806	Upload Task event uploaded for counter30
21:45:28:823	Upload Task event uploaded for counter34
21:45:31:869	Upload Task event uploaded for counter37
21:45:34:885	Upload Task event uploaded for counter38
21:45:37:902	Upload Task event uploaded for counter41
21:45:40:917	Upload Task event uploaded for counter44
21:45:43:935	Upload Task event uploaded for counter45
21:45:46:963	Upload Task event uploaded for counter47
21:45:49:984	Upload Task event uploaded for counter49
21:45:53:004	Upload Task event uploaded for counter51
21:45:56:027	Upload Task event uploaded for counter54
21:45:59:045	Upload Task event uploaded for counter55
21:46:02:061	Upload Task event uploaded for counter56
21:46:05:103	Upload Task event uploaded for counter57
21:46:08:120	Upload Task event uploaded for counter59
21:46:11:160	Upload Task event uploaded for counter60
21:46:14:185	Upload Task event uploaded for counter62
21:46:17:201	Upload Task event uploaded for counter64
21:46:20:218	Upload Task event uploaded for counter65
21:46:23:235	Upload Task event uploaded for counter68
21:46:26:252	Upload Task event uploaded for counter78
21:46:29:269	Upload Task event uploaded for counter79
21:46:32:400	Upload Task event uploaded for counter80
21:46:35:417	Upload Task event uploaded for counter81
21:46:38:477	Upload Task event uploaded for counter84
21:46:41:495	Upload Task event uploaded for counter85
21:46:44:511	Upload Task event uploaded for counter86
21:46:47:527	Upload Task event uploaded for counter92
21:46:50:545	Upload Task event uploaded for counter93
21:46:53:562	Upload Task event uploaded for counter94
21:46:56:581	Upload Task event uploaded for counter95
21:46:59:599	Upload Task event uploaded for counter96
21:47:02:617	Upload Task event uploaded for counter98
21:47:05:634	Upload Task event uploaded for counter100
21:47:08:661	Upload Task event uploaded for counter1
21:47:11:678	Upload Task event uploaded for counter2
21:47:14:698	Upload Task event uploaded for counter3
21:47:17:734	Upload Task event uploaded for counter4
21:47:20:758	Upload Task event uploaded for counter10
21:47:23:803	Upload Task event uploaded for counter12
21:47:26:999	Upload Task event uploaded for counter15
21:47:30:019	Upload Task event uploaded for counter16
21:47:33:063	Upload Task event uploaded for counter19
21:47:36:088	Upload Task event uploaded for counter23
21:47:39:116	Upload Task event uploaded for counter24
21:47:42:142	Upload Task event uploaded for counter27
21:47:45:311	Upload Task event uploaded for counter28
21:47:48:608	Upload Task event uploaded for counter30
21:47:51:624	Upload Task event uploaded for counter34
21:47:54:652	Upload Task event uploaded for counter37
21:47:57:664	Upload Task event uploaded for counter38
21:48:00:770	Upload Task event uploaded for counter41
21:48:03:786	Upload Task event uploaded for counter44
21:48:06:808	Upload Task event uploaded for counter45
21:48:09:839	Upload Task event uploaded for counter47
21:48:12:895	Upload Task event uploaded for counter49
21:48:15:908	Upload Task event uploaded for counter51
21:48:18:958	Upload Task event uploaded for counter54
21:48:21:986	Upload Task event uploaded for counter55
21:48:25:021	Upload Task event uploaded for counter56
21:48:28:039	Upload Task event uploaded for counter57
21:48:31:064	Upload Task event uploaded for counter59
21:48:34:127	Upload Task event uploaded for counter60
21:48:37:160	Upload Task event uploaded for counter62
21:48:40:179	Upload Task event uploaded for counter64
21:48:43:253	Upload Task event uploaded for counter65
21:48:46:282	Upload Task event uploaded for counter68
21:48:49:325	Upload Task event uploaded for counter78
21:48:52:340	Upload Task event uploaded for counter79
21:48:55:355	Upload Task event uploaded for counter80
21:48:58:370	Upload Task event uploaded for counter81
21:49:01:387	Upload Task event uploaded for counter84
21:49:04:405	Upload Task event uploaded for counter85
21:49:07:430	Upload Task event uploaded for counter86
21:49:10:449	Upload Task event uploaded for counter87
21:49:13:470	Upload Task event uploaded for counter92
21:49:16:493	Upload Task event uploaded for counter93
21:49:19:513	Upload Task event uploaded for counter94
21:49:22:541	Upload Task event uploaded for counter95
21:49:25:556	Upload Task event uploaded for counter96
21:49:28:624	Upload Task event uploaded for counter98
21:49:31:640	Upload Task event uploaded for counter100
21:49:34:656	Upload Task event uploaded for counter1
21:49:37:680	Upload Task event uploaded for counter2
21:49:40:697	Upload Task event uploaded for counter3
21:49:43:713	Upload Task event uploaded for counter4
21:49:46:755	Upload Task event uploaded for counter6
21:49:49:776	Upload Task event uploaded for counter10
21:49:52:797	Upload Task event uploaded for counter12
21:49:55:814	Upload Task event uploaded for counter15
21:49:58:831	Upload Task event uploaded for counter16
21:50:01:852	Upload Task event uploaded for counter19
21:50:04:871	Upload Task event uploaded for counter23
21:50:07:902	Upload Task event uploaded for counter24
21:50:10:923	Upload Task event uploaded for counter27
21:50:13:936	Upload Task event uploaded for counter28
21:50:16:985	Upload Task event uploaded for counter30
21:50:20:007	Upload Task event uploaded for counter34
21:50:23:028	Upload Task event uploaded for counter37
21:50:26:045	Upload Task event uploaded for counter38
21:50:29:060	Upload Task event uploaded for counter41
21:50:32:074	Upload Task event uploaded for counter44
21:50:35:100	Upload Task event uploaded for counter45
21:50:38:137	Upload Task event uploaded for counter47
21:50:41:173	Upload Task event uploaded for counter49
21:50:44:193	Upload Task event uploaded for counter51
21:50:47:225	Upload Task event uploaded for counter54
21:50:50:285	Upload Task event uploaded for counter56
21:50:53:352	Upload Task event uploaded for counter57
21:50:56:369	Upload Task event uploaded for counter58
21:50:59:700	Upload Task event uploaded for counter59
21:51:02:836	Upload Task event uploaded for counter60
21:51:06:016	Upload Task event uploaded for counter62
21:51:09:058	Upload Task event uploaded for counter64
21:51:12:073	Upload Task event uploaded for counter65
21:51:15:094	Upload Task event uploaded for counter68
21:51:18:108	Upload Task event uploaded for counter78
21:51:21:144	Upload Task event uploaded for counter79
21:51:24:168	Upload Task event uploaded for counter80
21:51:27:184	Upload Task event uploaded for counter81
21:51:30:200	Upload Task event uploaded for counter82
21:51:33:216	Upload Task event uploaded for counter83
21:51:36:235	Upload Task event uploaded for counter84
21:51:39:266	Upload Task event uploaded for counter85
21:51:42:298	Upload Task event uploaded for counter86
21:51:45:336	Upload Task event uploaded for counter87
21:51:48:360	Upload Task event uploaded for counter92
21:51:51:379	Upload Task event uploaded for counter93
21:51:54:404	Upload Task event uploaded for counter94
21:51:57:419	Upload Task event uploaded for counter95
21:52:00:445	Upload Task event uploaded for counter96
21:52:03:466	Upload Task event uploaded for counter98
21:52:06:484	Upload Task event uploaded for counter100
21:52:09:546	Upload Task event uploaded for counter1
21:52:12:571	Upload Task event uploaded for counter2
21:52:15:593	Upload Task event uploaded for counter3
21:52:18:610	Upload Task event uploaded for counter4
21:52:21:636	Upload Task event uploaded for counter6
21:52:24:680	Upload Task event uploaded for counter10
21:52:27:697	Upload Task event uploaded for counter12
21:52:30:723	Upload Task event uploaded for counter15
21:52:33:743	Upload Task event uploaded for counter16
21:52:36:771	Upload Task event uploaded for counter19
21:52:39:799	Upload Task event uploaded for counter23
21:52:42:820	Upload Task event uploaded for counter24
21:52:45:835	Upload Task event uploaded for counter27
21:52:48:849	Upload Task event uploaded for counter28
21:52:51:877	Upload Task event uploaded for counter30
21:52:55:063	Upload Task event uploaded for counter34
21:52:58:086	Upload Task event uploaded for counter36
21:53:01:102	Upload Task event uploaded for counter37
21:53:04:145	Upload Task event uploaded for counter38
21:53:07:190	Upload Task event uploaded for counter41
21:53:10:210	Upload Task event uploaded for counter44
21:53:13:242	Upload Task event uploaded for counter45
21:53:16:263	Upload Task event uploaded for counter47
21:53:19:284	Upload Task event uploaded for counter49
21:53:22:310	Upload Task event uploaded for counter51
21:53:25:324	Upload Task event uploaded for counter54
21:53:28:342	Upload Task event uploaded for counter56
21:53:31:357	Upload Task event uploaded for counter57
21:53:34:380	Upload Task event uploaded for counter58
21:53:37:396	Upload Task event uploaded for counter59
21:53:40:413	Upload Task event uploaded for counter60
21:53:43:447	Upload Task event uploaded for counter62
21:53:46:465	Upload Task event uploaded for counter64
21:53:49:486	Upload Task event uploaded for counter65
21:53:52:512	Upload Task event uploaded for counter66
21:53:55:533	Upload Task event uploaded for counter68
21:53:58:550	Upload Task event uploaded for counter78
21:54:01:568	Upload Task event uploaded for counter79
21:54:04:587	Upload Task event uploaded for counter80
21:54:07:618	Upload Task event uploaded for counter81
21:54:10:635	Upload Task event uploaded for counter82
21:54:13:654	Upload Task event uploaded for counter83
21:54:16:741	Upload Task event uploaded for counter84
21:54:19:783	Upload Task event uploaded for counter85
21:54:22:821	Upload Task event uploaded for counter86
21:54:25:870	Upload Task event uploaded for counter87
21:54:28:891	Upload Task event uploaded for counter92
21:54:31:914	Upload Task event uploaded for counter93
21:54:34:942	Upload Task event uploaded for counter94
21:54:37:969	Upload Task event uploaded for counter95
21:54:41:004	Upload Task event uploaded for counter96
21:54:44:044	Upload Task event uploaded for counter98
21:54:47:070	Upload Task event uploaded for counter1
21:54:50:138	Upload Task event uploaded for counter2
21:54:53:181	Upload Task event uploaded for counter3
21:54:56:265	Upload Task event uploaded for counter4
21:54:59:279	Upload Task event uploaded for counter6
21:55:02:297	Upload Task event uploaded for counter10
21:55:05:318	Upload Task event uploaded for counter12
21:55:08:352	Upload Task event uploaded for counter15
21:55:11:391	Upload Task event uploaded for counter16
21:55:14:594	Upload Task event uploaded for counter19
21:55:17:611	Upload Task event uploaded for counter23
21:55:20:646	Upload Task event uploaded for counter24
21:55:23:690	Upload Task event uploaded for counter25
21:55:26:710	Upload Task event uploaded for counter27
21:55:29:727	Upload Task event uploaded for counter28
21:55:32:759	Upload Task event uploaded for counter30
21:55:35:776	Upload Task event uploaded for counter34
21:55:38:807	Upload Task event uploaded for counter36
21:55:41:869	Upload Task event uploaded for counter37
21:55:44:883	Upload Task event uploaded for counter38
21:55:47:899	Upload Task event uploaded for counter41
21:55:50:973	Upload Task event uploaded for counter42
21:55:53:998	Upload Task event uploaded for counter44
21:55:57:013	Upload Task event uploaded for counter45
21:56:00:032	Upload Task event uploaded for counter47
21:56:03:073	Upload Task event uploaded for counter49
21:56:06:099	Upload Task event uploaded for counter51
21:56:09:126	Upload Task event uploaded for counter54
21:56:12:142	Upload Task event uploaded for counter56
21:56:15:173	Upload Task event uploaded for counter57
21:56:18:205	Upload Task event uploaded for counter58
21:56:21:222	Upload Task event uploaded for counter59
21:56:24:248	Upload Task event uploaded for counter60
21:56:27:270	Upload Task event uploaded for counter62
21:56:30:309	Upload Task event uploaded for counter64
21:56:33:338	Upload Task event uploaded for counter65
21:56:36:354	Upload Task event uploaded for counter66
21:56:39:379	Upload Task event uploaded for counter68
21:56:42:399	Upload Task event uploaded for counter78
21:56:45:415	Upload Task event uploaded for counter79
21:56:48:436	Upload Task event uploaded for counter81
21:56:51:450	Upload Task event uploaded for counter82
21:56:54:468	Upload Task event uploaded for counter83
21:56:57:487	Upload Task event uploaded for counter84
21:57:00:525	Upload Task event uploaded for counter85
21:57:03:645	Upload Task event uploaded for counter86
21:57:06:664	Upload Task event uploaded for counter87
21:57:09:707	Upload Task event uploaded for counter92
21:57:12:723	Upload Task event uploaded for counter93
21:57:15:748	Upload Task event uploaded for counter94
21:57:18:779	Upload Task event uploaded for counter95
21:57:21:813	Upload Task event uploaded for counter96
21:57:24:829	Upload Task event uploaded for counter98
21:57:27:855	Upload Task event uploaded for counter99
21:57:30:874	Upload Task event uploaded for counter1
21:57:33:891	Upload Task event uploaded for counter2
21:57:36:909	Upload Task event uploaded for counter3
21:57:39:933	Upload Task event uploaded for counter4
21:57:42:953	Upload Task event uploaded for counter5
21:57:45:969	Upload Task event uploaded for counter6
21:57:48:991	Upload Task event uploaded for counter10
21:57:52:007	Upload Task event uploaded for counter12
21:57:55:045	Upload Task event uploaded for counter16
21:57:58:073	Upload Task event uploaded for counter23
21:58:01:090	Upload Task event uploaded for counter24
21:58:04:106	Upload Task event uploaded for counter25
21:58:07:123	Upload Task event uploaded for counter26
21:58:10:151	Upload Task event uploaded for counter27
21:58:13:182	Upload Task event uploaded for counter28
21:58:16:196	Upload Task event uploaded for counter30
21:58:19:220	Upload Task event uploaded for counter34
21:58:22:241	Upload Task event uploaded for counter36
21:58:25:261	Upload Task event uploaded for counter37
21:58:28:322	Upload Task event uploaded for counter38
21:58:31:398	Upload Task event uploaded for counter41
21:58:34:428	Upload Task event uploaded for counter42
21:58:37:496	Upload Task event uploaded for counter44
21:58:40:514	Upload Task event uploaded for counter45
21:58:43:539	Upload Task event uploaded for counter47
21:58:46:555	Upload Task event uploaded for counter49
21:58:49:575	Upload Task event uploaded for counter51
21:58:52:597	Upload Task event uploaded for counter54
21:58:55:617	Upload Task event uploaded for counter56
21:58:58:681	Upload Task event uploaded for counter57
21:59:01:698	Upload Task event uploaded for counter58
21:59:04:719	Upload Task event uploaded for counter59
21:59:07:753	Upload Task event uploaded for counter60
21:59:10:768	Upload Task event uploaded for counter62
21:59:13:789	Upload Task event uploaded for counter64
21:59:16:805	Upload Task event uploaded for counter65
21:59:19:826	Upload Task event uploaded for counter66
21:59:22:847	Upload Task event uploaded for counter68
21:59:25:863	Upload Task event uploaded for counter73
21:59:28:884	Upload Task event uploaded for counter78
21:59:31:909	Upload Task event uploaded for counter79
21:59:34:938	Upload Task event uploaded for counter81
21:59:37:999	Upload Task event uploaded for counter82
21:59:41:036	Upload Task event uploaded for counter83
21:59:44:067	Upload Task event uploaded for counter84
21:59:47:087	Upload Task event uploaded for counter85
21:59:50:132	Upload Task event uploaded for counter86
21:59:53:190	Upload Task event uploaded for counter87
21:59:56:211	Upload Task event uploaded for counter92
21:59:59:260	Upload Task event uploaded for counter93
22:00:02:282	Upload Task event uploaded for counter94
22:00:05:373	Upload Task event uploaded for counter95
22:00:08:389	Upload Task event uploaded for counter96
22:00:11:443	Upload Task event uploaded for counter98
22:00:14:459	Upload Task event uploaded for counter99
22:00:17:489	Upload Task event uploaded for counter1
22:00:20:517	Upload Task event uploaded for counter2
22:00:23:536	Upload Task event uploaded for counter3
22:00:26:556	Upload Task event uploaded for counter4
22:00:29:569	Upload Task event uploaded for counter5
22:00:32:606	Upload Task event uploaded for counter6
22:00:35:623	Upload Task event uploaded for counter10
22:00:38:640	Upload Task event uploaded for counter12
22:00:41:661	Upload Task event uploaded for counter16
22:00:44:675	Upload Task event uploaded for counter23
22:00:47:699	Upload Task event uploaded for counter24
22:00:50:721	Upload Task event uploaded for counter25
22:00:53:736	Upload Task event uploaded for counter26
22:00:56:770	Upload Task event uploaded for counter27
22:00:59:799	Upload Task event uploaded for counter28
22:01:02:818	Upload Task event uploaded for counter30
22:01:05:835	Upload Task event uploaded for counter34
22:01:08:853	Upload Task event uploaded for counter36
22:01:11:871	Upload Task event uploaded for counter37
22:01:14:887	Upload Task event uploaded for counter38
22:01:17:906	Upload Task event uploaded for counter41
22:01:20:925	Upload Task event uploaded for counter42
22:01:23:944	Upload Task event uploaded for counter44
22:01:26:965	Upload Task event uploaded for counter45
22:01:29:981	Upload Task event uploaded for counter47
22:01:32:999	Upload Task event uploaded for counter49
22:01:36:015	Upload Task event uploaded for counter51
22:01:39:042	Upload Task event uploaded for counter54
22:01:42:057	Upload Task event uploaded for counter56
22:01:45:074	Upload Task event uploaded for counter57
22:01:48:095	Upload Task event uploaded for counter58
22:01:51:111	Upload Task event uploaded for counter59
22:01:54:136	Upload Task event uploaded for counter60
22:01:57:169	Upload Task event uploaded for counter62
22:02:00:186	Upload Task event uploaded for counter64
22:02:03:202	Upload Task event uploaded for counter65
22:02:06:250	Upload Task event uploaded for counter66
22:02:09:310	Upload Task event uploaded for counter68
22:02:12:341	Upload Task event uploaded for counter73
22:02:15:362	Upload Task event uploaded for counter78
22:02:18:399	Upload Task event uploaded for counter79
22:02:21:438	Upload Task event uploaded for counter81
22:02:24:494	Upload Task event uploaded for counter82
22:02:27:512	Upload Task event uploaded for counter83
22:02:30:548	Upload Task event uploaded for counter84
22:02:33:572	Upload Task event uploaded for counter85
22:02:36:587	Upload Task event uploaded for counter86
22:02:39:607	Upload Task event uploaded for counter87
22:02:42:625	Upload Task event uploaded for counter92
22:02:45:640	Upload Task event uploaded for counter93
22:02:48:685	Upload Task event uploaded for counter94
22:02:51:723	Upload Task event uploaded for counter95
22:02:54:739	Upload Task event uploaded for counter96
22:02:57:756	Upload Task event uploaded for counter98
22:03:00:779	Upload Task event uploaded for counter99
22:03:03:838	Upload Task event uploaded for counter100
22:03:06:866	Upload Task event uploaded for counter1
22:03:09:885	Upload Task event uploaded for counter2
22:03:12:903	Upload Task event uploaded for counter3
22:03:15:919	Upload Task event uploaded for counter4
22:03:18:962	Upload Task event uploaded for counter5
22:03:22:005	Upload Task event uploaded for counter6
22:03:25:020	Upload Task event uploaded for counter10
22:03:28:074	Upload Task event uploaded for counter12
22:03:31:460	Upload Task event uploaded for counter16
22:03:34:479	Upload Task event uploaded for counter23
22:03:37:508	Upload Task event uploaded for counter24
22:03:40:530	Upload Task event uploaded for counter25
22:03:43:609	Upload Task event uploaded for counter26
22:03:46:639	Upload Task event uploaded for counter27
22:03:49:668	Upload Task event uploaded for counter28
22:03:52:718	Upload Task event uploaded for counter30
22:03:55:733	Upload Task event uploaded for counter34
22:03:58:757	Upload Task event uploaded for counter36
