14:16:59:990	Application Starting
14:17:07:257	Upload Task starting
14:17:07:294	Data File: C:\Users\ratella\Source\Repos\SimulatorLight\bin\Release\Data/aircraftdemo_input_v4.csv
14:17:08:448	Upload Task event uploaded for counter1
14:17:21:286	Upload Task event uploaded for counter2
14:17:24:344	Upload Task event uploaded for counter1
14:17:27:399	Upload Task event uploaded for counter2
14:17:30:443	Upload Task event uploaded for counter34
14:17:33:524	Upload Task event uploaded for counter1
14:17:36:574	Upload Task event uploaded for counter2
14:17:39:614	Upload Task event uploaded for counter34
14:17:42:674	Upload Task event uploaded for counter95
14:17:45:728	Upload Task event uploaded for counter1
14:17:48:778	Upload Task event uploaded for counter2
14:17:51:832	Upload Task event uploaded for counter4
14:17:54:872	Upload Task event uploaded for counter34
14:17:57:917	Upload Task event uploaded for counter51
14:18:00:963	Upload Task event uploaded for counter55
14:18:04:025	Upload Task event uploaded for counter95
14:18:07:075	Upload Task event uploaded for counter1
14:18:10:103	Upload Task event uploaded for counter2
14:18:13:164	Upload Task event uploaded for counter4
14:18:16:524	Upload Task event uploaded for counter34
14:18:20:061	Upload Task event uploaded for counter45
14:18:23:094	Upload Task event uploaded for counter51
14:18:26:157	Upload Task event uploaded for counter55
14:18:29:267	Upload Task event uploaded for counter93
14:18:32:291	Upload Task event uploaded for counter94
14:18:35:327	Upload Task event uploaded for counter95
14:18:38:398	Upload Task event uploaded for counter1
14:18:41:426	Upload Task event uploaded for counter2
14:18:44:484	Upload Task event uploaded for counter4
14:18:47:548	Upload Task event uploaded for counter34
14:18:50:588	Upload Task event uploaded for counter45
14:18:53:629	Upload Task event uploaded for counter51
14:18:56:657	Upload Task event uploaded for counter55
14:18:59:689	Upload Task event uploaded for counter93
14:19:02:755	Upload Task event uploaded for counter94
14:19:05:804	Upload Task event uploaded for counter95
14:19:08:886	Upload Task event uploaded for counter1
14:19:11:941	Upload Task event uploaded for counter2
14:19:14:987	Upload Task event uploaded for counter4
14:19:18:021	Upload Task event uploaded for counter34
14:19:21:345	Upload Task event uploaded for counter45
14:19:24:549	Upload Task event uploaded for counter51
14:19:27:607	Upload Task event uploaded for counter55
14:19:30:669	Upload Task event uploaded for counter93
14:19:33:746	Upload Task event uploaded for counter94
14:19:36:800	Upload Task event uploaded for counter95
14:19:39:863	Upload Task event uploaded for counter1
14:19:42:974	Upload Task event uploaded for counter2
14:19:46:090	Upload Task event uploaded for counter4
14:19:49:123	Upload Task event uploaded for counter23
14:19:52:179	Upload Task event uploaded for counter34
14:19:55:222	Upload Task event uploaded for counter41
14:19:58:262	Upload Task event uploaded for counter45
14:20:01:327	Upload Task event uploaded for counter51
14:20:04:375	Upload Task event uploaded for counter55
14:20:07:441	Upload Task event uploaded for counter62
14:20:10:479	Upload Task event uploaded for counter93
14:20:13:530	Upload Task event uploaded for counter94
14:20:16:574	Upload Task event uploaded for counter95
14:20:19:635	Upload Task event uploaded for counter1
14:20:22:682	Upload Task event uploaded for counter2
14:20:25:715	Upload Task event uploaded for counter4
14:20:28:765	Upload Task event uploaded for counter23
14:20:31:859	Upload Task event uploaded for counter34
14:20:34:950	Upload Task event uploaded for counter41
14:20:38:028	Upload Task event uploaded for counter45
14:20:41:072	Upload Task event uploaded for counter51
14:20:44:131	Upload Task event uploaded for counter55
14:20:47:198	Upload Task event uploaded for counter62
14:20:50:268	Upload Task event uploaded for counter79
14:20:53:308	Upload Task event uploaded for counter93
14:20:56:356	Upload Task event uploaded for counter94
14:20:59:459	Upload Task event uploaded for counter95
14:21:02:498	Upload Task event uploaded for counter1
14:21:05:581	Upload Task event uploaded for counter2
14:21:08:638	Upload Task event uploaded for counter4
14:21:11:701	Upload Task event uploaded for counter23
14:21:14:736	Upload Task event uploaded for counter34
14:21:17:970	Upload Task event uploaded for counter41
14:21:21:049	Upload Task event uploaded for counter45
14:21:24:122	Upload Task event uploaded for counter51
14:21:27:231	Upload Task event uploaded for counter55
14:21:30:444	Upload Task event uploaded for counter62
14:21:33:532	Upload Task event uploaded for counter79
14:21:36:560	Upload Task event uploaded for counter84
14:21:39:631	Upload Task event uploaded for counter93
14:21:42:725	Upload Task event uploaded for counter94
14:21:45:794	Upload Task event uploaded for counter95
14:21:48:983	Upload Task event uploaded for counter1
14:21:52:134	Upload Task event uploaded for counter2
14:21:55:286	Upload Task event uploaded for counter4
14:21:58:380	Upload Task event uploaded for counter23
14:22:01:477	Upload Task event uploaded for counter34
14:22:04:554	Upload Task event uploaded for counter41
14:22:07:592	Upload Task event uploaded for counter45
14:22:10:611	Upload Task event uploaded for counter51
14:22:13:650	Upload Task event uploaded for counter55
14:22:16:703	Upload Task event uploaded for counter62
14:22:19:740	Upload Task event uploaded for counter79
14:22:22:778	Upload Task event uploaded for counter84
14:22:25:825	Upload Task event uploaded for counter93
14:22:28:879	Upload Task event uploaded for counter94
14:22:31:952	Upload Task event uploaded for counter95
14:22:35:022	Upload Task event uploaded for counter1
14:22:38:059	Upload Task event uploaded for counter2
14:22:41:241	Upload Task event uploaded for counter4
14:22:44:331	Upload Task event uploaded for counter23
14:22:47:535	Upload Task event uploaded for counter34
14:22:50:576	Upload Task event uploaded for counter41
14:22:53:611	Upload Task event uploaded for counter45
14:22:56:730	Upload Task event uploaded for counter47
14:22:59:782	Upload Task event uploaded for counter51
14:23:02:803	Upload Task event uploaded for counter55
14:23:05:840	Upload Task event uploaded for counter59
14:23:08:893	Upload Task event uploaded for counter62
14:23:11:961	Upload Task event uploaded for counter79
14:23:15:009	Upload Task event uploaded for counter84
14:23:18:178	Upload Task event uploaded for counter93
14:23:21:297	Upload Task event uploaded for counter94
14:23:24:339	Upload Task event uploaded for counter95
14:23:27:484	Upload Task event uploaded for counter1
14:23:30:570	Upload Task event uploaded for counter2
14:23:33:734	Upload Task event uploaded for counter4
14:23:36:808	Upload Task event uploaded for counter23
14:23:39:874	Upload Task event uploaded for counter34
14:23:42:925	Upload Task event uploaded for counter41
14:23:45:999	Upload Task event uploaded for counter45
14:23:49:080	Upload Task event uploaded for counter47
14:23:52:185	Upload Task event uploaded for counter51
14:23:55:218	Upload Task event uploaded for counter55
14:23:58:288	Upload Task event uploaded for counter56
14:24:01:320	Upload Task event uploaded for counter59
14:24:04:384	Upload Task event uploaded for counter62
14:24:07:516	Upload Task event uploaded for counter79
14:24:10:608	Upload Task event uploaded for counter84
14:24:13:666	Upload Task event uploaded for counter93
14:24:16:711	Upload Task event uploaded for counter94
14:24:19:759	Upload Task event uploaded for counter95
14:24:22:836	Upload Task event uploaded for counter1
14:24:25:901	Upload Task event uploaded for counter2
14:24:29:089	Upload Task event uploaded for counter23
14:24:32:181	Upload Task event uploaded for counter34
14:24:35:360	Upload Task event uploaded for counter41
14:24:38:442	Upload Task event uploaded for counter45
14:24:41:642	Upload Task event uploaded for counter47
14:24:44:733	Upload Task event uploaded for counter51
14:24:47:799	Upload Task event uploaded for counter55
14:24:50:868	Upload Task event uploaded for counter56
14:24:53:956	Upload Task event uploaded for counter59
14:24:56:996	Upload Task event uploaded for counter62
14:25:00:080	Upload Task event uploaded for counter79
14:25:03:135	Upload Task event uploaded for counter84
14:25:06:186	Upload Task event uploaded for counter93
14:25:09:229	Upload Task event uploaded for counter94
14:25:12:338	Upload Task event uploaded for counter95
14:25:15:430	Upload Task event uploaded for counter1
14:25:18:476	Upload Task event uploaded for counter2
14:25:21:553	Upload Task event uploaded for counter4
14:25:24:672	Upload Task event uploaded for counter23
14:25:27:703	Upload Task event uploaded for counter34
14:25:30:786	Upload Task event uploaded for counter41
14:25:33:844	Upload Task event uploaded for counter45
14:25:36:961	Upload Task event uploaded for counter47
14:25:40:091	Upload Task event uploaded for counter51
14:25:43:152	Upload Task event uploaded for counter55
14:25:46:228	Upload Task event uploaded for counter56
14:25:49:270	Upload Task event uploaded for counter59
14:25:52:308	Upload Task event uploaded for counter62
14:25:55:437	Upload Task event uploaded for counter79
14:25:58:510	Upload Task event uploaded for counter84
14:26:01:648	Upload Task event uploaded for counter93
14:26:04:778	Upload Task event uploaded for counter94
14:26:07:817	Upload Task event uploaded for counter95
14:26:10:898	Upload Task event uploaded for counter1
14:26:13:929	Upload Task event uploaded for counter2
14:26:16:964	Upload Task event uploaded for counter4
14:26:20:042	Upload Task event uploaded for counter15
14:26:23:068	Upload Task event uploaded for counter23
14:26:26:175	Upload Task event uploaded for counter34
14:26:29:235	Upload Task event uploaded for counter41
14:26:32:294	Upload Task event uploaded for counter45
14:26:35:350	Upload Task event uploaded for counter47
14:26:38:377	Upload Task event uploaded for counter51
14:26:41:445	Upload Task event uploaded for counter55
14:26:44:485	Upload Task event uploaded for counter56
14:26:47:594	Upload Task event uploaded for counter58
14:26:50:625	Upload Task event uploaded for counter59
14:26:53:733	Upload Task event uploaded for counter62
14:26:56:762	Upload Task event uploaded for counter84
14:26:59:818	Upload Task event uploaded for counter92
14:27:02:867	Upload Task event uploaded for counter93
14:27:05:921	Upload Task event uploaded for counter94
14:27:08:963	Upload Task event uploaded for counter95
14:27:12:059	Upload Task event uploaded for counter1
14:27:15:104	Upload Task event uploaded for counter2
14:27:18:168	Upload Task event uploaded for counter4
14:27:21:221	Upload Task event uploaded for counter15
14:27:24:286	Upload Task event uploaded for counter23
14:27:27:352	Upload Task event uploaded for counter34
14:27:30:387	Upload Task event uploaded for counter41
14:27:33:438	Upload Task event uploaded for counter45
14:27:36:485	Upload Task event uploaded for counter47
14:27:39:526	Upload Task event uploaded for counter51
14:27:42:680	Upload Task event uploaded for counter54
14:27:45:759	Upload Task event uploaded for counter55
14:27:48:840	Upload Task event uploaded for counter56
14:27:51:871	Upload Task event uploaded for counter58
14:27:54:965	Upload Task event uploaded for counter59
14:27:57:995	Upload Task event uploaded for counter62
14:28:01:061	Upload Task event uploaded for counter84
14:28:04:100	Upload Task event uploaded for counter92
14:28:07:210	Upload Task event uploaded for counter93
14:28:10:255	Upload Task event uploaded for counter94
14:28:13:292	Upload Task event uploaded for counter95
14:28:16:338	Upload Task event uploaded for counter1
14:28:19:382	Upload Task event uploaded for counter2
14:28:22:445	Upload Task event uploaded for counter4
14:28:25:577	Upload Task event uploaded for counter15
14:28:28:691	Upload Task event uploaded for counter23
14:28:31:718	Upload Task event uploaded for counter27
14:28:34:785	Upload Task event uploaded for counter34
14:28:37:874	Upload Task event uploaded for counter41
14:28:40:949	Upload Task event uploaded for counter45
14:28:43:977	Upload Task event uploaded for counter47
14:28:47:055	Upload Task event uploaded for counter51
14:28:50:173	Upload Task event uploaded for counter54
14:28:53:263	Upload Task event uploaded for counter55
14:28:56:309	Upload Task event uploaded for counter56
14:28:59:450	Upload Task event uploaded for counter58
14:29:02:599	Upload Task event uploaded for counter59
14:29:05:633	Upload Task event uploaded for counter62
14:29:08:670	Upload Task event uploaded for counter84
14:29:11:808	Upload Task event uploaded for counter92
14:29:14:891	Upload Task event uploaded for counter93
14:29:17:942	Upload Task event uploaded for counter94
14:29:21:004	Upload Task event uploaded for counter95
14:29:24:106	Upload Task event uploaded for counter1
14:29:27:175	Upload Task event uploaded for counter2
14:29:30:292	Upload Task event uploaded for counter4
14:29:33:451	Upload Task event uploaded for counter15
14:29:36:577	Upload Task event uploaded for counter23
14:29:39:697	Upload Task event uploaded for counter27
14:29:42:755	Upload Task event uploaded for counter28
14:29:45:874	Upload Task event uploaded for counter34
14:29:49:050	Upload Task event uploaded for counter41
14:29:52:213	Upload Task event uploaded for counter45
14:29:55:284	Upload Task event uploaded for counter47
14:29:58:313	Upload Task event uploaded for counter51
14:30:01:414	Upload Task event uploaded for counter54
14:30:04:451	Upload Task event uploaded for counter55
14:30:07:494	Upload Task event uploaded for counter56
14:30:10:540	Upload Task event uploaded for counter58
14:30:13:614	Upload Task event uploaded for counter59
14:30:16:794	Upload Task event uploaded for counter62
14:30:19:842	Upload Task event uploaded for counter84
14:30:22:905	Upload Task event uploaded for counter92
14:30:25:941	Upload Task event uploaded for counter93
14:30:28:977	Upload Task event uploaded for counter94
14:30:32:021	Upload Task event uploaded for counter95
14:30:35:065	Upload Task event uploaded for counter1
14:30:38:185	Upload Task event uploaded for counter2
14:30:41:234	Upload Task event uploaded for counter4
14:30:44:334	Upload Task event uploaded for counter15
14:30:47:385	Upload Task event uploaded for counter23
14:30:50:432	Upload Task event uploaded for counter27
14:30:53:469	Upload Task event uploaded for counter28
14:30:56:503	Upload Task event uploaded for counter34
14:30:59:559	Upload Task event uploaded for counter41
14:31:02:633	Upload Task event uploaded for counter45
14:31:05:801	Upload Task event uploaded for counter47
14:31:08:939	Upload Task event uploaded for counter51
14:31:11:995	Upload Task event uploaded for counter54
14:31:15:093	Upload Task event uploaded for counter55
14:31:18:143	Upload Task event uploaded for counter56
14:31:21:188	Upload Task event uploaded for counter58
14:31:24:221	Upload Task event uploaded for counter59
14:31:27:379	Upload Task event uploaded for counter62
14:31:30:433	Upload Task event uploaded for counter84
14:31:33:602	Upload Task event uploaded for counter92
14:31:36:639	Upload Task event uploaded for counter93
14:31:39:804	Upload Task event uploaded for counter94
14:31:42:899	Upload Task event uploaded for counter95
14:31:45:959	Upload Task event uploaded for counter1
14:31:49:058	Upload Task event uploaded for counter2
14:31:52:235	Upload Task event uploaded for counter4
14:31:55:432	Upload Task event uploaded for counter15
14:31:58:484	Upload Task event uploaded for counter23
14:32:01:663	Upload Task event uploaded for counter27
14:32:04:803	Upload Task event uploaded for counter28
14:32:07:930	Upload Task event uploaded for counter34
14:32:11:089	Upload Task event uploaded for counter36
14:32:14:179	Upload Task event uploaded for counter41
14:32:17:269	Upload Task event uploaded for counter44
14:32:20:344	Upload Task event uploaded for counter45
14:32:23:607	Upload Task event uploaded for counter47
14:32:26:693	Upload Task event uploaded for counter51
14:32:29:735	Upload Task event uploaded for counter54
14:32:32:805	Upload Task event uploaded for counter55
14:32:35:923	Upload Task event uploaded for counter56
14:32:39:039	Upload Task event uploaded for counter58
14:32:42:110	Upload Task event uploaded for counter59
14:32:45:165	Upload Task event uploaded for counter62
14:32:48:235	Upload Task event uploaded for counter79
14:32:51:285	Upload Task event uploaded for counter80
14:32:54:333	Upload Task event uploaded for counter84
14:32:57:687	Upload Task event uploaded for counter92
14:33:00:834	Upload Task event uploaded for counter93
14:33:04:384	Upload Task event uploaded for counter94
14:33:07:444	Upload Task event uploaded for counter95
14:33:10:609	Upload Task event uploaded for counter1
14:33:13:743	Upload Task event uploaded for counter2
14:33:16:795	Upload Task event uploaded for counter4
14:33:19:875	Upload Task event uploaded for counter15
14:33:23:026	Upload Task event uploaded for counter23
14:33:26:078	Upload Task event uploaded for counter27
14:33:29:177	Upload Task event uploaded for counter28
14:33:32:205	Upload Task event uploaded for counter34
14:33:35:289	Upload Task event uploaded for counter36
14:33:38:393	Upload Task event uploaded for counter41
14:33:41:451	Upload Task event uploaded for counter44
14:33:44:504	Upload Task event uploaded for counter45
14:33:47:580	Upload Task event uploaded for counter47
14:33:50:629	Upload Task event uploaded for counter51
14:33:53:735	Upload Task event uploaded for counter54
14:33:56:801	Upload Task event uploaded for counter55
14:33:59:942	Upload Task event uploaded for counter56
14:34:02:988	Upload Task event uploaded for counter58
14:34:06:117	Upload Task event uploaded for counter59
14:34:09:276	Upload Task event uploaded for counter62
14:34:12:353	Upload Task event uploaded for counter79
14:34:15:465	Upload Task event uploaded for counter80
14:34:18:624	Upload Task event uploaded for counter84
14:34:21:679	Upload Task event uploaded for counter92
14:34:24:760	Upload Task event uploaded for counter93
14:34:27:786	Upload Task event uploaded for counter94
14:34:30:843	Upload Task event uploaded for counter95
14:34:34:097	Upload Task event uploaded for counter1
14:34:37:366	Upload Task event uploaded for counter2
14:34:40:485	Upload Task event uploaded for counter4
14:34:43:670	Upload Task event uploaded for counter15
14:34:46:740	Upload Task event uploaded for counter19
14:34:49:836	Upload Task event uploaded for counter23
14:34:52:865	Upload Task event uploaded for counter27
14:34:56:068	Upload Task event uploaded for counter28
14:34:59:135	Upload Task event uploaded for counter34
14:35:02:192	Upload Task event uploaded for counter36
14:35:05:218	Upload Task event uploaded for counter41
14:35:08:255	Upload Task event uploaded for counter44
14:35:11:288	Upload Task event uploaded for counter45
14:35:14:330	Upload Task event uploaded for counter47
14:35:17:385	Upload Task event uploaded for counter51
14:35:20:429	Upload Task event uploaded for counter54
14:35:23:500	Upload Task event uploaded for counter55
14:35:26:530	Upload Task event uploaded for counter56
14:35:29:581	Upload Task event uploaded for counter58
14:35:32:624	Upload Task event uploaded for counter59
14:35:35:681	Upload Task event uploaded for counter62
14:35:38:814	Upload Task event uploaded for counter68
14:35:41:890	Upload Task event uploaded for counter79
14:35:44:961	Upload Task event uploaded for counter80
14:35:48:096	Upload Task event uploaded for counter84
14:35:51:154	Upload Task event uploaded for counter92
14:35:54:309	Upload Task event uploaded for counter93
14:35:57:389	Upload Task event uploaded for counter94
14:36:00:431	Upload Task event uploaded for counter95
14:36:03:467	Upload Task event uploaded for counter1
14:36:06:529	Upload Task event uploaded for counter2
14:36:09:604	Upload Task event uploaded for counter4
14:36:12:773	Upload Task event uploaded for counter15
14:36:16:020	Upload Task event uploaded for counter19
14:36:19:058	Upload Task event uploaded for counter23
14:36:22:162	Upload Task event uploaded for counter27
14:36:25:273	Upload Task event uploaded for counter28
14:36:28:373	Upload Task event uploaded for counter34
14:36:31:460	Upload Task event uploaded for counter36
14:36:34:512	Upload Task event uploaded for counter41
14:36:37:577	Upload Task event uploaded for counter44
14:36:40:678	Upload Task event uploaded for counter45
14:36:43:759	Upload Task event uploaded for counter47
14:36:46:812	Upload Task event uploaded for counter51
14:36:49:938	Upload Task event uploaded for counter54
14:36:53:030	Upload Task event uploaded for counter55
14:36:56:099	Upload Task event uploaded for counter56
14:36:59:149	Upload Task event uploaded for counter58
14:37:02:299	Upload Task event uploaded for counter59
14:37:05:423	Upload Task event uploaded for counter62
14:37:08:477	Upload Task event uploaded for counter68
14:37:11:627	Upload Task event uploaded for counter79
14:37:14:733	Upload Task event uploaded for counter80
14:37:17:893	Upload Task event uploaded for counter84
14:37:20:939	Upload Task event uploaded for counter92
14:37:23:996	Upload Task event uploaded for counter93
14:37:27:061	Upload Task event uploaded for counter94
14:37:30:106	Upload Task event uploaded for counter95
14:37:33:237	Upload Task event uploaded for counter1
14:37:36:396	Upload Task event uploaded for counter2
14:37:39:639	Upload Task event uploaded for counter4
14:37:42:673	Upload Task event uploaded for counter15
14:37:45:701	Upload Task event uploaded for counter19
14:37:48:736	Upload Task event uploaded for counter23
14:37:51:847	Upload Task event uploaded for counter27
14:37:54:962	Upload Task event uploaded for counter28
14:37:58:003	Upload Task event uploaded for counter34
14:38:01:086	Upload Task event uploaded for counter36
14:38:04:133	Upload Task event uploaded for counter41
14:38:07:220	Upload Task event uploaded for counter44
14:38:10:267	Upload Task event uploaded for counter45
14:38:13:318	Upload Task event uploaded for counter47
14:38:16:373	Upload Task event uploaded for counter51
14:38:19:442	Upload Task event uploaded for counter54
14:38:22:483	Upload Task event uploaded for counter55
14:38:25:513	Upload Task event uploaded for counter56
14:38:28:571	Upload Task event uploaded for counter58
14:38:31:607	Upload Task event uploaded for counter59
14:38:34:653	Upload Task event uploaded for counter62
14:38:37:692	Upload Task event uploaded for counter68
14:38:40:734	Upload Task event uploaded for counter79
14:38:43:779	Upload Task event uploaded for counter80
14:38:46:833	Upload Task event uploaded for counter84
14:38:49:903	Upload Task event uploaded for counter92
14:38:52:941	Upload Task event uploaded for counter93
14:38:55:985	Upload Task event uploaded for counter94
14:38:59:081	Upload Task event uploaded for counter95
14:39:02:127	Upload Task event uploaded for counter100
14:39:05:159	Upload Task event uploaded for counter1
14:39:08:205	Upload Task event uploaded for counter2
14:39:11:259	Upload Task event uploaded for counter4
14:39:14:288	Upload Task event uploaded for counter15
14:39:17:347	Upload Task event uploaded for counter19
14:39:20:400	Upload Task event uploaded for counter23
14:39:23:455	Upload Task event uploaded for counter27
14:39:26:483	Upload Task event uploaded for counter28
14:39:29:614	Upload Task event uploaded for counter34
14:39:32:680	Upload Task event uploaded for counter36
14:39:35:810	Upload Task event uploaded for counter38
14:39:38:923	Upload Task event uploaded for counter41
14:39:41:958	Upload Task event uploaded for counter44
14:39:45:034	Upload Task event uploaded for counter45
14:39:48:144	Upload Task event uploaded for counter47
14:39:51:190	Upload Task event uploaded for counter51
14:39:54:228	Upload Task event uploaded for counter55
14:39:57:339	Upload Task event uploaded for counter56
14:40:00:377	Upload Task event uploaded for counter58
14:40:03:409	Upload Task event uploaded for counter59
14:40:06:459	Upload Task event uploaded for counter68
14:40:09:483	Upload Task event uploaded for counter79
14:40:12:515	Upload Task event uploaded for counter80
14:40:15:557	Upload Task event uploaded for counter84
14:40:18:585	Upload Task event uploaded for counter92
14:40:21:635	Upload Task event uploaded for counter93
14:40:24:714	Upload Task event uploaded for counter94
14:40:27:787	Upload Task event uploaded for counter95
14:40:30:816	Upload Task event uploaded for counter100
14:40:33:865	Upload Task event uploaded for counter1
14:40:36:916	Upload Task event uploaded for counter2
14:40:39:994	Upload Task event uploaded for counter4
14:40:43:047	Upload Task event uploaded for counter15
14:40:46:102	Upload Task event uploaded for counter19
14:40:49:135	Upload Task event uploaded for counter23
14:40:52:182	Upload Task event uploaded for counter27
14:40:55:217	Upload Task event uploaded for counter28
14:40:58:382	Upload Task event uploaded for counter34
14:41:01:432	Upload Task event uploaded for counter38
14:41:04:468	Upload Task event uploaded for counter41
14:41:07:501	Upload Task event uploaded for counter44
14:41:10:547	Upload Task event uploaded for counter45
14:41:13:611	Upload Task event uploaded for counter47
14:41:16:724	Upload Task event uploaded for counter51
14:41:19:871	Upload Task event uploaded for counter56
14:41:22:904	Upload Task event uploaded for counter58
14:41:26:022	Upload Task event uploaded for counter59
14:41:29:062	Upload Task event uploaded for counter60
14:41:32:376	Upload Task event uploaded for counter68
14:41:35:753	Upload Task event uploaded for counter79
14:41:38:829	Upload Task event uploaded for counter80
14:41:41:902	Upload Task event uploaded for counter84
14:41:44:945	Upload Task event uploaded for counter92
14:41:48:033	Upload Task event uploaded for counter93
14:41:51:139	Upload Task event uploaded for counter94
14:41:54:279	Upload Task event uploaded for counter95
14:41:57:440	Upload Task event uploaded for counter100
14:42:00:567	Upload Task event uploaded for counter1
14:42:03:767	Upload Task event uploaded for counter2
14:42:06:835	Upload Task event uploaded for counter4
14:42:09:868	Upload Task event uploaded for counter15
14:42:12:990	Upload Task event uploaded for counter19
14:42:16:197	Upload Task event uploaded for counter23
14:42:19:254	Upload Task event uploaded for counter27
14:42:22:346	Upload Task event uploaded for counter28
14:42:25:471	Upload Task event uploaded for counter34
14:42:28:527	Upload Task event uploaded for counter38
14:42:31:573	Upload Task event uploaded for counter41
14:42:34:627	Upload Task event uploaded for counter44
14:42:37:655	Upload Task event uploaded for counter45
14:42:40:713	Upload Task event uploaded for counter47
14:42:43:756	Upload Task event uploaded for counter51
14:42:46:808	Upload Task event uploaded for counter56
14:42:49:884	Upload Task event uploaded for counter58
14:42:52:926	Upload Task event uploaded for counter59
14:42:55:974	Upload Task event uploaded for counter60
14:42:59:025	Upload Task event uploaded for counter68
14:43:02:057	Upload Task event uploaded for counter79
14:43:05:135	Upload Task event uploaded for counter80
14:43:08:174	Upload Task event uploaded for counter84
14:43:11:249	Upload Task event uploaded for counter92
14:43:14:276	Upload Task event uploaded for counter93
14:43:17:375	Upload Task event uploaded for counter94
14:43:20:511	Upload Task event uploaded for counter95
14:43:23:576	Upload Task event uploaded for counter100
14:43:26:676	Upload Task event uploaded for counter1
14:43:29:762	Upload Task event uploaded for counter2
14:43:32:823	Upload Task event uploaded for counter4
14:43:35:894	Upload Task event uploaded for counter15
14:43:39:029	Upload Task event uploaded for counter19
14:43:42:110	Upload Task event uploaded for counter23
14:43:45:764	Upload Task event uploaded for counter27
14:43:48:855	Upload Task event uploaded for counter28
14:43:52:016	Upload Task event uploaded for counter34
14:43:55:135	Upload Task event uploaded for counter37
14:43:58:178	Upload Task event uploaded for counter38
14:44:01:222	Upload Task event uploaded for counter41
14:44:04:255	Upload Task event uploaded for counter44
14:44:07:291	Upload Task event uploaded for counter45
14:44:10:372	Upload Task event uploaded for counter47
14:44:13:661	Upload Task event uploaded for counter51
14:44:16:696	Upload Task event uploaded for counter55
14:44:19:786	Upload Task event uploaded for counter56
14:44:22:900	Upload Task event uploaded for counter58
14:44:25:981	Upload Task event uploaded for counter59
14:44:29:128	Upload Task event uploaded for counter60
14:44:32:334	Upload Task event uploaded for counter68
14:44:35:509	Upload Task event uploaded for counter79
14:44:38:672	Upload Task event uploaded for counter80
14:44:41:752	Upload Task event uploaded for counter84
14:44:44:782	Upload Task event uploaded for counter92
14:44:47:812	Upload Task event uploaded for counter93
14:44:50:901	Upload Task event uploaded for counter100
14:44:53:935	Upload Task event uploaded for counter1
14:44:56:967	Upload Task event uploaded for counter2
14:45:00:223	Upload Task event uploaded for counter4
14:45:03:251	Upload Task event uploaded for counter15
14:45:06:359	Upload Task event uploaded for counter19
14:45:09:411	Upload Task event uploaded for counter25
14:45:12:449	Upload Task event uploaded for counter27
14:45:15:555	Upload Task event uploaded for counter28
14:45:18:607	Upload Task event uploaded for counter34
14:45:21:708	Upload Task event uploaded for counter37
14:45:24:767	Upload Task event uploaded for counter38
14:45:27:849	Upload Task event uploaded for counter41
14:45:30:890	Upload Task event uploaded for counter44
14:45:33:937	Upload Task event uploaded for counter45
14:45:37:005	Upload Task event uploaded for counter47
14:45:40:041	Upload Task event uploaded for counter51
14:45:43:090	Upload Task event uploaded for counter55
14:45:46:119	Upload Task event uploaded for counter56
14:45:49:155	Upload Task event uploaded for counter58
14:45:52:200	Upload Task event uploaded for counter59
14:45:55:244	Upload Task event uploaded for counter60
14:45:58:287	Upload Task event uploaded for counter68
14:46:01:322	Upload Task event uploaded for counter79
14:46:04:383	Upload Task event uploaded for counter80
14:46:07:426	Upload Task event uploaded for counter84
14:46:10:498	Upload Task event uploaded for counter92
14:46:13:542	Upload Task event uploaded for counter93
14:46:16:592	Upload Task event uploaded for counter100
14:46:19:691	Upload Task event uploaded for counter1
14:46:22:897	Upload Task event uploaded for counter2
14:46:25:941	Upload Task event uploaded for counter4
14:46:28:988	Upload Task event uploaded for counter15
14:46:32:055	Upload Task event uploaded for counter19
14:46:35:109	Upload Task event uploaded for counter24
14:46:38:242	Upload Task event uploaded for counter25
14:46:41:294	Upload Task event uploaded for counter27
14:46:44:661	Upload Task event uploaded for counter28
14:46:47:809	Upload Task event uploaded for counter34
14:46:50:883	Upload Task event uploaded for counter37
14:46:53:944	Upload Task event uploaded for counter38
14:46:57:000	Upload Task event uploaded for counter44
14:47:00:059	Upload Task event uploaded for counter45
14:47:03:109	Upload Task event uploaded for counter47
14:47:06:146	Upload Task event uploaded for counter51
14:47:09:213	Upload Task event uploaded for counter55
14:47:12:306	Upload Task event uploaded for counter56
14:47:15:440	Upload Task event uploaded for counter57
14:47:18:489	Upload Task event uploaded for counter58
14:47:21:526	Upload Task event uploaded for counter59
14:47:24:571	Upload Task event uploaded for counter60
14:47:27:626	Upload Task event uploaded for counter68
14:47:30:679	Upload Task event uploaded for counter79
14:47:33:712	Upload Task event uploaded for counter80
14:47:36:872	Upload Task event uploaded for counter83
14:47:39:924	Upload Task event uploaded for counter84
14:47:43:048	Upload Task event uploaded for counter92
14:47:46:153	Upload Task event uploaded for counter93
14:47:49:257	Upload Task event uploaded for counter100
14:47:52:301	Upload Task event uploaded for counter1
14:47:55:368	Upload Task event uploaded for counter2
14:47:58:425	Upload Task event uploaded for counter3
14:48:01:514	Upload Task event uploaded for counter4
14:48:04:567	Upload Task event uploaded for counter15
14:48:07:641	Upload Task event uploaded for counter19
14:48:10:689	Upload Task event uploaded for counter24
14:48:13:765	Upload Task event uploaded for counter25
14:48:16:875	Upload Task event uploaded for counter27
14:48:19:971	Upload Task event uploaded for counter28
14:48:23:090	Upload Task event uploaded for counter34
14:48:26:150	Upload Task event uploaded for counter36
14:48:29:259	Upload Task event uploaded for counter37
14:48:32:321	Upload Task event uploaded for counter38
14:48:35:379	Upload Task event uploaded for counter44
14:48:38:474	Upload Task event uploaded for counter45
14:48:41:517	Upload Task event uploaded for counter47
14:48:44:591	Upload Task event uploaded for counter51
14:48:47:647	Upload Task event uploaded for counter55
14:48:50:766	Upload Task event uploaded for counter56
14:48:53:809	Upload Task event uploaded for counter57
14:48:56:859	Upload Task event uploaded for counter58
14:48:59:945	Upload Task event uploaded for counter59
14:49:03:057	Upload Task event uploaded for counter60
14:49:06:140	Upload Task event uploaded for counter68
14:49:09:208	Upload Task event uploaded for counter79
14:49:12:280	Upload Task event uploaded for counter80
14:49:15:354	Upload Task event uploaded for counter83
14:49:18:529	Upload Task event uploaded for counter84
14:49:21:591	Upload Task event uploaded for counter92
14:49:24:675	Upload Task event uploaded for counter93
14:49:27:726	Upload Task event uploaded for counter100
14:49:30:819	Upload Task event uploaded for counter2
14:49:33:898	Upload Task event uploaded for counter3
14:49:36:961	Upload Task event uploaded for counter4
14:49:40:071	Upload Task event uploaded for counter15
14:49:43:164	Upload Task event uploaded for counter19
14:49:46:214	Upload Task event uploaded for counter24
14:49:49:298	Upload Task cancellation request
14:49:49:361	Upload Task completed
